[0.408s] Invoking command in '/home/hexmovr02/hexmovr_manager/src/hexmovr_moto_manager': PYTHONPATH=/home/hexmovr02/hexmovr_manager/build/hexmovr_moto_manager/prefix_override:/usr/lib/python3/dist-packages/colcon_core/task/python/colcon_distutils_commands:/home/hexmovr02/hexmovr_manager/install/hexmovr_moto_manager/lib/python3.10/site-packages:${PYTHONPATH} /usr/bin/python3 -W ignore:setup.py install is deprecated -W ignore:easy_install command is deprecated setup.py egg_info --egg-base ../../build/hexmovr_moto_manager build --build-base /home/hexmovr02/hexmovr_manager/build/hexmovr_moto_manager/build install --record /home/hexmovr02/hexmovr_manager/build/hexmovr_moto_manager/install.log --single-version-externally-managed install_data
[0.561s] running egg_info
[0.561s] writing ../../build/hexmovr_moto_manager/hexmovr_moto_manager.egg-info/PKG-INFO
[0.561s] writing dependency_links to ../../build/hexmovr_moto_manager/hexmovr_moto_manager.egg-info/dependency_links.txt
[0.561s] writing entry points to ../../build/hexmovr_moto_manager/hexmovr_moto_manager.egg-info/entry_points.txt
[0.561s] writing requirements to ../../build/hexmovr_moto_manager/hexmovr_moto_manager.egg-info/requires.txt
[0.561s] writing top-level names to ../../build/hexmovr_moto_manager/hexmovr_moto_manager.egg-info/top_level.txt
[0.563s] reading manifest file '../../build/hexmovr_moto_manager/hexmovr_moto_manager.egg-info/SOURCES.txt'
[0.563s] writing manifest file '../../build/hexmovr_moto_manager/hexmovr_moto_manager.egg-info/SOURCES.txt'
[0.563s] running build
[0.563s] running build_py
[0.564s] running install
[0.564s] running install_lib
[0.564s] running install_data
[0.565s] running install_egg_info
[0.566s] removing '/home/hexmovr02/hexmovr_manager/install/hexmovr_moto_manager/lib/python3.10/site-packages/hexmovr_moto_manager-0.0.0-py3.10.egg-info' (and everything under it)
[0.566s] Copying ../../build/hexmovr_moto_manager/hexmovr_moto_manager.egg-info to /home/hexmovr02/hexmovr_manager/install/hexmovr_moto_manager/lib/python3.10/site-packages/hexmovr_moto_manager-0.0.0-py3.10.egg-info
[0.566s] running install_scripts
[0.579s] Installing moto_scaner script to /home/hexmovr02/hexmovr_manager/install/hexmovr_moto_manager/lib/hexmovr_moto_manager
[0.579s] writing list of installed files to '/home/hexmovr02/hexmovr_manager/build/hexmovr_moto_manager/install.log'
[0.593s] Invoked command in '/home/hexmovr02/hexmovr_manager/src/hexmovr_moto_manager' returned '0': PYTHONPATH=/home/hexmovr02/hexmovr_manager/build/hexmovr_moto_manager/prefix_override:/usr/lib/python3/dist-packages/colcon_core/task/python/colcon_distutils_commands:/home/hexmovr02/hexmovr_manager/install/hexmovr_moto_manager/lib/python3.10/site-packages:${PYTHONPATH} /usr/bin/python3 -W ignore:setup.py install is deprecated -W ignore:easy_install command is deprecated setup.py egg_info --egg-base ../../build/hexmovr_moto_manager build --build-base /home/hexmovr02/hexmovr_manager/build/hexmovr_moto_manager/build install --record /home/hexmovr02/hexmovr_manager/build/hexmovr_moto_manager/install.log --single-version-externally-managed install_data
