[0.007s] Invoking command in '/home/hexmovr02/hexmovr_manager/build/hexmovr_moto_panel': CMAKE_PREFIX_PATH=/opt/ros/humble /usr/bin/cmake /home/hexmovr02/hexmovr_manager/src/hexmovr_moto_panel -DAMENT_CMAKE_SYMLINK_INSTALL=1 -DCMAKE_INSTALL_PREFIX=/home/hexmovr02/hexmovr_manager/install/hexmovr_moto_panel
[0.015s] -- Found ament_cmake: 1.3.14 (/opt/ros/humble/share/ament_cmake/cmake)
[0.101s] -- Override CMake install command with custom implementation using symlinks instead of copying resources
[0.106s] -- Found pluginlib: 5.1.4 (/opt/ros/humble/share/pluginlib/cmake)
[0.124s] -- Found rclcpp: 16.0.19 (/opt/ros/humble/share/rclcpp/cmake)
[0.133s] -- Found rosidl_generator_c: 3.1.8 (/opt/ros/humble/share/rosidl_generator_c/cmake)
[0.134s] -- Found rosidl_adapter: 3.1.8 (/opt/ros/humble/share/rosidl_adapter/cmake)
[0.138s] -- Found rosidl_generator_cpp: 3.1.8 (/opt/ros/humble/share/rosidl_generator_cpp/cmake)
[0.143s] -- Using all available rosidl_typesupport_c: rosidl_typesupport_fastrtps_c;rosidl_typesupport_introspection_c
[0.148s] -- Using all available rosidl_typesupport_cpp: rosidl_typesupport_fastrtps_cpp;rosidl_typesupport_introspection_cpp
[0.165s] -- Found rmw_implementation_cmake: 6.1.2 (/opt/ros/humble/share/rmw_implementation_cmake/cmake)
[0.165s] -- Found rmw_fastrtps_cpp: 6.2.10 (/opt/ros/humble/share/rmw_fastrtps_cpp/cmake)
[0.176s] -- Found TinyXML2 via Config file: TinyXML2_DIR-NOTFOUND
[0.183s] -- Found TinyXML2 via Config file: TinyXML2_DIR-NOTFOUND
[0.194s] -- Found TinyXML2 via Config file: TinyXML2_DIR-NOTFOUND
[0.200s] -- Found TinyXML2 via Config file: TinyXML2_DIR-NOTFOUND
[0.207s] -- Using RMW implementation 'rmw_fastrtps_cpp' as default
[0.232s] -- Found rviz_common: 11.2.26 (/opt/ros/humble/share/rviz_common/cmake)
[0.234s] -- Setting assimp_DIR to: '/opt/ros/humble/share/rviz_assimp_vendor/cmake/../../../opt/rviz_assimp_vendor/lib/cmake/assimp-4.1'
[0.236s] -- Setting OGRE_DIR to: '/opt/ros/humble/share/rviz_ogre_vendor/cmake/../../../opt/rviz_ogre_vendor/lib/OGRE/cmake'
[0.236s] -- Found OGRE
[0.237s] --   static     : OFF
[0.237s] --   components : HLMS;MeshLodGenerator;Overlay;Paging;Property;RTShaderSystem;Terrain;Volume
[0.237s] --   plugins    : Plugin_BSPSceneManager;Plugin_OctreeSceneManager;Plugin_PCZSceneManager;Plugin_ParticleFX;RenderSystem_GL;RenderSystem_GL3Plus;Codec_STBI
[0.237s] --   media      : /opt/ros/humble/opt/rviz_ogre_vendor/share/OGRE/Media
[0.237s] -- OGRE_LIBRARIES: OgreHLMS;OgreMeshLodGenerator;OgreOverlay;OgrePaging;OgreProperty;OgreRTShaderSystem;OgreTerrain;OgreVolume;OgreMain
[0.237s] -- OGRE_LIBRARY_DIRS: /opt/ros/humble/opt/rviz_ogre_vendor/lib
[0.237s] -- OGRE_PLUGINS: Plugin_BSPSceneManager;Plugin_OctreeSceneManager;Plugin_PCZSceneManager;Plugin_ParticleFX;RenderSystem_GL;RenderSystem_GL3Plus;Codec_STBI
[0.237s] -- OGRE_PLUGIN_DIR: /opt/ros/humble/opt/rviz_ogre_vendor/lib/OGRE
[0.237s] -- rviz_ogre_vendor::OgreOverlay for IMPORTED_LOCATION_RELEASE: /opt/ros/humble/opt/rviz_ogre_vendor/lib/libOgreOverlay.so
[0.237s] -- rviz_ogre_vendor::OgreOverlay for IMPORTED_LOCATION_DEBUG: /opt/ros/humble/opt/rviz_ogre_vendor/lib/libOgreOverlay.so
[0.237s] -- rviz_ogre_vendor::OgreMain for IMPORTED_LOCATION_RELEASE: /opt/ros/humble/opt/rviz_ogre_vendor/lib/libOgreMain.so
[0.237s] -- rviz_ogre_vendor::OgreMain for IMPORTED_LOCATION_DEBUG: /opt/ros/humble/opt/rviz_ogre_vendor/lib/libOgreMain.so
[0.238s] -- Could not find freeimage library
[0.279s] -- library: /usr/lib/x86_64-linux-gnu/libcurl.so
[0.306s] -- Ensuring Eigen3 include directory is part of orocos-kdl CMake target
[0.396s] -- Configuring done
[0.406s] -- Generating done
[0.409s] -- Build files have been written to: /home/hexmovr02/hexmovr_manager/build/hexmovr_moto_panel
[0.415s] Invoked command in '/home/hexmovr02/hexmovr_manager/build/hexmovr_moto_panel' returned '0': CMAKE_PREFIX_PATH=/opt/ros/humble /usr/bin/cmake /home/hexmovr02/hexmovr_manager/src/hexmovr_moto_panel -DAMENT_CMAKE_SYMLINK_INSTALL=1 -DCMAKE_INSTALL_PREFIX=/home/hexmovr02/hexmovr_manager/install/hexmovr_moto_panel
[0.415s] Invoking command in '/home/hexmovr02/hexmovr_manager/build/hexmovr_moto_panel': CMAKE_PREFIX_PATH=/opt/ros/humble /usr/bin/cmake --build /home/hexmovr02/hexmovr_manager/build/hexmovr_moto_panel -- -j32 -l32
[0.457s] Consolidate compiler generated dependencies of target hexmovr_moto_panel
[0.472s] [100%] Built target hexmovr_moto_panel
[0.481s] Invoked command in '/home/hexmovr02/hexmovr_manager/build/hexmovr_moto_panel' returned '0': CMAKE_PREFIX_PATH=/opt/ros/humble /usr/bin/cmake --build /home/hexmovr02/hexmovr_manager/build/hexmovr_moto_panel -- -j32 -l32
[0.492s] Invoking command in '/home/hexmovr02/hexmovr_manager/build/hexmovr_moto_panel': CMAKE_PREFIX_PATH=/opt/ros/humble /usr/bin/cmake --install /home/hexmovr02/hexmovr_manager/build/hexmovr_moto_panel
[0.500s] -- Install configuration: ""
[0.501s] -- Execute custom install script
[0.501s] -- Symlinking: /home/hexmovr02/hexmovr_manager/install/hexmovr_moto_panel/share/hexmovr_moto_panel//plugin_description.xml
[0.510s] -- Symlinking: /home/hexmovr02/hexmovr_manager/install/hexmovr_moto_panel/include/hexmovr_moto_panel/hexmovr_panel.hpp
[0.518s] -- Up-to-date symlink: /home/hexmovr02/hexmovr_manager/install/hexmovr_moto_panel/share/hexmovr_moto_panel/plugin_description.xml
[0.518s] -- Symlinking: /home/hexmovr02/hexmovr_manager/install/hexmovr_moto_panel/share/hexmovr_moto_panel/environment/library_path.sh
[0.525s] -- Symlinking: /home/hexmovr02/hexmovr_manager/install/hexmovr_moto_panel/share/hexmovr_moto_panel/environment/library_path.dsv
[0.531s] -- Symlinking: /home/hexmovr02/hexmovr_manager/install/hexmovr_moto_panel/share/ament_index/resource_index/package_run_dependencies/hexmovr_moto_panel
[0.539s] -- Symlinking: /home/hexmovr02/hexmovr_manager/install/hexmovr_moto_panel/share/ament_index/resource_index/parent_prefix_path/hexmovr_moto_panel
[0.547s] -- Symlinking: /home/hexmovr02/hexmovr_manager/install/hexmovr_moto_panel/share/hexmovr_moto_panel/environment/ament_prefix_path.sh
[0.554s] -- Symlinking: /home/hexmovr02/hexmovr_manager/install/hexmovr_moto_panel/share/hexmovr_moto_panel/environment/ament_prefix_path.dsv
[0.561s] -- Symlinking: /home/hexmovr02/hexmovr_manager/install/hexmovr_moto_panel/share/hexmovr_moto_panel/environment/path.sh
[0.569s] -- Symlinking: /home/hexmovr02/hexmovr_manager/install/hexmovr_moto_panel/share/hexmovr_moto_panel/environment/path.dsv
[0.577s] -- Symlinking: /home/hexmovr02/hexmovr_manager/install/hexmovr_moto_panel/share/hexmovr_moto_panel/local_setup.bash
[0.584s] -- Symlinking: /home/hexmovr02/hexmovr_manager/install/hexmovr_moto_panel/share/hexmovr_moto_panel/local_setup.sh
[0.591s] -- Symlinking: /home/hexmovr02/hexmovr_manager/install/hexmovr_moto_panel/share/hexmovr_moto_panel/local_setup.zsh
[0.596s] -- Symlinking: /home/hexmovr02/hexmovr_manager/install/hexmovr_moto_panel/share/hexmovr_moto_panel/local_setup.dsv
[0.603s] -- Symlinking: /home/hexmovr02/hexmovr_manager/install/hexmovr_moto_panel/share/hexmovr_moto_panel/package.dsv
[0.609s] -- Symlinking: /home/hexmovr02/hexmovr_manager/install/hexmovr_moto_panel/share/ament_index/resource_index/packages/hexmovr_moto_panel
[0.615s] -- Symlinking: /home/hexmovr02/hexmovr_manager/install/hexmovr_moto_panel/share/ament_index/resource_index/rviz_common__pluginlib__plugin/hexmovr_moto_panel
[0.620s] -- Symlinking: /home/hexmovr02/hexmovr_manager/install/hexmovr_moto_panel/share/hexmovr_moto_panel/cmake/ament_cmake_export_include_directories-extras.cmake
[0.625s] -- Symlinking: /home/hexmovr02/hexmovr_manager/install/hexmovr_moto_panel/share/hexmovr_moto_panel/cmake/ament_cmake_export_libraries-extras.cmake
[0.633s] -- Symlinking: /home/hexmovr02/hexmovr_manager/install/hexmovr_moto_panel/share/hexmovr_moto_panel/cmake/ament_cmake_export_targets-extras.cmake
[0.639s] -- Symlinking: /home/hexmovr02/hexmovr_manager/install/hexmovr_moto_panel/share/hexmovr_moto_panel/cmake/hexmovr_moto_panelConfig.cmake
[0.646s] -- Symlinking: /home/hexmovr02/hexmovr_manager/install/hexmovr_moto_panel/share/hexmovr_moto_panel/cmake/hexmovr_moto_panelConfig-version.cmake
[0.652s] -- Symlinking: /home/hexmovr02/hexmovr_manager/install/hexmovr_moto_panel/share/hexmovr_moto_panel/package.xml
[0.659s] -- Up-to-date: /home/hexmovr02/hexmovr_manager/install/hexmovr_moto_panel/lib/libhexmovr_moto_panel.so
[0.659s] -- Up-to-date: /home/hexmovr02/hexmovr_manager/install/hexmovr_moto_panel/share/hexmovr_moto_panel/cmake/hexmovr_moto_panelExport.cmake
[0.660s] -- Up-to-date: /home/hexmovr02/hexmovr_manager/install/hexmovr_moto_panel/share/hexmovr_moto_panel/cmake/hexmovr_moto_panelExport-noconfig.cmake
[0.661s] Invoked command in '/home/hexmovr02/hexmovr_manager/build/hexmovr_moto_panel' returned '0': CMAKE_PREFIX_PATH=/opt/ros/humble /usr/bin/cmake --install /home/hexmovr02/hexmovr_manager/build/hexmovr_moto_panel
