running egg_info
creating ../../build/hexmovr_motor_example/hexmovr_motor_example.egg-info
writing ../../build/hexmovr_motor_example/hexmovr_motor_example.egg-info/PKG-INFO
writing dependency_links to ../../build/hexmovr_motor_example/hexmovr_motor_example.egg-info/dependency_links.txt
writing entry points to ../../build/hexmovr_motor_example/hexmovr_motor_example.egg-info/entry_points.txt
writing requirements to ../../build/hexmovr_motor_example/hexmovr_motor_example.egg-info/requires.txt
writing top-level names to ../../build/hexmovr_motor_example/hexmovr_motor_example.egg-info/top_level.txt
writing manifest file '../../build/hexmovr_motor_example/hexmovr_motor_example.egg-info/SOURCES.txt'
reading manifest file '../../build/hexmovr_motor_example/hexmovr_motor_example.egg-info/SOURCES.txt'
writing manifest file '../../build/hexmovr_motor_example/hexmovr_motor_example.egg-info/SOURCES.txt'
running build
running build_py
creating /home/hexmovr02/hexmovr_manager/build/hexmovr_motor_example/build
creating /home/hexmovr02/hexmovr_manager/build/hexmovr_motor_example/build/lib
creating /home/hexmovr02/hexmovr_manager/build/hexmovr_motor_example/build/lib/hexmovr_motor_example
copying hexmovr_motor_example/__init__.py -> /home/hexmovr02/hexmovr_manager/build/hexmovr_motor_example/build/lib/hexmovr_motor_example
copying hexmovr_motor_example/motor_demo.py -> /home/hexmovr02/hexmovr_manager/build/hexmovr_motor_example/build/lib/hexmovr_motor_example
copying hexmovr_motor_example/motor_direct_library.py -> /home/hexmovr02/hexmovr_manager/build/hexmovr_motor_example/build/lib/hexmovr_motor_example
running install
running install_lib
creating /home/hexmovr02/hexmovr_manager/install/hexmovr_motor_example/lib/python3.10/site-packages/hexmovr_motor_example
copying /home/hexmovr02/hexmovr_manager/build/hexmovr_motor_example/build/lib/hexmovr_motor_example/__init__.py -> /home/hexmovr02/hexmovr_manager/install/hexmovr_motor_example/lib/python3.10/site-packages/hexmovr_motor_example
copying /home/hexmovr02/hexmovr_manager/build/hexmovr_motor_example/build/lib/hexmovr_motor_example/motor_demo.py -> /home/hexmovr02/hexmovr_manager/install/hexmovr_motor_example/lib/python3.10/site-packages/hexmovr_motor_example
copying /home/hexmovr02/hexmovr_manager/build/hexmovr_motor_example/build/lib/hexmovr_motor_example/motor_direct_library.py -> /home/hexmovr02/hexmovr_manager/install/hexmovr_motor_example/lib/python3.10/site-packages/hexmovr_motor_example
byte-compiling /home/hexmovr02/hexmovr_manager/install/hexmovr_motor_example/lib/python3.10/site-packages/hexmovr_motor_example/__init__.py to __init__.cpython-310.pyc
byte-compiling /home/hexmovr02/hexmovr_manager/install/hexmovr_motor_example/lib/python3.10/site-packages/hexmovr_motor_example/motor_demo.py to motor_demo.cpython-310.pyc
byte-compiling /home/hexmovr02/hexmovr_manager/install/hexmovr_motor_example/lib/python3.10/site-packages/hexmovr_motor_example/motor_direct_library.py to motor_direct_library.cpython-310.pyc
running install_data
creating /home/hexmovr02/hexmovr_manager/install/hexmovr_motor_example/share/ament_index
creating /home/hexmovr02/hexmovr_manager/install/hexmovr_motor_example/share/ament_index/resource_index
creating /home/hexmovr02/hexmovr_manager/install/hexmovr_motor_example/share/ament_index/resource_index/packages
copying resource/hexmovr_motor_example -> /home/hexmovr02/hexmovr_manager/install/hexmovr_motor_example/share/ament_index/resource_index/packages
copying package.xml -> /home/hexmovr02/hexmovr_manager/install/hexmovr_motor_example/share/hexmovr_motor_example
creating /home/hexmovr02/hexmovr_manager/install/hexmovr_motor_example/share/hexmovr_motor_example/launch
copying launch/motor_direct_library.launch.py -> /home/hexmovr02/hexmovr_manager/install/hexmovr_motor_example/share/hexmovr_motor_example/launch
copying launch/motor_demo.launch.py -> /home/hexmovr02/hexmovr_manager/install/hexmovr_motor_example/share/hexmovr_motor_example/launch
running install_egg_info
Copying ../../build/hexmovr_motor_example/hexmovr_motor_example.egg-info to /home/hexmovr02/hexmovr_manager/install/hexmovr_motor_example/lib/python3.10/site-packages/hexmovr_motor_example-0.1.0-py3.10.egg-info
running install_scripts
Installing motor_demo script to /home/hexmovr02/hexmovr_manager/install/hexmovr_motor_example/lib/hexmovr_motor_example
Installing motor_direct_library script to /home/hexmovr02/hexmovr_manager/install/hexmovr_motor_example/lib/hexmovr_motor_example
writing list of installed files to '/home/hexmovr02/hexmovr_manager/build/hexmovr_motor_example/install.log'
