[30.438s] Invoking command in '/home/hexmovr02/hexmovr_manager/src/hexmovr_moto_manager': PYTHONPATH=/home/hexmovr02/hexmovr_manager/build/hexmovr_moto_manager/prefix_override:/usr/lib/python3/dist-packages/colcon_core/task/python/colcon_distutils_commands:/home/hexmovr02/hexmovr_manager/install/hexmovr_moto_manager/lib/python3.10/site-packages:${PYTHONPATH} /usr/bin/python3 -W ignore:setup.py install is deprecated -W ignore:easy_install command is deprecated setup.py egg_info --egg-base ../../build/hexmovr_moto_manager build --build-base /home/hexmovr02/hexmovr_manager/build/hexmovr_moto_manager/build install --record /home/hexmovr02/hexmovr_manager/build/hexmovr_moto_manager/install.log --single-version-externally-managed install_data
[30.594s] running egg_info
[30.595s] writing ../../build/hexmovr_moto_manager/hexmovr_moto_manager.egg-info/PKG-INFO
[30.595s] writing dependency_links to ../../build/hexmovr_moto_manager/hexmovr_moto_manager.egg-info/dependency_links.txt
[30.595s] writing entry points to ../../build/hexmovr_moto_manager/hexmovr_moto_manager.egg-info/entry_points.txt
[30.595s] writing requirements to ../../build/hexmovr_moto_manager/hexmovr_moto_manager.egg-info/requires.txt
[30.595s] writing top-level names to ../../build/hexmovr_moto_manager/hexmovr_moto_manager.egg-info/top_level.txt
[30.597s] reading manifest file '../../build/hexmovr_moto_manager/hexmovr_moto_manager.egg-info/SOURCES.txt'
[30.597s] writing manifest file '../../build/hexmovr_moto_manager/hexmovr_moto_manager.egg-info/SOURCES.txt'
[30.597s] running build
[30.598s] running build_py
[30.598s] copying hexmovr_moto_manager/moto_scaner.py -> /home/hexmovr02/hexmovr_manager/build/hexmovr_moto_manager/build/lib/hexmovr_moto_manager
[30.598s] copying hexmovr_moto_manager/hexmovr_client.py -> /home/hexmovr02/hexmovr_manager/build/hexmovr_moto_manager/build/lib/hexmovr_moto_manager
[30.598s] running install
[30.598s] running install_lib
[30.598s] copying /home/hexmovr02/hexmovr_manager/build/hexmovr_moto_manager/build/lib/hexmovr_moto_manager/moto_scaner.py -> /home/hexmovr02/hexmovr_manager/install/hexmovr_moto_manager/lib/python3.10/site-packages/hexmovr_moto_manager
[30.598s] copying /home/hexmovr02/hexmovr_manager/build/hexmovr_moto_manager/build/lib/hexmovr_moto_manager/hexmovr_client.py -> /home/hexmovr02/hexmovr_manager/install/hexmovr_moto_manager/lib/python3.10/site-packages/hexmovr_moto_manager
[30.599s] byte-compiling /home/hexmovr02/hexmovr_manager/install/hexmovr_moto_manager/lib/python3.10/site-packages/hexmovr_moto_manager/moto_scaner.py to moto_scaner.cpython-310.pyc
[30.604s] byte-compiling /home/hexmovr02/hexmovr_manager/install/hexmovr_moto_manager/lib/python3.10/site-packages/hexmovr_moto_manager/hexmovr_client.py to hexmovr_client.cpython-310.pyc
[30.605s] running install_data
[30.605s] copying launch/hexmovr_manager.launch.py -> /home/hexmovr02/hexmovr_manager/install/hexmovr_moto_manager/share/hexmovr_moto_manager/launch
[30.605s] running install_egg_info
[30.606s] removing '/home/hexmovr02/hexmovr_manager/install/hexmovr_moto_manager/lib/python3.10/site-packages/hexmovr_moto_manager-0.0.0-py3.10.egg-info' (and everything under it)
[30.606s] Copying ../../build/hexmovr_moto_manager/hexmovr_moto_manager.egg-info to /home/hexmovr02/hexmovr_manager/install/hexmovr_moto_manager/lib/python3.10/site-packages/hexmovr_moto_manager-0.0.0-py3.10.egg-info
[30.607s] running install_scripts
[30.620s] Installing moto_scaner script to /home/hexmovr02/hexmovr_manager/install/hexmovr_moto_manager/lib/hexmovr_moto_manager
[30.620s] writing list of installed files to '/home/hexmovr02/hexmovr_manager/build/hexmovr_moto_manager/install.log'
[30.633s] Invoked command in '/home/hexmovr02/hexmovr_manager/src/hexmovr_moto_manager' returned '0': PYTHONPATH=/home/hexmovr02/hexmovr_manager/build/hexmovr_moto_manager/prefix_override:/usr/lib/python3/dist-packages/colcon_core/task/python/colcon_distutils_commands:/home/hexmovr02/hexmovr_manager/install/hexmovr_moto_manager/lib/python3.10/site-packages:${PYTHONPATH} /usr/bin/python3 -W ignore:setup.py install is deprecated -W ignore:easy_install command is deprecated setup.py egg_info --egg-base ../../build/hexmovr_moto_manager build --build-base /home/hexmovr02/hexmovr_manager/build/hexmovr_moto_manager/build install --record /home/hexmovr02/hexmovr_manager/build/hexmovr_moto_manager/install.log --single-version-externally-managed install_data
