[0.448s] Invoking command in '/home/hexmovr02/hexmovr_manager/src/hexmovr_bridge': PYTHONPATH=/home/hexmovr02/hexmovr_manager/build/hexmovr_bridge/prefix_override:/usr/lib/python3/dist-packages/colcon_core/task/python/colcon_distutils_commands:/home/hexmovr02/hexmovr_manager/install/hexmovr_bridge/lib/python3.10/site-packages:${PYTHONPATH} /usr/bin/python3 -W ignore:setup.py install is deprecated -W ignore:easy_install command is deprecated setup.py egg_info --egg-base ../../build/hexmovr_bridge build --build-base /home/hexmovr02/hexmovr_manager/build/hexmovr_bridge/build install --record /home/hexmovr02/hexmovr_manager/build/hexmovr_bridge/install.log --single-version-externally-managed install_data
[0.625s] running egg_info
[0.626s] writing ../../build/hexmovr_bridge/hexmovr_bridge.egg-info/PKG-INFO
[0.626s] writing dependency_links to ../../build/hexmovr_bridge/hexmovr_bridge.egg-info/dependency_links.txt
[0.627s] writing entry points to ../../build/hexmovr_bridge/hexmovr_bridge.egg-info/entry_points.txt
[0.627s] writing requirements to ../../build/hexmovr_bridge/hexmovr_bridge.egg-info/requires.txt
[0.627s] writing top-level names to ../../build/hexmovr_bridge/hexmovr_bridge.egg-info/top_level.txt
[0.629s] reading manifest file '../../build/hexmovr_bridge/hexmovr_bridge.egg-info/SOURCES.txt'
[0.630s] writing manifest file '../../build/hexmovr_bridge/hexmovr_bridge.egg-info/SOURCES.txt'
[0.630s] running build
[0.630s] running build_py
[0.631s] running install
[0.631s] running install_lib
[0.632s] running install_data
[0.632s] running install_egg_info
[0.634s] removing '/home/hexmovr02/hexmovr_manager/install/hexmovr_bridge/lib/python3.10/site-packages/hexmovr_bridge-0.1.0-py3.10.egg-info' (and everything under it)
[0.634s] Copying ../../build/hexmovr_bridge/hexmovr_bridge.egg-info to /home/hexmovr02/hexmovr_manager/install/hexmovr_bridge/lib/python3.10/site-packages/hexmovr_bridge-0.1.0-py3.10.egg-info
[0.635s] running install_scripts
[0.651s] Installing hexmovr_bridge script to /home/hexmovr02/hexmovr_manager/install/hexmovr_bridge/lib/hexmovr_bridge
[0.651s] writing list of installed files to '/home/hexmovr02/hexmovr_manager/build/hexmovr_bridge/install.log'
[0.667s] Invoked command in '/home/hexmovr02/hexmovr_manager/src/hexmovr_bridge' returned '0': PYTHONPATH=/home/hexmovr02/hexmovr_manager/build/hexmovr_bridge/prefix_override:/usr/lib/python3/dist-packages/colcon_core/task/python/colcon_distutils_commands:/home/hexmovr02/hexmovr_manager/install/hexmovr_bridge/lib/python3.10/site-packages:${PYTHONPATH} /usr/bin/python3 -W ignore:setup.py install is deprecated -W ignore:easy_install command is deprecated setup.py egg_info --egg-base ../../build/hexmovr_bridge build --build-base /home/hexmovr02/hexmovr_manager/build/hexmovr_bridge/build install --record /home/hexmovr02/hexmovr_manager/build/hexmovr_bridge/install.log --single-version-externally-managed install_data
