running egg_info
writing ../../build/hexmovr_moto_manager/hexmovr_moto_manager.egg-info/PKG-INFO
writing dependency_links to ../../build/hexmovr_moto_manager/hexmovr_moto_manager.egg-info/dependency_links.txt
writing entry points to ../../build/hexmovr_moto_manager/hexmovr_moto_manager.egg-info/entry_points.txt
writing requirements to ../../build/hexmovr_moto_manager/hexmovr_moto_manager.egg-info/requires.txt
writing top-level names to ../../build/hexmovr_moto_manager/hexmovr_moto_manager.egg-info/top_level.txt
reading manifest file '../../build/hexmovr_moto_manager/hexmovr_moto_manager.egg-info/SOURCES.txt'
writing manifest file '../../build/hexmovr_moto_manager/hexmovr_moto_manager.egg-info/SOURCES.txt'
running build
running build_py
copying hexmovr_moto_manager/hexmovr_client.py -> /home/hexmovr02/hexmovr_manager/build/hexmovr_moto_manager/build/lib/hexmovr_moto_manager
running install
running install_lib
copying /home/hexmovr02/hexmovr_manager/build/hexmovr_moto_manager/build/lib/hexmovr_moto_manager/hexmovr_client.py -> /home/hexmovr02/hexmovr_manager/install/hexmovr_moto_manager/lib/python3.10/site-packages/hexmovr_moto_manager
byte-compiling /home/hexmovr02/hexmovr_manager/install/hexmovr_moto_manager/lib/python3.10/site-packages/hexmovr_moto_manager/hexmovr_client.py to hexmovr_client.cpython-310.pyc
running install_data
running install_egg_info
removing '/home/hexmovr02/hexmovr_manager/install/hexmovr_moto_manager/lib/python3.10/site-packages/hexmovr_moto_manager-0.0.0-py3.10.egg-info' (and everything under it)
Copying ../../build/hexmovr_moto_manager/hexmovr_moto_manager.egg-info to /home/hexmovr02/hexmovr_manager/install/hexmovr_moto_manager/lib/python3.10/site-packages/hexmovr_moto_manager-0.0.0-py3.10.egg-info
running install_scripts
Installing moto_scaner script to /home/hexmovr02/hexmovr_manager/install/hexmovr_moto_manager/lib/hexmovr_moto_manager
writing list of installed files to '/home/hexmovr02/hexmovr_manager/build/hexmovr_moto_manager/install.log'
