[0.196s] Invoking command in '/home/hexmovr02/hexmovr_manager/build/hexmovr_moto_panel': CMAKE_PREFIX_PATH=${CMAKE_PREFIX_PATH}:/home/hexmovr02/hexmovr_manager/install/hexmovr_motor_example:/home/hexmovr02/hexmovr_manager/install/my_python_pkg:/home/hexmovr02/hexmovr_manager/install/hexmovr_motor6_example:/home/hexmovr02/hexmovr_manager/install/hexmovr_moto_manager:/home/hexmovr02/hexmovr_manager/install/hexmovr_bridge:/home/hexmovr02/rebotarm_ros2/install/rebotarm_moveit_demos:/home/hexmovr02/rebotarm_ros2/install/rebotarm_bringup:/home/hexmovr02/rebotarm_ros2/install/rebotarmcontroller:/home/hexmovr02/reBotArmController_ROS2/install/rebotarm_bringup:/home/hexmovr02/reBotArmController_ROS2/install/rebotarmcontroller:/opt/ros/humble /usr/bin/cmake /home/hexmovr02/hexmovr_manager/src/hexmovr_moto_panel -DCMAKE_INSTALL_PREFIX=/home/hexmovr02/hexmovr_manager/install/hexmovr_moto_panel
[0.245s] -- The C compiler identification is GNU 11.4.0
[0.283s] -- The CXX compiler identification is GNU 11.4.0
[0.289s] -- Detecting C compiler ABI info
[0.354s] -- Detecting C compiler ABI info - done
[0.358s] -- Check for working C compiler: /usr/bin/cc - skipped
[0.358s] -- Detecting C compile features
[0.358s] -- Detecting C compile features - done
[0.360s] -- Detecting CXX compiler ABI info
[0.431s] -- Detecting CXX compiler ABI info - done
[0.441s] -- Check for working CXX compiler: /usr/bin/c++ - skipped
[0.441s] -- Detecting CXX compile features
[0.442s] -- Detecting CXX compile features - done
[0.446s] -- Found ament_cmake: 1.3.14 (/opt/ros/humble/share/ament_cmake/cmake)
[0.591s] -- Found Python3: /usr/bin/python3 (found version "3.10.12") found components: Interpreter 
[0.681s] -- Found pluginlib: 5.1.4 (/opt/ros/humble/share/pluginlib/cmake)
[0.737s] -- Found rclcpp: 16.0.19 (/opt/ros/humble/share/rclcpp/cmake)
[0.763s] -- Found rosidl_generator_c: 3.1.8 (/opt/ros/humble/share/rosidl_generator_c/cmake)
[0.768s] -- Found rosidl_adapter: 3.1.8 (/opt/ros/humble/share/rosidl_adapter/cmake)
[0.776s] -- Found rosidl_generator_cpp: 3.1.8 (/opt/ros/humble/share/rosidl_generator_cpp/cmake)
[0.788s] -- Using all available rosidl_typesupport_c: rosidl_typesupport_fastrtps_c;rosidl_typesupport_introspection_c
[0.797s] -- Using all available rosidl_typesupport_cpp: rosidl_typesupport_fastrtps_cpp;rosidl_typesupport_introspection_cpp
[0.835s] -- Found rmw_implementation_cmake: 6.1.2 (/opt/ros/humble/share/rmw_implementation_cmake/cmake)
[0.838s] -- Found rmw_fastrtps_cpp: 6.2.10 (/opt/ros/humble/share/rmw_fastrtps_cpp/cmake)
[0.859s] -- Found TinyXML2 via Config file: TinyXML2_DIR-NOTFOUND
[0.906s] -- Found OpenSSL: /usr/lib/x86_64-linux-gnu/libcrypto.so (found version "3.0.2")  
[0.909s] -- Found TinyXML2 via Config file: TinyXML2_DIR-NOTFOUND
[0.927s] -- Found FastRTPS: /opt/ros/humble/include  
[0.931s] -- Found TinyXML2 via Config file: TinyXML2_DIR-NOTFOUND
[0.941s] -- Found TinyXML2 via Config file: TinyXML2_DIR-NOTFOUND
[0.952s] -- Using RMW implementation 'rmw_fastrtps_cpp' as default
[0.964s] -- Looking for pthread.h
[1.029s] -- Looking for pthread.h - found
[1.029s] -- Performing Test CMAKE_HAVE_LIBC_PTHREAD
[1.098s] -- Performing Test CMAKE_HAVE_LIBC_PTHREAD - Success
[1.099s] -- Found Threads: TRUE  
[1.148s] -- Found rviz_common: 11.2.26 (/opt/ros/humble/share/rviz_common/cmake)
[1.152s] -- Setting assimp_DIR to: '/opt/ros/humble/share/rviz_assimp_vendor/cmake/../../../opt/rviz_assimp_vendor/lib/cmake/assimp-4.1'
[1.158s] -- Setting OGRE_DIR to: '/opt/ros/humble/share/rviz_ogre_vendor/cmake/../../../opt/rviz_ogre_vendor/lib/OGRE/cmake'
[1.159s] -- Found OGRE
[1.159s] --   static     : OFF
[1.159s] --   components : HLMS;MeshLodGenerator;Overlay;Paging;Property;RTShaderSystem;Terrain;Volume
[1.159s] --   plugins    : Plugin_BSPSceneManager;Plugin_OctreeSceneManager;Plugin_PCZSceneManager;Plugin_ParticleFX;RenderSystem_GL;RenderSystem_GL3Plus;Codec_STBI
[1.159s] --   media      : /opt/ros/humble/opt/rviz_ogre_vendor/share/OGRE/Media
[1.159s] -- OGRE_LIBRARIES: OgreHLMS;OgreMeshLodGenerator;OgreOverlay;OgrePaging;OgreProperty;OgreRTShaderSystem;OgreTerrain;OgreVolume;OgreMain
[1.159s] -- OGRE_LIBRARY_DIRS: /opt/ros/humble/opt/rviz_ogre_vendor/lib
[1.159s] -- OGRE_PLUGINS: Plugin_BSPSceneManager;Plugin_OctreeSceneManager;Plugin_PCZSceneManager;Plugin_ParticleFX;RenderSystem_GL;RenderSystem_GL3Plus;Codec_STBI
[1.159s] -- OGRE_PLUGIN_DIR: /opt/ros/humble/opt/rviz_ogre_vendor/lib/OGRE
[1.159s] -- rviz_ogre_vendor::OgreOverlay for IMPORTED_LOCATION_RELEASE: /opt/ros/humble/opt/rviz_ogre_vendor/lib/libOgreOverlay.so
[1.159s] -- rviz_ogre_vendor::OgreOverlay for IMPORTED_LOCATION_DEBUG: /opt/ros/humble/opt/rviz_ogre_vendor/lib/libOgreOverlay.so
[1.159s] -- rviz_ogre_vendor::OgreMain for IMPORTED_LOCATION_RELEASE: /opt/ros/humble/opt/rviz_ogre_vendor/lib/libOgreMain.so
[1.159s] -- rviz_ogre_vendor::OgreMain for IMPORTED_LOCATION_DEBUG: /opt/ros/humble/opt/rviz_ogre_vendor/lib/libOgreMain.so
[1.160s] -- Could not find freeimage library
[1.172s] -- Found ZLIB: /usr/lib/x86_64-linux-gnu/libz.so (found version "1.2.11") 
[1.175s] -- Found OpenGL: /usr/lib/x86_64-linux-gnu/libOpenGL.so   
[1.247s] -- Found X11: /usr/include   
[1.247s] -- Looking for XOpenDisplay in /usr/lib/x86_64-linux-gnu/libX11.so;/usr/lib/x86_64-linux-gnu/libXext.so
[1.312s] -- Looking for XOpenDisplay in /usr/lib/x86_64-linux-gnu/libX11.so;/usr/lib/x86_64-linux-gnu/libXext.so - found
[1.312s] -- Looking for gethostbyname
[1.368s] -- Looking for gethostbyname - found
[1.369s] -- Looking for connect
[1.432s] -- Looking for connect - found
[1.432s] -- Looking for remove
[1.507s] -- Looking for remove - found
[1.507s] -- Looking for shmat
[1.580s] -- Looking for shmat - found
[1.580s] -- Looking for IceConnectionNumber in ICE
[1.651s] -- Looking for IceConnectionNumber in ICE - found
[1.738s] -- library: /usr/lib/x86_64-linux-gnu/libcurl.so
[1.805s] -- Found Eigen3: TRUE (found version "3.4.0") 
[1.805s] -- Ensuring Eigen3 include directory is part of orocos-kdl CMake target
[2.003s] -- Configuring done
[2.020s] -- Generating done
[2.026s] -- Build files have been written to: /home/hexmovr02/hexmovr_manager/build/hexmovr_moto_panel
[2.040s] Invoked command in '/home/hexmovr02/hexmovr_manager/build/hexmovr_moto_panel' returned '0': CMAKE_PREFIX_PATH=${CMAKE_PREFIX_PATH}:/home/hexmovr02/hexmovr_manager/install/hexmovr_motor_example:/home/hexmovr02/hexmovr_manager/install/my_python_pkg:/home/hexmovr02/hexmovr_manager/install/hexmovr_motor6_example:/home/hexmovr02/hexmovr_manager/install/hexmovr_moto_manager:/home/hexmovr02/hexmovr_manager/install/hexmovr_bridge:/home/hexmovr02/rebotarm_ros2/install/rebotarm_moveit_demos:/home/hexmovr02/rebotarm_ros2/install/rebotarm_bringup:/home/hexmovr02/rebotarm_ros2/install/rebotarmcontroller:/home/hexmovr02/reBotArmController_ROS2/install/rebotarm_bringup:/home/hexmovr02/reBotArmController_ROS2/install/rebotarmcontroller:/opt/ros/humble /usr/bin/cmake /home/hexmovr02/hexmovr_manager/src/hexmovr_moto_panel -DCMAKE_INSTALL_PREFIX=/home/hexmovr02/hexmovr_manager/install/hexmovr_moto_panel
[2.042s] Invoking command in '/home/hexmovr02/hexmovr_manager/build/hexmovr_moto_panel': CMAKE_PREFIX_PATH=${CMAKE_PREFIX_PATH}:/home/hexmovr02/hexmovr_manager/install/hexmovr_motor_example:/home/hexmovr02/hexmovr_manager/install/my_python_pkg:/home/hexmovr02/hexmovr_manager/install/hexmovr_motor6_example:/home/hexmovr02/hexmovr_manager/install/hexmovr_moto_manager:/home/hexmovr02/hexmovr_manager/install/hexmovr_bridge:/home/hexmovr02/rebotarm_ros2/install/rebotarm_moveit_demos:/home/hexmovr02/rebotarm_ros2/install/rebotarm_bringup:/home/hexmovr02/rebotarm_ros2/install/rebotarmcontroller:/home/hexmovr02/reBotArmController_ROS2/install/rebotarm_bringup:/home/hexmovr02/reBotArmController_ROS2/install/rebotarmcontroller:/opt/ros/humble /usr/bin/cmake --build /home/hexmovr02/hexmovr_manager/build/hexmovr_moto_panel -- -j32 -l32
[2.085s] [ 50%] [32mBuilding CXX object CMakeFiles/hexmovr_moto_panel.dir/src/hexmovr_panel.cpp.o[0m
[8.640s] [100%] [32m[1mLinking CXX shared library libhexmovr_moto_panel.so[0m
[9.725s] [100%] Built target hexmovr_moto_panel
[9.737s] Invoked command in '/home/hexmovr02/hexmovr_manager/build/hexmovr_moto_panel' returned '0': CMAKE_PREFIX_PATH=${CMAKE_PREFIX_PATH}:/home/hexmovr02/hexmovr_manager/install/hexmovr_motor_example:/home/hexmovr02/hexmovr_manager/install/my_python_pkg:/home/hexmovr02/hexmovr_manager/install/hexmovr_motor6_example:/home/hexmovr02/hexmovr_manager/install/hexmovr_moto_manager:/home/hexmovr02/hexmovr_manager/install/hexmovr_bridge:/home/hexmovr02/rebotarm_ros2/install/rebotarm_moveit_demos:/home/hexmovr02/rebotarm_ros2/install/rebotarm_bringup:/home/hexmovr02/rebotarm_ros2/install/rebotarmcontroller:/home/hexmovr02/reBotArmController_ROS2/install/rebotarm_bringup:/home/hexmovr02/reBotArmController_ROS2/install/rebotarmcontroller:/opt/ros/humble /usr/bin/cmake --build /home/hexmovr02/hexmovr_manager/build/hexmovr_moto_panel -- -j32 -l32
[9.747s] Invoking command in '/home/hexmovr02/hexmovr_manager/build/hexmovr_moto_panel': CMAKE_PREFIX_PATH=${CMAKE_PREFIX_PATH}:/home/hexmovr02/hexmovr_manager/install/hexmovr_motor_example:/home/hexmovr02/hexmovr_manager/install/my_python_pkg:/home/hexmovr02/hexmovr_manager/install/hexmovr_motor6_example:/home/hexmovr02/hexmovr_manager/install/hexmovr_moto_manager:/home/hexmovr02/hexmovr_manager/install/hexmovr_bridge:/home/hexmovr02/rebotarm_ros2/install/rebotarm_moveit_demos:/home/hexmovr02/rebotarm_ros2/install/rebotarm_bringup:/home/hexmovr02/rebotarm_ros2/install/rebotarmcontroller:/home/hexmovr02/reBotArmController_ROS2/install/rebotarm_bringup:/home/hexmovr02/reBotArmController_ROS2/install/rebotarmcontroller:/opt/ros/humble /usr/bin/cmake --install /home/hexmovr02/hexmovr_manager/build/hexmovr_moto_panel
[9.754s] -- Install configuration: ""
[9.754s] -- Installing: /home/hexmovr02/hexmovr_manager/install/hexmovr_moto_panel/share/hexmovr_moto_panel/plugin_description.xml
[9.755s] -- Installing: /home/hexmovr02/hexmovr_manager/install/hexmovr_moto_panel/lib/libhexmovr_moto_panel.so
[9.759s] -- Set runtime path of "/home/hexmovr02/hexmovr_manager/install/hexmovr_moto_panel/lib/libhexmovr_moto_panel.so" to ""
[9.759s] -- Installing: /home/hexmovr02/hexmovr_manager/install/hexmovr_moto_panel/include
[9.760s] -- Installing: /home/hexmovr02/hexmovr_manager/install/hexmovr_moto_panel/include/hexmovr_moto_panel
[9.760s] -- Installing: /home/hexmovr02/hexmovr_manager/install/hexmovr_moto_panel/include/hexmovr_moto_panel/hexmovr_panel.hpp
[9.760s] -- Up-to-date: /home/hexmovr02/hexmovr_manager/install/hexmovr_moto_panel/share/hexmovr_moto_panel/plugin_description.xml
[9.760s] -- Installing: /home/hexmovr02/hexmovr_manager/install/hexmovr_moto_panel/share/hexmovr_moto_panel/environment/library_path.sh
[9.760s] -- Installing: /home/hexmovr02/hexmovr_manager/install/hexmovr_moto_panel/share/hexmovr_moto_panel/environment/library_path.dsv
[9.760s] -- Installing: /home/hexmovr02/hexmovr_manager/install/hexmovr_moto_panel/share/ament_index/resource_index/package_run_dependencies/hexmovr_moto_panel
[9.760s] -- Installing: /home/hexmovr02/hexmovr_manager/install/hexmovr_moto_panel/share/ament_index/resource_index/parent_prefix_path/hexmovr_moto_panel
[9.760s] -- Installing: /home/hexmovr02/hexmovr_manager/install/hexmovr_moto_panel/share/hexmovr_moto_panel/environment/ament_prefix_path.sh
[9.760s] -- Installing: /home/hexmovr02/hexmovr_manager/install/hexmovr_moto_panel/share/hexmovr_moto_panel/environment/ament_prefix_path.dsv
[9.760s] -- Installing: /home/hexmovr02/hexmovr_manager/install/hexmovr_moto_panel/share/hexmovr_moto_panel/environment/path.sh
[9.760s] -- Installing: /home/hexmovr02/hexmovr_manager/install/hexmovr_moto_panel/share/hexmovr_moto_panel/environment/path.dsv
[9.760s] -- Installing: /home/hexmovr02/hexmovr_manager/install/hexmovr_moto_panel/share/hexmovr_moto_panel/local_setup.bash
[9.760s] -- Installing: /home/hexmovr02/hexmovr_manager/install/hexmovr_moto_panel/share/hexmovr_moto_panel/local_setup.sh
[9.761s] -- Installing: /home/hexmovr02/hexmovr_manager/install/hexmovr_moto_panel/share/hexmovr_moto_panel/local_setup.zsh
[9.761s] -- Installing: /home/hexmovr02/hexmovr_manager/install/hexmovr_moto_panel/share/hexmovr_moto_panel/local_setup.dsv
[9.761s] -- Installing: /home/hexmovr02/hexmovr_manager/install/hexmovr_moto_panel/share/hexmovr_moto_panel/package.dsv
[9.761s] -- Installing: /home/hexmovr02/hexmovr_manager/install/hexmovr_moto_panel/share/ament_index/resource_index/packages/hexmovr_moto_panel
[9.761s] -- Installing: /home/hexmovr02/hexmovr_manager/install/hexmovr_moto_panel/share/ament_index/resource_index/rviz_common__pluginlib__plugin/hexmovr_moto_panel
[9.761s] -- Installing: /home/hexmovr02/hexmovr_manager/install/hexmovr_moto_panel/share/hexmovr_moto_panel/cmake/hexmovr_moto_panelExport.cmake
[9.761s] -- Installing: /home/hexmovr02/hexmovr_manager/install/hexmovr_moto_panel/share/hexmovr_moto_panel/cmake/hexmovr_moto_panelExport-noconfig.cmake
[9.761s] -- Installing: /home/hexmovr02/hexmovr_manager/install/hexmovr_moto_panel/share/hexmovr_moto_panel/cmake/ament_cmake_export_include_directories-extras.cmake
[9.761s] -- Installing: /home/hexmovr02/hexmovr_manager/install/hexmovr_moto_panel/share/hexmovr_moto_panel/cmake/ament_cmake_export_libraries-extras.cmake
[9.762s] -- Installing: /home/hexmovr02/hexmovr_manager/install/hexmovr_moto_panel/share/hexmovr_moto_panel/cmake/ament_cmake_export_targets-extras.cmake
[9.762s] -- Installing: /home/hexmovr02/hexmovr_manager/install/hexmovr_moto_panel/share/hexmovr_moto_panel/cmake/hexmovr_moto_panelConfig.cmake
[9.762s] -- Installing: /home/hexmovr02/hexmovr_manager/install/hexmovr_moto_panel/share/hexmovr_moto_panel/cmake/hexmovr_moto_panelConfig-version.cmake
[9.762s] -- Installing: /home/hexmovr02/hexmovr_manager/install/hexmovr_moto_panel/share/hexmovr_moto_panel/package.xml
[9.763s] Invoked command in '/home/hexmovr02/hexmovr_manager/build/hexmovr_moto_panel' returned '0': CMAKE_PREFIX_PATH=${CMAKE_PREFIX_PATH}:/home/hexmovr02/hexmovr_manager/install/hexmovr_motor_example:/home/hexmovr02/hexmovr_manager/install/my_python_pkg:/home/hexmovr02/hexmovr_manager/install/hexmovr_motor6_example:/home/hexmovr02/hexmovr_manager/install/hexmovr_moto_manager:/home/hexmovr02/hexmovr_manager/install/hexmovr_bridge:/home/hexmovr02/rebotarm_ros2/install/rebotarm_moveit_demos:/home/hexmovr02/rebotarm_ros2/install/rebotarm_bringup:/home/hexmovr02/rebotarm_ros2/install/rebotarmcontroller:/home/hexmovr02/reBotArmController_ROS2/install/rebotarm_bringup:/home/hexmovr02/reBotArmController_ROS2/install/rebotarmcontroller:/opt/ros/humble /usr/bin/cmake --install /home/hexmovr02/hexmovr_manager/build/hexmovr_moto_panel
