[0.185s] Invoking command in '/home/hexmovr02/hexmovr_manager/build/hexmovr_moto_panel': CMAKE_PREFIX_PATH=${CMAKE_PREFIX_PATH}:/home/hexmovr02/hexmovr_manager/install/hexmovr_motor_example:/home/hexmovr02/hexmovr_manager/install/my_python_pkg:/home/hexmovr02/hexmovr_manager/install/hexmovr_motor6_example:/home/hexmovr02/hexmovr_manager/install/hexmovr_moto_manager:/home/hexmovr02/hexmovr_manager/install/hexmovr_bridge:/home/hexmovr02/rebotarm_ros2/install/rebotarm_moveit_demos:/home/hexmovr02/rebotarm_ros2/install/rebotarm_bringup:/home/hexmovr02/rebotarm_ros2/install/rebotarmcontroller:/home/hexmovr02/reBotArmController_ROS2/install/rebotarm_bringup:/home/hexmovr02/reBotArmController_ROS2/install/rebotarmcontroller:/opt/ros/humble /usr/bin/cmake /home/hexmovr02/hexmovr_manager/src/hexmovr_moto_panel -DCMAKE_INSTALL_PREFIX=/home/hexmovr02/hexmovr_manager/install/hexmovr_moto_panel
[0.199s] -- Found ament_cmake: 1.3.14 (/opt/ros/humble/share/ament_cmake/cmake)
[0.307s] -- Override CMake install command with custom implementation using symlinks instead of copying resources
[0.314s] -- Found pluginlib: 5.1.4 (/opt/ros/humble/share/pluginlib/cmake)
[0.352s] -- Found rclcpp: 16.0.19 (/opt/ros/humble/share/rclcpp/cmake)
[0.368s] -- Found rosidl_generator_c: 3.1.8 (/opt/ros/humble/share/rosidl_generator_c/cmake)
[0.370s] -- Found rosidl_adapter: 3.1.8 (/opt/ros/humble/share/rosidl_adapter/cmake)
[0.375s] -- Found rosidl_generator_cpp: 3.1.8 (/opt/ros/humble/share/rosidl_generator_cpp/cmake)
[0.380s] -- Using all available rosidl_typesupport_c: rosidl_typesupport_fastrtps_c;rosidl_typesupport_introspection_c
[0.386s] -- Using all available rosidl_typesupport_cpp: rosidl_typesupport_fastrtps_cpp;rosidl_typesupport_introspection_cpp
[0.415s] -- Found rmw_implementation_cmake: 6.1.2 (/opt/ros/humble/share/rmw_implementation_cmake/cmake)
[0.417s] -- Found rmw_fastrtps_cpp: 6.2.10 (/opt/ros/humble/share/rmw_fastrtps_cpp/cmake)
[0.435s] -- Found TinyXML2 via Config file: TinyXML2_DIR-NOTFOUND
[0.441s] -- Found TinyXML2 via Config file: TinyXML2_DIR-NOTFOUND
[0.455s] -- Found TinyXML2 via Config file: TinyXML2_DIR-NOTFOUND
[0.460s] -- Found TinyXML2 via Config file: TinyXML2_DIR-NOTFOUND
[0.469s] -- Using RMW implementation 'rmw_fastrtps_cpp' as default
[0.499s] -- Found rviz_common: 11.2.26 (/opt/ros/humble/share/rviz_common/cmake)
[0.501s] -- Setting assimp_DIR to: '/opt/ros/humble/share/rviz_assimp_vendor/cmake/../../../opt/rviz_assimp_vendor/lib/cmake/assimp-4.1'
[0.505s] -- Setting OGRE_DIR to: '/opt/ros/humble/share/rviz_ogre_vendor/cmake/../../../opt/rviz_ogre_vendor/lib/OGRE/cmake'
[0.506s] -- Found OGRE
[0.506s] --   static     : OFF
[0.506s] --   components : HLMS;MeshLodGenerator;Overlay;Paging;Property;RTShaderSystem;Terrain;Volume
[0.506s] --   plugins    : Plugin_BSPSceneManager;Plugin_OctreeSceneManager;Plugin_PCZSceneManager;Plugin_ParticleFX;RenderSystem_GL;RenderSystem_GL3Plus;Codec_STBI
[0.506s] --   media      : /opt/ros/humble/opt/rviz_ogre_vendor/share/OGRE/Media
[0.506s] -- OGRE_LIBRARIES: OgreHLMS;OgreMeshLodGenerator;OgreOverlay;OgrePaging;OgreProperty;OgreRTShaderSystem;OgreTerrain;OgreVolume;OgreMain
[0.506s] -- OGRE_LIBRARY_DIRS: /opt/ros/humble/opt/rviz_ogre_vendor/lib
[0.506s] -- OGRE_PLUGINS: Plugin_BSPSceneManager;Plugin_OctreeSceneManager;Plugin_PCZSceneManager;Plugin_ParticleFX;RenderSystem_GL;RenderSystem_GL3Plus;Codec_STBI
[0.507s] -- OGRE_PLUGIN_DIR: /opt/ros/humble/opt/rviz_ogre_vendor/lib/OGRE
[0.507s] -- rviz_ogre_vendor::OgreOverlay for IMPORTED_LOCATION_RELEASE: /opt/ros/humble/opt/rviz_ogre_vendor/lib/libOgreOverlay.so
[0.507s] -- rviz_ogre_vendor::OgreOverlay for IMPORTED_LOCATION_DEBUG: /opt/ros/humble/opt/rviz_ogre_vendor/lib/libOgreOverlay.so
[0.507s] -- rviz_ogre_vendor::OgreMain for IMPORTED_LOCATION_RELEASE: /opt/ros/humble/opt/rviz_ogre_vendor/lib/libOgreMain.so
[0.507s] -- rviz_ogre_vendor::OgreMain for IMPORTED_LOCATION_DEBUG: /opt/ros/humble/opt/rviz_ogre_vendor/lib/libOgreMain.so
[0.508s] -- Could not find freeimage library
[0.566s] -- library: /usr/lib/x86_64-linux-gnu/libcurl.so
[0.590s] -- Ensuring Eigen3 include directory is part of orocos-kdl CMake target
[0.728s] -- Configuring done
[0.739s] -- Generating done
[0.743s] -- Build files have been written to: /home/hexmovr02/hexmovr_manager/build/hexmovr_moto_panel
[0.880s] Invoked command in '/home/hexmovr02/hexmovr_manager/build/hexmovr_moto_panel' returned '0': CMAKE_PREFIX_PATH=${CMAKE_PREFIX_PATH}:/home/hexmovr02/hexmovr_manager/install/hexmovr_motor_example:/home/hexmovr02/hexmovr_manager/install/my_python_pkg:/home/hexmovr02/hexmovr_manager/install/hexmovr_motor6_example:/home/hexmovr02/hexmovr_manager/install/hexmovr_moto_manager:/home/hexmovr02/hexmovr_manager/install/hexmovr_bridge:/home/hexmovr02/rebotarm_ros2/install/rebotarm_moveit_demos:/home/hexmovr02/rebotarm_ros2/install/rebotarm_bringup:/home/hexmovr02/rebotarm_ros2/install/rebotarmcontroller:/home/hexmovr02/reBotArmController_ROS2/install/rebotarm_bringup:/home/hexmovr02/reBotArmController_ROS2/install/rebotarmcontroller:/opt/ros/humble /usr/bin/cmake /home/hexmovr02/hexmovr_manager/src/hexmovr_moto_panel -DCMAKE_INSTALL_PREFIX=/home/hexmovr02/hexmovr_manager/install/hexmovr_moto_panel
[0.881s] Invoking command in '/home/hexmovr02/hexmovr_manager/build/hexmovr_moto_panel': CMAKE_PREFIX_PATH=${CMAKE_PREFIX_PATH}:/home/hexmovr02/hexmovr_manager/install/hexmovr_motor_example:/home/hexmovr02/hexmovr_manager/install/my_python_pkg:/home/hexmovr02/hexmovr_manager/install/hexmovr_motor6_example:/home/hexmovr02/hexmovr_manager/install/hexmovr_moto_manager:/home/hexmovr02/hexmovr_manager/install/hexmovr_bridge:/home/hexmovr02/rebotarm_ros2/install/rebotarm_moveit_demos:/home/hexmovr02/rebotarm_ros2/install/rebotarm_bringup:/home/hexmovr02/rebotarm_ros2/install/rebotarmcontroller:/home/hexmovr02/reBotArmController_ROS2/install/rebotarm_bringup:/home/hexmovr02/reBotArmController_ROS2/install/rebotarmcontroller:/opt/ros/humble /usr/bin/cmake --build /home/hexmovr02/hexmovr_manager/build/hexmovr_moto_panel -- -j32 -l32
[0.919s] [35m[1mConsolidate compiler generated dependencies of target hexmovr_moto_panel[0m
[0.937s] [100%] Built target hexmovr_moto_panel
[0.947s] Invoked command in '/home/hexmovr02/hexmovr_manager/build/hexmovr_moto_panel' returned '0': CMAKE_PREFIX_PATH=${CMAKE_PREFIX_PATH}:/home/hexmovr02/hexmovr_manager/install/hexmovr_motor_example:/home/hexmovr02/hexmovr_manager/install/my_python_pkg:/home/hexmovr02/hexmovr_manager/install/hexmovr_motor6_example:/home/hexmovr02/hexmovr_manager/install/hexmovr_moto_manager:/home/hexmovr02/hexmovr_manager/install/hexmovr_bridge:/home/hexmovr02/rebotarm_ros2/install/rebotarm_moveit_demos:/home/hexmovr02/rebotarm_ros2/install/rebotarm_bringup:/home/hexmovr02/rebotarm_ros2/install/rebotarmcontroller:/home/hexmovr02/reBotArmController_ROS2/install/rebotarm_bringup:/home/hexmovr02/reBotArmController_ROS2/install/rebotarmcontroller:/opt/ros/humble /usr/bin/cmake --build /home/hexmovr02/hexmovr_manager/build/hexmovr_moto_panel -- -j32 -l32
[0.956s] Invoking command in '/home/hexmovr02/hexmovr_manager/build/hexmovr_moto_panel': CMAKE_PREFIX_PATH=${CMAKE_PREFIX_PATH}:/home/hexmovr02/hexmovr_manager/install/hexmovr_motor_example:/home/hexmovr02/hexmovr_manager/install/my_python_pkg:/home/hexmovr02/hexmovr_manager/install/hexmovr_motor6_example:/home/hexmovr02/hexmovr_manager/install/hexmovr_moto_manager:/home/hexmovr02/hexmovr_manager/install/hexmovr_bridge:/home/hexmovr02/rebotarm_ros2/install/rebotarm_moveit_demos:/home/hexmovr02/rebotarm_ros2/install/rebotarm_bringup:/home/hexmovr02/rebotarm_ros2/install/rebotarmcontroller:/home/hexmovr02/reBotArmController_ROS2/install/rebotarm_bringup:/home/hexmovr02/reBotArmController_ROS2/install/rebotarmcontroller:/opt/ros/humble /usr/bin/cmake --install /home/hexmovr02/hexmovr_manager/build/hexmovr_moto_panel
[0.961s] -- Install configuration: ""
[0.962s] -- Execute custom install script
[0.962s] -- Up-to-date symlink: /home/hexmovr02/hexmovr_manager/install/hexmovr_moto_panel/share/hexmovr_moto_panel//plugin_description.xml
[0.962s] -- Up-to-date symlink: /home/hexmovr02/hexmovr_manager/install/hexmovr_moto_panel/include/hexmovr_moto_panel/hexmovr_panel.hpp
[0.962s] -- Up-to-date symlink: /home/hexmovr02/hexmovr_manager/install/hexmovr_moto_panel/share/hexmovr_moto_panel/plugin_description.xml
[0.962s] -- Up-to-date symlink: /home/hexmovr02/hexmovr_manager/install/hexmovr_moto_panel/share/hexmovr_moto_panel/environment/library_path.sh
[0.962s] -- Up-to-date symlink: /home/hexmovr02/hexmovr_manager/install/hexmovr_moto_panel/share/hexmovr_moto_panel/environment/library_path.dsv
[0.962s] -- Up-to-date symlink: /home/hexmovr02/hexmovr_manager/install/hexmovr_moto_panel/share/ament_index/resource_index/package_run_dependencies/hexmovr_moto_panel
[0.962s] -- Up-to-date symlink: /home/hexmovr02/hexmovr_manager/install/hexmovr_moto_panel/share/ament_index/resource_index/parent_prefix_path/hexmovr_moto_panel
[0.962s] -- Up-to-date symlink: /home/hexmovr02/hexmovr_manager/install/hexmovr_moto_panel/share/hexmovr_moto_panel/environment/ament_prefix_path.sh
[0.962s] -- Up-to-date symlink: /home/hexmovr02/hexmovr_manager/install/hexmovr_moto_panel/share/hexmovr_moto_panel/environment/ament_prefix_path.dsv
[0.963s] -- Up-to-date symlink: /home/hexmovr02/hexmovr_manager/install/hexmovr_moto_panel/share/hexmovr_moto_panel/environment/path.sh
[0.963s] -- Up-to-date symlink: /home/hexmovr02/hexmovr_manager/install/hexmovr_moto_panel/share/hexmovr_moto_panel/environment/path.dsv
[0.963s] -- Up-to-date symlink: /home/hexmovr02/hexmovr_manager/install/hexmovr_moto_panel/share/hexmovr_moto_panel/local_setup.bash
[0.963s] -- Up-to-date symlink: /home/hexmovr02/hexmovr_manager/install/hexmovr_moto_panel/share/hexmovr_moto_panel/local_setup.sh
[0.963s] -- Up-to-date symlink: /home/hexmovr02/hexmovr_manager/install/hexmovr_moto_panel/share/hexmovr_moto_panel/local_setup.zsh
[0.963s] -- Up-to-date symlink: /home/hexmovr02/hexmovr_manager/install/hexmovr_moto_panel/share/hexmovr_moto_panel/local_setup.dsv
[0.963s] -- Symlinking: /home/hexmovr02/hexmovr_manager/install/hexmovr_moto_panel/share/hexmovr_moto_panel/package.dsv
[0.970s] -- Up-to-date symlink: /home/hexmovr02/hexmovr_manager/install/hexmovr_moto_panel/share/ament_index/resource_index/packages/hexmovr_moto_panel
[0.970s] -- Up-to-date symlink: /home/hexmovr02/hexmovr_manager/install/hexmovr_moto_panel/share/ament_index/resource_index/rviz_common__pluginlib__plugin/hexmovr_moto_panel
[0.970s] -- Up-to-date symlink: /home/hexmovr02/hexmovr_manager/install/hexmovr_moto_panel/share/hexmovr_moto_panel/cmake/ament_cmake_export_include_directories-extras.cmake
[0.970s] -- Up-to-date symlink: /home/hexmovr02/hexmovr_manager/install/hexmovr_moto_panel/share/hexmovr_moto_panel/cmake/ament_cmake_export_libraries-extras.cmake
[0.970s] -- Up-to-date symlink: /home/hexmovr02/hexmovr_manager/install/hexmovr_moto_panel/share/hexmovr_moto_panel/cmake/ament_cmake_export_targets-extras.cmake
[0.971s] -- Up-to-date symlink: /home/hexmovr02/hexmovr_manager/install/hexmovr_moto_panel/share/hexmovr_moto_panel/cmake/hexmovr_moto_panelConfig.cmake
[0.971s] -- Up-to-date symlink: /home/hexmovr02/hexmovr_manager/install/hexmovr_moto_panel/share/hexmovr_moto_panel/cmake/hexmovr_moto_panelConfig-version.cmake
[0.971s] -- Up-to-date symlink: /home/hexmovr02/hexmovr_manager/install/hexmovr_moto_panel/share/hexmovr_moto_panel/package.xml
[0.971s] -- Up-to-date: /home/hexmovr02/hexmovr_manager/install/hexmovr_moto_panel/lib/libhexmovr_moto_panel.so
[0.971s] -- Up-to-date: /home/hexmovr02/hexmovr_manager/install/hexmovr_moto_panel/share/hexmovr_moto_panel/cmake/hexmovr_moto_panelExport.cmake
[0.971s] -- Up-to-date: /home/hexmovr02/hexmovr_manager/install/hexmovr_moto_panel/share/hexmovr_moto_panel/cmake/hexmovr_moto_panelExport-noconfig.cmake
[0.972s] Invoked command in '/home/hexmovr02/hexmovr_manager/build/hexmovr_moto_panel' returned '0': CMAKE_PREFIX_PATH=${CMAKE_PREFIX_PATH}:/home/hexmovr02/hexmovr_manager/install/hexmovr_motor_example:/home/hexmovr02/hexmovr_manager/install/my_python_pkg:/home/hexmovr02/hexmovr_manager/install/hexmovr_motor6_example:/home/hexmovr02/hexmovr_manager/install/hexmovr_moto_manager:/home/hexmovr02/hexmovr_manager/install/hexmovr_bridge:/home/hexmovr02/rebotarm_ros2/install/rebotarm_moveit_demos:/home/hexmovr02/rebotarm_ros2/install/rebotarm_bringup:/home/hexmovr02/rebotarm_ros2/install/rebotarmcontroller:/home/hexmovr02/reBotArmController_ROS2/install/rebotarm_bringup:/home/hexmovr02/reBotArmController_ROS2/install/rebotarmcontroller:/opt/ros/humble /usr/bin/cmake --install /home/hexmovr02/hexmovr_manager/build/hexmovr_moto_panel
