[0.163s] Invoking command in '/home/hexmovr02/hexmovr_manager/build/hexmovr_moto_panel': CMAKE_PREFIX_PATH=/opt/ros/humble /usr/bin/cmake --build /home/hexmovr02/hexmovr_manager/build/hexmovr_moto_panel -- -j32 -l32
[0.221s] [100%] Built target hexmovr_moto_panel
[0.229s] Invoked command in '/home/hexmovr02/hexmovr_manager/build/hexmovr_moto_panel' returned '0': CMAKE_PREFIX_PATH=/opt/ros/humble /usr/bin/cmake --build /home/hexmovr02/hexmovr_manager/build/hexmovr_moto_panel -- -j32 -l32
[0.238s] Invoking command in '/home/hexmovr02/hexmovr_manager/build/hexmovr_moto_panel': CMAKE_PREFIX_PATH=/opt/ros/humble /usr/bin/cmake --install /home/hexmovr02/hexmovr_manager/build/hexmovr_moto_panel
[0.244s] -- Install configuration: ""
[0.245s] -- Execute custom install script
[0.245s] -- Up-to-date symlink: /home/hexmovr02/hexmovr_manager/install/hexmovr_moto_panel/share/hexmovr_moto_panel//plugin_description.xml
[0.245s] -- Up-to-date symlink: /home/hexmovr02/hexmovr_manager/install/hexmovr_moto_panel/include/hexmovr_moto_panel/hexmovr_panel.hpp
[0.245s] -- Up-to-date symlink: /home/hexmovr02/hexmovr_manager/install/hexmovr_moto_panel/share/hexmovr_moto_panel/plugin_description.xml
[0.245s] -- Up-to-date symlink: /home/hexmovr02/hexmovr_manager/install/hexmovr_moto_panel/share/hexmovr_moto_panel/environment/library_path.sh
[0.245s] -- Up-to-date symlink: /home/hexmovr02/hexmovr_manager/install/hexmovr_moto_panel/share/hexmovr_moto_panel/environment/library_path.dsv
[0.245s] -- Up-to-date symlink: /home/hexmovr02/hexmovr_manager/install/hexmovr_moto_panel/share/ament_index/resource_index/package_run_dependencies/hexmovr_moto_panel
[0.245s] -- Up-to-date symlink: /home/hexmovr02/hexmovr_manager/install/hexmovr_moto_panel/share/ament_index/resource_index/parent_prefix_path/hexmovr_moto_panel
[0.246s] -- Up-to-date symlink: /home/hexmovr02/hexmovr_manager/install/hexmovr_moto_panel/share/hexmovr_moto_panel/environment/ament_prefix_path.sh
[0.246s] -- Up-to-date symlink: /home/hexmovr02/hexmovr_manager/install/hexmovr_moto_panel/share/hexmovr_moto_panel/environment/ament_prefix_path.dsv
[0.246s] -- Up-to-date symlink: /home/hexmovr02/hexmovr_manager/install/hexmovr_moto_panel/share/hexmovr_moto_panel/environment/path.sh
[0.246s] -- Up-to-date symlink: /home/hexmovr02/hexmovr_manager/install/hexmovr_moto_panel/share/hexmovr_moto_panel/environment/path.dsv
[0.246s] -- Up-to-date symlink: /home/hexmovr02/hexmovr_manager/install/hexmovr_moto_panel/share/hexmovr_moto_panel/local_setup.bash
[0.246s] -- Up-to-date symlink: /home/hexmovr02/hexmovr_manager/install/hexmovr_moto_panel/share/hexmovr_moto_panel/local_setup.sh
[0.246s] -- Up-to-date symlink: /home/hexmovr02/hexmovr_manager/install/hexmovr_moto_panel/share/hexmovr_moto_panel/local_setup.zsh
[0.246s] -- Up-to-date symlink: /home/hexmovr02/hexmovr_manager/install/hexmovr_moto_panel/share/hexmovr_moto_panel/local_setup.dsv
[0.247s] -- Symlinking: /home/hexmovr02/hexmovr_manager/install/hexmovr_moto_panel/share/hexmovr_moto_panel/package.dsv
[0.256s] -- Up-to-date symlink: /home/hexmovr02/hexmovr_manager/install/hexmovr_moto_panel/share/ament_index/resource_index/packages/hexmovr_moto_panel
[0.256s] -- Up-to-date symlink: /home/hexmovr02/hexmovr_manager/install/hexmovr_moto_panel/share/ament_index/resource_index/rviz_common__pluginlib__plugin/hexmovr_moto_panel
[0.256s] -- Up-to-date symlink: /home/hexmovr02/hexmovr_manager/install/hexmovr_moto_panel/share/hexmovr_moto_panel/cmake/ament_cmake_export_include_directories-extras.cmake
[0.256s] -- Up-to-date symlink: /home/hexmovr02/hexmovr_manager/install/hexmovr_moto_panel/share/hexmovr_moto_panel/cmake/ament_cmake_export_libraries-extras.cmake
[0.256s] -- Up-to-date symlink: /home/hexmovr02/hexmovr_manager/install/hexmovr_moto_panel/share/hexmovr_moto_panel/cmake/ament_cmake_export_targets-extras.cmake
[0.256s] -- Up-to-date symlink: /home/hexmovr02/hexmovr_manager/install/hexmovr_moto_panel/share/hexmovr_moto_panel/cmake/hexmovr_moto_panelConfig.cmake
[0.256s] -- Up-to-date symlink: /home/hexmovr02/hexmovr_manager/install/hexmovr_moto_panel/share/hexmovr_moto_panel/cmake/hexmovr_moto_panelConfig-version.cmake
[0.256s] -- Up-to-date symlink: /home/hexmovr02/hexmovr_manager/install/hexmovr_moto_panel/share/hexmovr_moto_panel/package.xml
[0.256s] -- Up-to-date: /home/hexmovr02/hexmovr_manager/install/hexmovr_moto_panel/lib/libhexmovr_moto_panel.so
[0.257s] -- Up-to-date: /home/hexmovr02/hexmovr_manager/install/hexmovr_moto_panel/share/hexmovr_moto_panel/cmake/hexmovr_moto_panelExport.cmake
[0.257s] -- Up-to-date: /home/hexmovr02/hexmovr_manager/install/hexmovr_moto_panel/share/hexmovr_moto_panel/cmake/hexmovr_moto_panelExport-noconfig.cmake
[0.259s] Invoked command in '/home/hexmovr02/hexmovr_manager/build/hexmovr_moto_panel' returned '0': CMAKE_PREFIX_PATH=/opt/ros/humble /usr/bin/cmake --install /home/hexmovr02/hexmovr_manager/build/hexmovr_moto_panel
