[60.041s] Invoking command in '/home/hexmovr02/hexmovr_manager/src/hexmovr_moto_manager': PYTHONPATH=/home/hexmovr02/hexmovr_manager/build/hexmovr_moto_manager/prefix_override:/usr/lib/python3/dist-packages/colcon_core/task/python/colcon_distutils_commands:/home/hexmovr02/hexmovr_manager/install/hexmovr_moto_manager/lib/python3.10/site-packages:${PYTHONPATH} /usr/bin/python3 -W ignore:setup.py install is deprecated -W ignore:easy_install command is deprecated setup.py egg_info --egg-base ../../build/hexmovr_moto_manager build --build-base /home/hexmovr02/hexmovr_manager/build/hexmovr_moto_manager/build install --record /home/hexmovr02/hexmovr_manager/build/hexmovr_moto_manager/install.log --single-version-externally-managed install_data
[60.198s] running egg_info
[60.198s] writing ../../build/hexmovr_moto_manager/hexmovr_moto_manager.egg-info/PKG-INFO
[60.199s] writing dependency_links to ../../build/hexmovr_moto_manager/hexmovr_moto_manager.egg-info/dependency_links.txt
[60.199s] writing entry points to ../../build/hexmovr_moto_manager/hexmovr_moto_manager.egg-info/entry_points.txt
[60.199s] writing requirements to ../../build/hexmovr_moto_manager/hexmovr_moto_manager.egg-info/requires.txt
[60.199s] writing top-level names to ../../build/hexmovr_moto_manager/hexmovr_moto_manager.egg-info/top_level.txt
[60.201s] reading manifest file '../../build/hexmovr_moto_manager/hexmovr_moto_manager.egg-info/SOURCES.txt'
[60.201s] writing manifest file '../../build/hexmovr_moto_manager/hexmovr_moto_manager.egg-info/SOURCES.txt'
[60.201s] running build
[60.201s] running build_py
[60.201s] copying hexmovr_moto_manager/moto_scaner.py -> /home/hexmovr02/hexmovr_manager/build/hexmovr_moto_manager/build/lib/hexmovr_moto_manager
[60.202s] copying hexmovr_moto_manager/can_transport.py -> /home/hexmovr02/hexmovr_manager/build/hexmovr_moto_manager/build/lib/hexmovr_moto_manager
[60.202s] running install
[60.202s] running install_lib
[60.202s] copying /home/hexmovr02/hexmovr_manager/build/hexmovr_moto_manager/build/lib/hexmovr_moto_manager/moto_scaner.py -> /home/hexmovr02/hexmovr_manager/install/hexmovr_moto_manager/lib/python3.10/site-packages/hexmovr_moto_manager
[60.202s] copying /home/hexmovr02/hexmovr_manager/build/hexmovr_moto_manager/build/lib/hexmovr_moto_manager/can_transport.py -> /home/hexmovr02/hexmovr_manager/install/hexmovr_moto_manager/lib/python3.10/site-packages/hexmovr_moto_manager
[60.203s] byte-compiling /home/hexmovr02/hexmovr_manager/install/hexmovr_moto_manager/lib/python3.10/site-packages/hexmovr_moto_manager/moto_scaner.py to moto_scaner.cpython-310.pyc
[60.207s] byte-compiling /home/hexmovr02/hexmovr_manager/install/hexmovr_moto_manager/lib/python3.10/site-packages/hexmovr_moto_manager/can_transport.py to can_transport.cpython-310.pyc
[60.208s] running install_data
[60.208s] copying launch/hexmovr_manager.launch.py -> /home/hexmovr02/hexmovr_manager/install/hexmovr_moto_manager/share/hexmovr_moto_manager/launch
[60.208s] running install_egg_info
[60.209s] removing '/home/hexmovr02/hexmovr_manager/install/hexmovr_moto_manager/lib/python3.10/site-packages/hexmovr_moto_manager-0.0.0-py3.10.egg-info' (and everything under it)
[60.209s] Copying ../../build/hexmovr_moto_manager/hexmovr_moto_manager.egg-info to /home/hexmovr02/hexmovr_manager/install/hexmovr_moto_manager/lib/python3.10/site-packages/hexmovr_moto_manager-0.0.0-py3.10.egg-info
[60.210s] running install_scripts
[60.223s] Installing moto_scaner script to /home/hexmovr02/hexmovr_manager/install/hexmovr_moto_manager/lib/hexmovr_moto_manager
[60.223s] writing list of installed files to '/home/hexmovr02/hexmovr_manager/build/hexmovr_moto_manager/install.log'
[90.049s] Invoked command in '/home/hexmovr02/hexmovr_manager/src/hexmovr_moto_manager' returned '0': PYTHONPATH=/home/hexmovr02/hexmovr_manager/build/hexmovr_moto_manager/prefix_override:/usr/lib/python3/dist-packages/colcon_core/task/python/colcon_distutils_commands:/home/hexmovr02/hexmovr_manager/install/hexmovr_moto_manager/lib/python3.10/site-packages:${PYTHONPATH} /usr/bin/python3 -W ignore:setup.py install is deprecated -W ignore:easy_install command is deprecated setup.py egg_info --egg-base ../../build/hexmovr_moto_manager build --build-base /home/hexmovr02/hexmovr_manager/build/hexmovr_moto_manager/build install --record /home/hexmovr02/hexmovr_manager/build/hexmovr_moto_manager/install.log --single-version-externally-managed install_data
