[0.068s] DEBUG:colcon:Command line arguments: ['/usr/bin/colcon', 'build', '--packages-select', 'hexmovr_moto_panel']
[0.068s] DEBUG:colcon:Parsed command line arguments: Namespace(log_base=None, log_level=None, verb_name='build', build_base='build', install_base='install', merge_install=False, symlink_install=False, test_result_base=None, continue_on_error=False, executor='parallel', parallel_workers=32, event_handlers=None, ignore_user_meta=False, metas=['./colcon.meta'], base_paths=['.'], packages_ignore=None, packages_ignore_regex=None, paths=None, packages_up_to=None, packages_up_to_regex=None, packages_above=None, packages_above_and_dependencies=None, packages_above_depth=None, packages_select_by_dep=None, packages_skip_by_dep=None, packages_skip_up_to=None, packages_select_build_failed=False, packages_skip_build_finished=False, packages_select_test_failures=False, packages_skip_test_passed=False, packages_select=['hexmovr_moto_panel'], packages_skip=None, packages_select_regex=None, packages_skip_regex=None, packages_start=None, packages_end=None, allow_overriding=[], cmake_args=None, cmake_target=None, cmake_target_skip_unavailable=False, cmake_clean_cache=False, cmake_clean_first=False, cmake_force_configure=False, ament_cmake_args=None, catkin_cmake_args=None, catkin_skip_building_tests=False, verb_parser=<colcon_defaults.argument_parser.defaults.DefaultArgumentsDecorator object at 0x7c4f48b4edd0>, verb_extension=<colcon_core.verb.build.BuildVerb object at 0x7c4f48cac250>, main=<bound method BuildVerb.main of <colcon_core.verb.build.BuildVerb object at 0x7c4f48cac250>>)
[0.171s] Level 1:colcon.colcon_core.package_discovery:discover_packages(colcon_meta) check parameters
[0.171s] Level 1:colcon.colcon_core.package_discovery:discover_packages(recursive) check parameters
[0.171s] Level 1:colcon.colcon_core.package_discovery:discover_packages(ignore) check parameters
[0.171s] Level 1:colcon.colcon_core.package_discovery:discover_packages(path) check parameters
[0.171s] Level 1:colcon.colcon_core.package_discovery:discover_packages(colcon_meta) discover
[0.171s] Level 1:colcon.colcon_core.package_discovery:discover_packages(recursive) discover
[0.171s] INFO:colcon.colcon_core.package_discovery:Crawling recursively for packages in '/home/hexmovr02/hexmovr_manager'
[0.172s] Level 1:colcon.colcon_core.package_identification:_identify(.) by extensions ['ignore', 'ignore_ament_install']
[0.172s] Level 1:colcon.colcon_core.package_identification:_identify(.) by extension 'ignore'
[0.172s] Level 1:colcon.colcon_core.package_identification:_identify(.) by extension 'ignore_ament_install'
[0.172s] Level 1:colcon.colcon_core.package_identification:_identify(.) by extensions ['colcon_pkg']
[0.172s] Level 1:colcon.colcon_core.package_identification:_identify(.) by extension 'colcon_pkg'
[0.172s] Level 1:colcon.colcon_core.package_identification:_identify(.) by extensions ['colcon_meta']
[0.172s] Level 1:colcon.colcon_core.package_identification:_identify(.) by extension 'colcon_meta'
[0.172s] Level 1:colcon.colcon_core.package_identification:_identify(.) by extensions ['ros']
[0.172s] Level 1:colcon.colcon_core.package_identification:_identify(.) by extension 'ros'
[0.179s] Level 1:colcon.colcon_core.package_identification:_identify(.) by extensions ['cmake', 'python']
[0.179s] Level 1:colcon.colcon_core.package_identification:_identify(.) by extension 'cmake'
[0.179s] Level 1:colcon.colcon_core.package_identification:_identify(.) by extension 'python'
[0.179s] Level 1:colcon.colcon_core.package_identification:_identify(.) by extensions ['python_setup_py']
[0.179s] Level 1:colcon.colcon_core.package_identification:_identify(.) by extension 'python_setup_py'
[0.179s] Level 1:colcon.colcon_core.package_identification:_identify(build) by extensions ['ignore', 'ignore_ament_install']
[0.179s] Level 1:colcon.colcon_core.package_identification:_identify(build) by extension 'ignore'
[0.180s] Level 1:colcon.colcon_core.package_identification:_identify(build) ignored
[0.180s] Level 1:colcon.colcon_core.package_identification:_identify(install) by extensions ['ignore', 'ignore_ament_install']
[0.180s] Level 1:colcon.colcon_core.package_identification:_identify(install) by extension 'ignore'
[0.180s] Level 1:colcon.colcon_core.package_identification:_identify(install) ignored
[0.180s] Level 1:colcon.colcon_core.package_identification:_identify(log) by extensions ['ignore', 'ignore_ament_install']
[0.180s] Level 1:colcon.colcon_core.package_identification:_identify(log) by extension 'ignore'
[0.180s] Level 1:colcon.colcon_core.package_identification:_identify(log) ignored
[0.180s] Level 1:colcon.colcon_core.package_identification:_identify(src) by extensions ['ignore', 'ignore_ament_install']
[0.180s] Level 1:colcon.colcon_core.package_identification:_identify(src) by extension 'ignore'
[0.180s] Level 1:colcon.colcon_core.package_identification:_identify(src) by extension 'ignore_ament_install'
[0.180s] Level 1:colcon.colcon_core.package_identification:_identify(src) by extensions ['colcon_pkg']
[0.180s] Level 1:colcon.colcon_core.package_identification:_identify(src) by extension 'colcon_pkg'
[0.180s] Level 1:colcon.colcon_core.package_identification:_identify(src) by extensions ['colcon_meta']
[0.180s] Level 1:colcon.colcon_core.package_identification:_identify(src) by extension 'colcon_meta'
[0.180s] Level 1:colcon.colcon_core.package_identification:_identify(src) by extensions ['ros']
[0.180s] Level 1:colcon.colcon_core.package_identification:_identify(src) by extension 'ros'
[0.180s] Level 1:colcon.colcon_core.package_identification:_identify(src) by extensions ['cmake', 'python']
[0.180s] Level 1:colcon.colcon_core.package_identification:_identify(src) by extension 'cmake'
[0.180s] Level 1:colcon.colcon_core.package_identification:_identify(src) by extension 'python'
[0.180s] Level 1:colcon.colcon_core.package_identification:_identify(src) by extensions ['python_setup_py']
[0.180s] Level 1:colcon.colcon_core.package_identification:_identify(src) by extension 'python_setup_py'
[0.180s] Level 1:colcon.colcon_core.package_identification:_identify(src/hexmovr_moto_manager) by extensions ['ignore', 'ignore_ament_install']
[0.180s] Level 1:colcon.colcon_core.package_identification:_identify(src/hexmovr_moto_manager) by extension 'ignore'
[0.180s] Level 1:colcon.colcon_core.package_identification:_identify(src/hexmovr_moto_manager) by extension 'ignore_ament_install'
[0.180s] Level 1:colcon.colcon_core.package_identification:_identify(src/hexmovr_moto_manager) by extensions ['colcon_pkg']
[0.180s] Level 1:colcon.colcon_core.package_identification:_identify(src/hexmovr_moto_manager) by extension 'colcon_pkg'
[0.180s] Level 1:colcon.colcon_core.package_identification:_identify(src/hexmovr_moto_manager) by extensions ['colcon_meta']
[0.180s] Level 1:colcon.colcon_core.package_identification:_identify(src/hexmovr_moto_manager) by extension 'colcon_meta'
[0.181s] Level 1:colcon.colcon_core.package_identification:_identify(src/hexmovr_moto_manager) by extensions ['ros']
[0.181s] Level 1:colcon.colcon_core.package_identification:_identify(src/hexmovr_moto_manager) by extension 'ros'
[0.182s] DEBUG:colcon.colcon_core.package_identification:Package 'src/hexmovr_moto_manager' with type 'ros.ament_python' and name 'hexmovr_moto_manager'
[0.183s] Level 1:colcon.colcon_core.package_identification:_identify(src/hexmovr_moto_panel) by extensions ['ignore', 'ignore_ament_install']
[0.183s] Level 1:colcon.colcon_core.package_identification:_identify(src/hexmovr_moto_panel) by extension 'ignore'
[0.183s] Level 1:colcon.colcon_core.package_identification:_identify(src/hexmovr_moto_panel) by extension 'ignore_ament_install'
[0.183s] Level 1:colcon.colcon_core.package_identification:_identify(src/hexmovr_moto_panel) by extensions ['colcon_pkg']
[0.183s] Level 1:colcon.colcon_core.package_identification:_identify(src/hexmovr_moto_panel) by extension 'colcon_pkg'
[0.183s] Level 1:colcon.colcon_core.package_identification:_identify(src/hexmovr_moto_panel) by extensions ['colcon_meta']
[0.183s] Level 1:colcon.colcon_core.package_identification:_identify(src/hexmovr_moto_panel) by extension 'colcon_meta'
[0.183s] Level 1:colcon.colcon_core.package_identification:_identify(src/hexmovr_moto_panel) by extensions ['ros']
[0.183s] Level 1:colcon.colcon_core.package_identification:_identify(src/hexmovr_moto_panel) by extension 'ros'
[0.183s] DEBUG:colcon.colcon_core.package_identification:Package 'src/hexmovr_moto_panel' with type 'ros.ament_cmake' and name 'hexmovr_moto_panel'
[0.183s] Level 1:colcon.colcon_core.package_discovery:discover_packages(recursive) using defaults
[0.183s] Level 1:colcon.colcon_core.package_discovery:discover_packages(ignore) discover
[0.184s] Level 1:colcon.colcon_core.package_discovery:discover_packages(ignore) using defaults
[0.184s] Level 1:colcon.colcon_core.package_discovery:discover_packages(path) discover
[0.184s] Level 1:colcon.colcon_core.package_discovery:discover_packages(path) using defaults
[0.203s] INFO:colcon.colcon_core.package_selection:Skipping not selected package 'hexmovr_moto_manager' in 'src/hexmovr_moto_manager'
[0.203s] Level 1:colcon.colcon_core.package_discovery:discover_packages(prefix_path) check parameters
[0.203s] Level 1:colcon.colcon_core.package_discovery:discover_packages(prefix_path) discover
[0.204s] DEBUG:colcon.colcon_installed_package_information.package_discovery:Found 3 installed packages in /home/hexmovr02/hexmovr_manager/install
[0.205s] DEBUG:colcon.colcon_installed_package_information.package_discovery:Found 5 installed packages in /home/hexmovr02/rebotarm_ros2/install
[0.205s] DEBUG:colcon.colcon_installed_package_information.package_discovery:Found 3 installed packages in /home/hexmovr02/reBotArmController_ROS2/install
[0.205s] DEBUG:colcon.colcon_installed_package_information.package_discovery:Found 0 installed packages in /home/hexmovr02/seeed/rebotarm_ros2/install
[0.205s] DEBUG:colcon.colcon_installed_package_information.package_discovery:Found 0 installed packages in /home/hexmovr02/test/install
[0.206s] DEBUG:colcon.colcon_installed_package_information.package_discovery:Found 359 installed packages in /opt/ros/humble
[0.207s] Level 1:colcon.colcon_core.package_discovery:discover_packages(prefix_path) using defaults
[0.235s] Level 5:colcon.colcon_core.verb:set package 'hexmovr_moto_panel' build argument 'cmake_args' from command line to 'None'
[0.235s] Level 5:colcon.colcon_core.verb:set package 'hexmovr_moto_panel' build argument 'cmake_target' from command line to 'None'
[0.236s] Level 5:colcon.colcon_core.verb:set package 'hexmovr_moto_panel' build argument 'cmake_target_skip_unavailable' from command line to 'False'
[0.236s] Level 5:colcon.colcon_core.verb:set package 'hexmovr_moto_panel' build argument 'cmake_clean_cache' from command line to 'False'
[0.236s] Level 5:colcon.colcon_core.verb:set package 'hexmovr_moto_panel' build argument 'cmake_clean_first' from command line to 'False'
[0.236s] Level 5:colcon.colcon_core.verb:set package 'hexmovr_moto_panel' build argument 'cmake_force_configure' from command line to 'False'
[0.236s] Level 5:colcon.colcon_core.verb:set package 'hexmovr_moto_panel' build argument 'ament_cmake_args' from command line to 'None'
[0.236s] Level 5:colcon.colcon_core.verb:set package 'hexmovr_moto_panel' build argument 'catkin_cmake_args' from command line to 'None'
[0.236s] Level 5:colcon.colcon_core.verb:set package 'hexmovr_moto_panel' build argument 'catkin_skip_building_tests' from command line to 'False'
[0.236s] DEBUG:colcon.colcon_core.verb:Building package 'hexmovr_moto_panel' with the following arguments: {'ament_cmake_args': None, 'build_base': '/home/hexmovr02/hexmovr_manager/build/hexmovr_moto_panel', 'catkin_cmake_args': None, 'catkin_skip_building_tests': False, 'cmake_args': None, 'cmake_clean_cache': False, 'cmake_clean_first': False, 'cmake_force_configure': False, 'cmake_target': None, 'cmake_target_skip_unavailable': False, 'install_base': '/home/hexmovr02/hexmovr_manager/install/hexmovr_moto_panel', 'merge_install': False, 'path': '/home/hexmovr02/hexmovr_manager/src/hexmovr_moto_panel', 'symlink_install': False, 'test_result_base': None}
[0.236s] INFO:colcon.colcon_core.executor:Executing jobs using 'parallel' executor
[0.237s] DEBUG:colcon.colcon_parallel_executor.executor.parallel:run_until_complete
[0.237s] INFO:colcon.colcon_ros.task.ament_cmake.build:Building ROS package in '/home/hexmovr02/hexmovr_manager/src/hexmovr_moto_panel' with build type 'ament_cmake'
[0.237s] INFO:colcon.colcon_cmake.task.cmake.build:Building CMake package in '/home/hexmovr02/hexmovr_manager/src/hexmovr_moto_panel'
[0.238s] INFO:colcon.colcon_core.plugin_system:Skipping extension 'colcon_core.shell.bat': Not used on non-Windows systems
[0.238s] INFO:colcon.colcon_core.shell:Skip shell extension 'powershell' for command environment: Not usable outside of PowerShell
[0.238s] DEBUG:colcon.colcon_core.shell:Skip shell extension 'dsv' for command environment
[0.247s] DEBUG:colcon.colcon_core.event_handler.log_command:Invoking command in '/home/hexmovr02/hexmovr_manager/build/hexmovr_moto_panel': CMAKE_PREFIX_PATH=${CMAKE_PREFIX_PATH}:/home/hexmovr02/hexmovr_manager/install/my_python_pkg:/home/hexmovr02/rebotarm_ros2/install/rebotarm_moveit_demos:/home/hexmovr02/rebotarm_ros2/install/rebotarm_bringup:/home/hexmovr02/rebotarm_ros2/install/rebotarmcontroller:/home/hexmovr02/reBotArmController_ROS2/install/rebotarm_bringup:/home/hexmovr02/reBotArmController_ROS2/install/rebotarmcontroller:/opt/ros/humble /usr/bin/cmake --build /home/hexmovr02/hexmovr_manager/build/hexmovr_moto_panel -- -j32 -l32
[30.264s] Level 1:colcon.colcon_core.environment:create_environment_scripts_only(hexmovr_moto_panel)
[30.265s] DEBUG:colcon.colcon_core.event_handler.log_command:Invoked command in '/home/hexmovr02/hexmovr_manager/build/hexmovr_moto_panel' returned '2': CMAKE_PREFIX_PATH=${CMAKE_PREFIX_PATH}:/home/hexmovr02/hexmovr_manager/install/my_python_pkg:/home/hexmovr02/rebotarm_ros2/install/rebotarm_moveit_demos:/home/hexmovr02/rebotarm_ros2/install/rebotarm_bringup:/home/hexmovr02/rebotarm_ros2/install/rebotarmcontroller:/home/hexmovr02/reBotArmController_ROS2/install/rebotarm_bringup:/home/hexmovr02/reBotArmController_ROS2/install/rebotarmcontroller:/opt/ros/humble /usr/bin/cmake --build /home/hexmovr02/hexmovr_manager/build/hexmovr_moto_panel -- -j32 -l32
[30.267s] Level 1:colcon.colcon_core.environment:checking '/home/hexmovr02/hexmovr_manager/install/hexmovr_moto_panel' for CMake module files
[30.268s] Level 1:colcon.colcon_core.environment:checking '/home/hexmovr02/hexmovr_manager/install/hexmovr_moto_panel' for CMake config files
[30.268s] Level 1:colcon.colcon_core.shell:create_environment_hook('hexmovr_moto_panel', 'cmake_prefix_path')
[30.268s] INFO:colcon.colcon_core.shell:Creating environment hook '/home/hexmovr02/hexmovr_manager/install/hexmovr_moto_panel/share/hexmovr_moto_panel/hook/cmake_prefix_path.ps1'
[30.269s] INFO:colcon.colcon_core.shell:Creating environment descriptor '/home/hexmovr02/hexmovr_manager/install/hexmovr_moto_panel/share/hexmovr_moto_panel/hook/cmake_prefix_path.dsv'
[30.269s] INFO:colcon.colcon_core.shell:Creating environment hook '/home/hexmovr02/hexmovr_manager/install/hexmovr_moto_panel/share/hexmovr_moto_panel/hook/cmake_prefix_path.sh'
[30.270s] Level 1:colcon.colcon_core.environment:checking '/home/hexmovr02/hexmovr_manager/install/hexmovr_moto_panel/lib'
[30.270s] Level 1:colcon.colcon_core.shell:create_environment_hook('hexmovr_moto_panel', 'ld_library_path_lib')
[30.270s] INFO:colcon.colcon_core.shell:Creating environment hook '/home/hexmovr02/hexmovr_manager/install/hexmovr_moto_panel/share/hexmovr_moto_panel/hook/ld_library_path_lib.ps1'
[30.271s] INFO:colcon.colcon_core.shell:Creating environment descriptor '/home/hexmovr02/hexmovr_manager/install/hexmovr_moto_panel/share/hexmovr_moto_panel/hook/ld_library_path_lib.dsv'
[30.271s] INFO:colcon.colcon_core.shell:Creating environment hook '/home/hexmovr02/hexmovr_manager/install/hexmovr_moto_panel/share/hexmovr_moto_panel/hook/ld_library_path_lib.sh'
[30.271s] Level 1:colcon.colcon_core.environment:checking '/home/hexmovr02/hexmovr_manager/install/hexmovr_moto_panel/bin'
[30.271s] Level 1:colcon.colcon_core.environment:checking '/home/hexmovr02/hexmovr_manager/install/hexmovr_moto_panel/lib/pkgconfig/hexmovr_moto_panel.pc'
[30.272s] Level 1:colcon.colcon_core.environment:checking '/home/hexmovr02/hexmovr_manager/install/hexmovr_moto_panel/lib/python3.10/site-packages'
[30.272s] Level 1:colcon.colcon_core.environment:checking '/home/hexmovr02/hexmovr_manager/install/hexmovr_moto_panel/bin'
[30.272s] INFO:colcon.colcon_core.shell:Creating package script '/home/hexmovr02/hexmovr_manager/install/hexmovr_moto_panel/share/hexmovr_moto_panel/package.ps1'
[30.274s] INFO:colcon.colcon_core.shell:Creating package descriptor '/home/hexmovr02/hexmovr_manager/install/hexmovr_moto_panel/share/hexmovr_moto_panel/package.dsv'
[30.274s] INFO:colcon.colcon_core.shell:Creating package script '/home/hexmovr02/hexmovr_manager/install/hexmovr_moto_panel/share/hexmovr_moto_panel/package.sh'
[30.275s] INFO:colcon.colcon_core.shell:Creating package script '/home/hexmovr02/hexmovr_manager/install/hexmovr_moto_panel/share/hexmovr_moto_panel/package.bash'
[30.276s] INFO:colcon.colcon_core.shell:Creating package script '/home/hexmovr02/hexmovr_manager/install/hexmovr_moto_panel/share/hexmovr_moto_panel/package.zsh'
[30.276s] Level 1:colcon.colcon_core.environment:create_file_with_runtime_dependencies(/home/hexmovr02/hexmovr_manager/install/hexmovr_moto_panel/share/colcon-core/packages/hexmovr_moto_panel)
[30.287s] DEBUG:colcon.colcon_parallel_executor.executor.parallel:closing loop
[30.287s] DEBUG:colcon.colcon_parallel_executor.executor.parallel:loop closed
[30.287s] DEBUG:colcon.colcon_parallel_executor.executor.parallel:run_until_complete finished with '2'
[30.287s] DEBUG:colcon.colcon_core.event_reactor:joining thread
[30.291s] INFO:colcon.colcon_core.plugin_system:Skipping extension 'colcon_notification.desktop_notification.terminal_notifier': Not used on non-Darwin systems
[30.291s] INFO:colcon.colcon_core.plugin_system:Skipping extension 'colcon_notification.desktop_notification.win32': Not used on non-Windows systems
[30.291s] INFO:colcon.colcon_notification.desktop_notification:Sending desktop notification using 'notify2'
[30.291s] DEBUG:colcon.colcon_notification.desktop_notification.notify2:Failed to initialize notify2: org.freedesktop.DBus.Error.AccessDenied: Failed to connect to socket /run/user/1000/bus: Operation not permitted
[30.291s] DEBUG:colcon.colcon_core.event_reactor:joined thread
[30.292s] INFO:colcon.colcon_core.shell:Creating prefix script '/home/hexmovr02/hexmovr_manager/install/local_setup.ps1'
[30.293s] INFO:colcon.colcon_core.shell:Creating prefix util module '/home/hexmovr02/hexmovr_manager/install/_local_setup_util_ps1.py'
[30.294s] INFO:colcon.colcon_core.shell:Creating prefix chain script '/home/hexmovr02/hexmovr_manager/install/setup.ps1'
[30.296s] INFO:colcon.colcon_core.shell:Creating prefix script '/home/hexmovr02/hexmovr_manager/install/local_setup.sh'
[30.297s] INFO:colcon.colcon_core.shell:Creating prefix util module '/home/hexmovr02/hexmovr_manager/install/_local_setup_util_sh.py'
[30.297s] INFO:colcon.colcon_core.shell:Creating prefix chain script '/home/hexmovr02/hexmovr_manager/install/setup.sh'
[30.299s] INFO:colcon.colcon_core.shell:Creating prefix script '/home/hexmovr02/hexmovr_manager/install/local_setup.bash'
[30.300s] INFO:colcon.colcon_core.shell:Creating prefix chain script '/home/hexmovr02/hexmovr_manager/install/setup.bash'
[30.302s] INFO:colcon.colcon_core.shell:Creating prefix script '/home/hexmovr02/hexmovr_manager/install/local_setup.zsh'
[30.302s] INFO:colcon.colcon_core.shell:Creating prefix chain script '/home/hexmovr02/hexmovr_manager/install/setup.zsh'
