[0.061s] DEBUG:colcon:Command line arguments: ['/usr/bin/colcon', 'build', '--packages-select', 'hexmovr_moto_manager', '--symlink-install']
[0.061s] DEBUG:colcon:Parsed command line arguments: Namespace(log_base=None, log_level=None, verb_name='build', build_base='build', install_base='install', merge_install=False, symlink_install=True, test_result_base=None, continue_on_error=False, executor='parallel', parallel_workers=32, event_handlers=None, ignore_user_meta=False, metas=['./colcon.meta'], base_paths=['.'], packages_ignore=None, packages_ignore_regex=None, paths=None, packages_up_to=None, packages_up_to_regex=None, packages_above=None, packages_above_and_dependencies=None, packages_above_depth=None, packages_select_by_dep=None, packages_skip_by_dep=None, packages_skip_up_to=None, packages_select_build_failed=False, packages_skip_build_finished=False, packages_select_test_failures=False, packages_skip_test_passed=False, packages_select=['hexmovr_moto_manager'], packages_skip=None, packages_select_regex=None, packages_skip_regex=None, packages_start=None, packages_end=None, allow_overriding=[], cmake_args=None, cmake_target=None, cmake_target_skip_unavailable=False, cmake_clean_cache=False, cmake_clean_first=False, cmake_force_configure=False, ament_cmake_args=None, catkin_cmake_args=None, catkin_skip_building_tests=False, verb_parser=<colcon_defaults.argument_parser.defaults.DefaultArgumentsDecorator object at 0x780d2de137c0>, verb_extension=<colcon_core.verb.build.BuildVerb object at 0x780d2df9cc40>, main=<bound method BuildVerb.main of <colcon_core.verb.build.BuildVerb object at 0x780d2df9cc40>>)
[0.154s] Level 1:colcon.colcon_core.package_discovery:discover_packages(colcon_meta) check parameters
[0.155s] Level 1:colcon.colcon_core.package_discovery:discover_packages(recursive) check parameters
[0.155s] Level 1:colcon.colcon_core.package_discovery:discover_packages(ignore) check parameters
[0.155s] Level 1:colcon.colcon_core.package_discovery:discover_packages(path) check parameters
[0.155s] Level 1:colcon.colcon_core.package_discovery:discover_packages(colcon_meta) discover
[0.155s] Level 1:colcon.colcon_core.package_discovery:discover_packages(recursive) discover
[0.155s] INFO:colcon.colcon_core.package_discovery:Crawling recursively for packages in '/home/hexmovr02/hexmovr_manager'
[0.155s] Level 1:colcon.colcon_core.package_identification:_identify(.) by extensions ['ignore', 'ignore_ament_install']
[0.155s] Level 1:colcon.colcon_core.package_identification:_identify(.) by extension 'ignore'
[0.155s] Level 1:colcon.colcon_core.package_identification:_identify(.) by extension 'ignore_ament_install'
[0.155s] Level 1:colcon.colcon_core.package_identification:_identify(.) by extensions ['colcon_pkg']
[0.155s] Level 1:colcon.colcon_core.package_identification:_identify(.) by extension 'colcon_pkg'
[0.155s] Level 1:colcon.colcon_core.package_identification:_identify(.) by extensions ['colcon_meta']
[0.155s] Level 1:colcon.colcon_core.package_identification:_identify(.) by extension 'colcon_meta'
[0.155s] Level 1:colcon.colcon_core.package_identification:_identify(.) by extensions ['ros']
[0.155s] Level 1:colcon.colcon_core.package_identification:_identify(.) by extension 'ros'
[0.162s] Level 1:colcon.colcon_core.package_identification:_identify(.) by extensions ['cmake', 'python']
[0.162s] Level 1:colcon.colcon_core.package_identification:_identify(.) by extension 'cmake'
[0.162s] Level 1:colcon.colcon_core.package_identification:_identify(.) by extension 'python'
[0.162s] Level 1:colcon.colcon_core.package_identification:_identify(.) by extensions ['python_setup_py']
[0.162s] Level 1:colcon.colcon_core.package_identification:_identify(.) by extension 'python_setup_py'
[0.162s] Level 1:colcon.colcon_core.package_identification:_identify(build) by extensions ['ignore', 'ignore_ament_install']
[0.162s] Level 1:colcon.colcon_core.package_identification:_identify(build) by extension 'ignore'
[0.162s] Level 1:colcon.colcon_core.package_identification:_identify(build) ignored
[0.162s] Level 1:colcon.colcon_core.package_identification:_identify(install) by extensions ['ignore', 'ignore_ament_install']
[0.162s] Level 1:colcon.colcon_core.package_identification:_identify(install) by extension 'ignore'
[0.162s] Level 1:colcon.colcon_core.package_identification:_identify(install) ignored
[0.162s] Level 1:colcon.colcon_core.package_identification:_identify(log) by extensions ['ignore', 'ignore_ament_install']
[0.162s] Level 1:colcon.colcon_core.package_identification:_identify(log) by extension 'ignore'
[0.162s] Level 1:colcon.colcon_core.package_identification:_identify(log) ignored
[0.162s] Level 1:colcon.colcon_core.package_identification:_identify(src) by extensions ['ignore', 'ignore_ament_install']
[0.162s] Level 1:colcon.colcon_core.package_identification:_identify(src) by extension 'ignore'
[0.162s] Level 1:colcon.colcon_core.package_identification:_identify(src) by extension 'ignore_ament_install'
[0.162s] Level 1:colcon.colcon_core.package_identification:_identify(src) by extensions ['colcon_pkg']
[0.162s] Level 1:colcon.colcon_core.package_identification:_identify(src) by extension 'colcon_pkg'
[0.162s] Level 1:colcon.colcon_core.package_identification:_identify(src) by extensions ['colcon_meta']
[0.162s] Level 1:colcon.colcon_core.package_identification:_identify(src) by extension 'colcon_meta'
[0.162s] Level 1:colcon.colcon_core.package_identification:_identify(src) by extensions ['ros']
[0.162s] Level 1:colcon.colcon_core.package_identification:_identify(src) by extension 'ros'
[0.162s] Level 1:colcon.colcon_core.package_identification:_identify(src) by extensions ['cmake', 'python']
[0.162s] Level 1:colcon.colcon_core.package_identification:_identify(src) by extension 'cmake'
[0.163s] Level 1:colcon.colcon_core.package_identification:_identify(src) by extension 'python'
[0.163s] Level 1:colcon.colcon_core.package_identification:_identify(src) by extensions ['python_setup_py']
[0.163s] Level 1:colcon.colcon_core.package_identification:_identify(src) by extension 'python_setup_py'
[0.163s] Level 1:colcon.colcon_core.package_identification:_identify(src/hexmovr_bridge) by extensions ['ignore', 'ignore_ament_install']
[0.163s] Level 1:colcon.colcon_core.package_identification:_identify(src/hexmovr_bridge) by extension 'ignore'
[0.163s] Level 1:colcon.colcon_core.package_identification:_identify(src/hexmovr_bridge) by extension 'ignore_ament_install'
[0.163s] Level 1:colcon.colcon_core.package_identification:_identify(src/hexmovr_bridge) by extensions ['colcon_pkg']
[0.163s] Level 1:colcon.colcon_core.package_identification:_identify(src/hexmovr_bridge) by extension 'colcon_pkg'
[0.163s] Level 1:colcon.colcon_core.package_identification:_identify(src/hexmovr_bridge) by extensions ['colcon_meta']
[0.163s] Level 1:colcon.colcon_core.package_identification:_identify(src/hexmovr_bridge) by extension 'colcon_meta'
[0.163s] Level 1:colcon.colcon_core.package_identification:_identify(src/hexmovr_bridge) by extensions ['ros']
[0.163s] Level 1:colcon.colcon_core.package_identification:_identify(src/hexmovr_bridge) by extension 'ros'
[0.164s] DEBUG:colcon.colcon_core.package_identification:Package 'src/hexmovr_bridge' with type 'ros.ament_python' and name 'hexmovr_bridge'
[0.164s] Level 1:colcon.colcon_core.package_identification:_identify(src/hexmovr_moto_manager) by extensions ['ignore', 'ignore_ament_install']
[0.164s] Level 1:colcon.colcon_core.package_identification:_identify(src/hexmovr_moto_manager) by extension 'ignore'
[0.164s] Level 1:colcon.colcon_core.package_identification:_identify(src/hexmovr_moto_manager) by extension 'ignore_ament_install'
[0.164s] Level 1:colcon.colcon_core.package_identification:_identify(src/hexmovr_moto_manager) by extensions ['colcon_pkg']
[0.164s] Level 1:colcon.colcon_core.package_identification:_identify(src/hexmovr_moto_manager) by extension 'colcon_pkg'
[0.164s] Level 1:colcon.colcon_core.package_identification:_identify(src/hexmovr_moto_manager) by extensions ['colcon_meta']
[0.164s] Level 1:colcon.colcon_core.package_identification:_identify(src/hexmovr_moto_manager) by extension 'colcon_meta'
[0.164s] Level 1:colcon.colcon_core.package_identification:_identify(src/hexmovr_moto_manager) by extensions ['ros']
[0.164s] Level 1:colcon.colcon_core.package_identification:_identify(src/hexmovr_moto_manager) by extension 'ros'
[0.165s] DEBUG:colcon.colcon_core.package_identification:Package 'src/hexmovr_moto_manager' with type 'ros.ament_python' and name 'hexmovr_moto_manager'
[0.165s] Level 1:colcon.colcon_core.package_identification:_identify(src/hexmovr_moto_panel) by extensions ['ignore', 'ignore_ament_install']
[0.165s] Level 1:colcon.colcon_core.package_identification:_identify(src/hexmovr_moto_panel) by extension 'ignore'
[0.165s] Level 1:colcon.colcon_core.package_identification:_identify(src/hexmovr_moto_panel) by extension 'ignore_ament_install'
[0.165s] Level 1:colcon.colcon_core.package_identification:_identify(src/hexmovr_moto_panel) by extensions ['colcon_pkg']
[0.165s] Level 1:colcon.colcon_core.package_identification:_identify(src/hexmovr_moto_panel) by extension 'colcon_pkg'
[0.165s] Level 1:colcon.colcon_core.package_identification:_identify(src/hexmovr_moto_panel) by extensions ['colcon_meta']
[0.165s] Level 1:colcon.colcon_core.package_identification:_identify(src/hexmovr_moto_panel) by extension 'colcon_meta'
[0.165s] Level 1:colcon.colcon_core.package_identification:_identify(src/hexmovr_moto_panel) by extensions ['ros']
[0.165s] Level 1:colcon.colcon_core.package_identification:_identify(src/hexmovr_moto_panel) by extension 'ros'
[0.166s] DEBUG:colcon.colcon_core.package_identification:Package 'src/hexmovr_moto_panel' with type 'ros.ament_cmake' and name 'hexmovr_moto_panel'
[0.166s] Level 1:colcon.colcon_core.package_identification:_identify(src/hexmovr_motor_example) by extensions ['ignore', 'ignore_ament_install']
[0.166s] Level 1:colcon.colcon_core.package_identification:_identify(src/hexmovr_motor_example) by extension 'ignore'
[0.166s] Level 1:colcon.colcon_core.package_identification:_identify(src/hexmovr_motor_example) by extension 'ignore_ament_install'
[0.166s] Level 1:colcon.colcon_core.package_identification:_identify(src/hexmovr_motor_example) by extensions ['colcon_pkg']
[0.166s] Level 1:colcon.colcon_core.package_identification:_identify(src/hexmovr_motor_example) by extension 'colcon_pkg'
[0.166s] Level 1:colcon.colcon_core.package_identification:_identify(src/hexmovr_motor_example) by extensions ['colcon_meta']
[0.166s] Level 1:colcon.colcon_core.package_identification:_identify(src/hexmovr_motor_example) by extension 'colcon_meta'
[0.166s] Level 1:colcon.colcon_core.package_identification:_identify(src/hexmovr_motor_example) by extensions ['ros']
[0.166s] Level 1:colcon.colcon_core.package_identification:_identify(src/hexmovr_motor_example) by extension 'ros'
[0.166s] DEBUG:colcon.colcon_core.package_identification:Package 'src/hexmovr_motor_example' with type 'ros.ament_python' and name 'hexmovr_motor_example'
[0.166s] Level 1:colcon.colcon_core.package_discovery:discover_packages(recursive) using defaults
[0.166s] Level 1:colcon.colcon_core.package_discovery:discover_packages(ignore) discover
[0.166s] Level 1:colcon.colcon_core.package_discovery:discover_packages(ignore) using defaults
[0.166s] Level 1:colcon.colcon_core.package_discovery:discover_packages(path) discover
[0.166s] Level 1:colcon.colcon_core.package_discovery:discover_packages(path) using defaults
[0.184s] INFO:colcon.colcon_core.package_selection:Skipping not selected package 'hexmovr_bridge' in 'src/hexmovr_bridge'
[0.184s] INFO:colcon.colcon_core.package_selection:Skipping not selected package 'hexmovr_moto_panel' in 'src/hexmovr_moto_panel'
[0.184s] INFO:colcon.colcon_core.package_selection:Skipping not selected package 'hexmovr_motor_example' in 'src/hexmovr_motor_example'
[0.184s] Level 1:colcon.colcon_core.package_discovery:discover_packages(prefix_path) check parameters
[0.185s] Level 1:colcon.colcon_core.package_discovery:discover_packages(prefix_path) discover
[0.186s] DEBUG:colcon.colcon_installed_package_information.package_discovery:Found 361 installed packages in /opt/ros/humble
[0.187s] Level 1:colcon.colcon_core.package_discovery:discover_packages(prefix_path) using defaults
[0.211s] Level 5:colcon.colcon_core.verb:set package 'hexmovr_moto_manager' build argument 'cmake_args' from command line to 'None'
[0.211s] Level 5:colcon.colcon_core.verb:set package 'hexmovr_moto_manager' build argument 'cmake_target' from command line to 'None'
[0.211s] Level 5:colcon.colcon_core.verb:set package 'hexmovr_moto_manager' build argument 'cmake_target_skip_unavailable' from command line to 'False'
[0.211s] Level 5:colcon.colcon_core.verb:set package 'hexmovr_moto_manager' build argument 'cmake_clean_cache' from command line to 'False'
[0.211s] Level 5:colcon.colcon_core.verb:set package 'hexmovr_moto_manager' build argument 'cmake_clean_first' from command line to 'False'
[0.211s] Level 5:colcon.colcon_core.verb:set package 'hexmovr_moto_manager' build argument 'cmake_force_configure' from command line to 'False'
[0.211s] Level 5:colcon.colcon_core.verb:set package 'hexmovr_moto_manager' build argument 'ament_cmake_args' from command line to 'None'
[0.211s] Level 5:colcon.colcon_core.verb:set package 'hexmovr_moto_manager' build argument 'catkin_cmake_args' from command line to 'None'
[0.211s] Level 5:colcon.colcon_core.verb:set package 'hexmovr_moto_manager' build argument 'catkin_skip_building_tests' from command line to 'False'
[0.211s] DEBUG:colcon.colcon_core.verb:Building package 'hexmovr_moto_manager' with the following arguments: {'ament_cmake_args': None, 'build_base': '/home/hexmovr02/hexmovr_manager/build/hexmovr_moto_manager', 'catkin_cmake_args': None, 'catkin_skip_building_tests': False, 'cmake_args': None, 'cmake_clean_cache': False, 'cmake_clean_first': False, 'cmake_force_configure': False, 'cmake_target': None, 'cmake_target_skip_unavailable': False, 'install_base': '/home/hexmovr02/hexmovr_manager/install/hexmovr_moto_manager', 'merge_install': False, 'path': '/home/hexmovr02/hexmovr_manager/src/hexmovr_moto_manager', 'symlink_install': True, 'test_result_base': None}
[0.211s] INFO:colcon.colcon_core.executor:Executing jobs using 'parallel' executor
[0.212s] DEBUG:colcon.colcon_parallel_executor.executor.parallel:run_until_complete
[0.212s] INFO:colcon.colcon_ros.task.ament_python.build:Building ROS package in '/home/hexmovr02/hexmovr_manager/src/hexmovr_moto_manager' with build type 'ament_python'
[0.212s] Level 1:colcon.colcon_core.shell:create_environment_hook('hexmovr_moto_manager', 'ament_prefix_path')
[0.214s] INFO:colcon.colcon_core.plugin_system:Skipping extension 'colcon_core.shell.bat': Not used on non-Windows systems
[0.214s] INFO:colcon.colcon_core.shell:Creating environment hook '/home/hexmovr02/hexmovr_manager/install/hexmovr_moto_manager/share/hexmovr_moto_manager/hook/ament_prefix_path.ps1'
[0.214s] INFO:colcon.colcon_core.shell:Creating environment descriptor '/home/hexmovr02/hexmovr_manager/install/hexmovr_moto_manager/share/hexmovr_moto_manager/hook/ament_prefix_path.dsv'
[0.214s] INFO:colcon.colcon_core.shell:Creating environment hook '/home/hexmovr02/hexmovr_manager/install/hexmovr_moto_manager/share/hexmovr_moto_manager/hook/ament_prefix_path.sh'
[0.215s] INFO:colcon.colcon_core.shell:Skip shell extension 'powershell' for command environment: Not usable outside of PowerShell
[0.215s] DEBUG:colcon.colcon_core.shell:Skip shell extension 'dsv' for command environment
[0.367s] INFO:colcon.colcon_core.task.python.build:Building Python package in '/home/hexmovr02/hexmovr_manager/src/hexmovr_moto_manager'
[0.367s] INFO:colcon.colcon_core.shell:Skip shell extension 'powershell' for command environment: Not usable outside of PowerShell
[0.367s] DEBUG:colcon.colcon_core.shell:Skip shell extension 'dsv' for command environment
[0.587s] DEBUG:colcon.colcon_core.event_handler.log_command:Invoking command in '/home/hexmovr02/hexmovr_manager/build/hexmovr_moto_manager': AMENT_PREFIX_PATH=/home/hexmovr02/hexmovr_manager/install/hexmovr_moto_panel:/home/hexmovr02/hexmovr_manager/install/hexmovr_bridge:${AMENT_PREFIX_PATH} CMAKE_PREFIX_PATH=/home/hexmovr02/hexmovr_manager/install/hexmovr_moto_panel PYTHONPATH=/home/hexmovr02/hexmovr_manager/build/hexmovr_moto_manager/prefix_override:/usr/lib/python3/dist-packages/colcon_core/task/python/colcon_distutils_commands:/home/hexmovr02/hexmovr_manager/install/hexmovr_moto_manager/lib/python3.10/site-packages:/home/hexmovr02/hexmovr_manager/install/hexmovr_bridge/lib/python3.10/site-packages:/home/hexmovr02/hexmovr_manager/install/my_python_pkg/lib/python3.10/site-packages:/home/hexmovr02/hexmovr_manager/install/hexmovr_motor6_example/lib/python3.10/site-packages:/home/hexmovr02/hexmovr_manager/install/hexmovr_moto_manager/lib/python3.10/site-packages:/home/hexmovr02/rebotarm_ros2/install/rebotarm_moveit_demos/lib/python3.10/site-packages:/home/hexmovr02/rebotarm_ros2/install/rebotarm_bringup/lib/python3.10/site-packages:/home/hexmovr02/rebotarm_ros2/install/rebotarmcontroller/lib/python3.10/site-packages:/home/hexmovr02/rebotarm_ros2/install/rebotarm_msgs/local/lib/python3.10/dist-packages:/home/hexmovr02/reBotArmController_ROS2/build/rebotarm_bringup:/home/hexmovr02/reBotArmController_ROS2/install/rebotarm_bringup/lib/python3.10/site-packages:/home/hexmovr02/reBotArmController_ROS2/build/rebotarmcontroller:/home/hexmovr02/reBotArmController_ROS2/install/rebotarmcontroller/lib/python3.10/site-packages:/home/hexmovr02/reBotArmController_ROS2/install/rebotarm_msgs/local/lib/python3.10/dist-packages:/opt/ros/humble/lib/python3.10/site-packages:/opt/ros/humble/local/lib/python3.10/dist-packages /usr/bin/python3 -W ignore:setup.py install is deprecated -W ignore:easy_install command is deprecated setup.py develop --editable --build-directory /home/hexmovr02/hexmovr_manager/build/hexmovr_moto_manager/build --no-deps symlink_data
[0.846s] Level 1:colcon.colcon_core.shell:create_environment_hook('hexmovr_moto_manager', 'pythonpath_develop')
[0.847s] INFO:colcon.colcon_core.shell:Creating environment hook '/home/hexmovr02/hexmovr_manager/build/hexmovr_moto_manager/share/hexmovr_moto_manager/hook/pythonpath_develop.ps1'
[0.847s] DEBUG:colcon.colcon_core.event_handler.log_command:Invoked command in '/home/hexmovr02/hexmovr_manager/build/hexmovr_moto_manager' returned '0': AMENT_PREFIX_PATH=/home/hexmovr02/hexmovr_manager/install/hexmovr_moto_panel:/home/hexmovr02/hexmovr_manager/install/hexmovr_bridge:${AMENT_PREFIX_PATH} CMAKE_PREFIX_PATH=/home/hexmovr02/hexmovr_manager/install/hexmovr_moto_panel PYTHONPATH=/home/hexmovr02/hexmovr_manager/build/hexmovr_moto_manager/prefix_override:/usr/lib/python3/dist-packages/colcon_core/task/python/colcon_distutils_commands:/home/hexmovr02/hexmovr_manager/install/hexmovr_moto_manager/lib/python3.10/site-packages:/home/hexmovr02/hexmovr_manager/install/hexmovr_bridge/lib/python3.10/site-packages:/home/hexmovr02/hexmovr_manager/install/my_python_pkg/lib/python3.10/site-packages:/home/hexmovr02/hexmovr_manager/install/hexmovr_motor6_example/lib/python3.10/site-packages:/home/hexmovr02/hexmovr_manager/install/hexmovr_moto_manager/lib/python3.10/site-packages:/home/hexmovr02/rebotarm_ros2/install/rebotarm_moveit_demos/lib/python3.10/site-packages:/home/hexmovr02/rebotarm_ros2/install/rebotarm_bringup/lib/python3.10/site-packages:/home/hexmovr02/rebotarm_ros2/install/rebotarmcontroller/lib/python3.10/site-packages:/home/hexmovr02/rebotarm_ros2/install/rebotarm_msgs/local/lib/python3.10/dist-packages:/home/hexmovr02/reBotArmController_ROS2/build/rebotarm_bringup:/home/hexmovr02/reBotArmController_ROS2/install/rebotarm_bringup/lib/python3.10/site-packages:/home/hexmovr02/reBotArmController_ROS2/build/rebotarmcontroller:/home/hexmovr02/reBotArmController_ROS2/install/rebotarmcontroller/lib/python3.10/site-packages:/home/hexmovr02/reBotArmController_ROS2/install/rebotarm_msgs/local/lib/python3.10/dist-packages:/opt/ros/humble/lib/python3.10/site-packages:/opt/ros/humble/local/lib/python3.10/dist-packages /usr/bin/python3 -W ignore:setup.py install is deprecated -W ignore:easy_install command is deprecated setup.py develop --editable --build-directory /home/hexmovr02/hexmovr_manager/build/hexmovr_moto_manager/build --no-deps symlink_data
[0.848s] INFO:colcon.colcon_core.shell:Creating environment descriptor '/home/hexmovr02/hexmovr_manager/build/hexmovr_moto_manager/share/hexmovr_moto_manager/hook/pythonpath_develop.dsv'
[0.848s] INFO:colcon.colcon_core.shell:Creating environment hook '/home/hexmovr02/hexmovr_manager/build/hexmovr_moto_manager/share/hexmovr_moto_manager/hook/pythonpath_develop.sh'
[0.850s] Level 1:colcon.colcon_core.environment:checking '/home/hexmovr02/hexmovr_manager/install/hexmovr_moto_manager' for CMake module files
[0.850s] Level 1:colcon.colcon_core.environment:checking '/home/hexmovr02/hexmovr_manager/install/hexmovr_moto_manager' for CMake config files
[0.850s] Level 1:colcon.colcon_core.environment:checking '/home/hexmovr02/hexmovr_manager/install/hexmovr_moto_manager/lib'
[0.850s] Level 1:colcon.colcon_core.environment:checking '/home/hexmovr02/hexmovr_manager/install/hexmovr_moto_manager/bin'
[0.850s] Level 1:colcon.colcon_core.environment:checking '/home/hexmovr02/hexmovr_manager/install/hexmovr_moto_manager/lib/pkgconfig/hexmovr_moto_manager.pc'
[0.850s] Level 1:colcon.colcon_core.environment:checking '/home/hexmovr02/hexmovr_manager/install/hexmovr_moto_manager/lib/python3.10/site-packages'
[0.850s] Level 1:colcon.colcon_core.shell:create_environment_hook('hexmovr_moto_manager', 'pythonpath')
[0.851s] INFO:colcon.colcon_core.shell:Creating environment hook '/home/hexmovr02/hexmovr_manager/install/hexmovr_moto_manager/share/hexmovr_moto_manager/hook/pythonpath.ps1'
[0.851s] INFO:colcon.colcon_core.shell:Creating environment descriptor '/home/hexmovr02/hexmovr_manager/install/hexmovr_moto_manager/share/hexmovr_moto_manager/hook/pythonpath.dsv'
[0.851s] INFO:colcon.colcon_core.shell:Creating environment hook '/home/hexmovr02/hexmovr_manager/install/hexmovr_moto_manager/share/hexmovr_moto_manager/hook/pythonpath.sh'
[0.851s] Level 1:colcon.colcon_core.environment:checking '/home/hexmovr02/hexmovr_manager/install/hexmovr_moto_manager/bin'
[0.851s] Level 1:colcon.colcon_core.environment:create_environment_scripts_only(hexmovr_moto_manager)
[0.852s] INFO:colcon.colcon_core.shell:Creating package script '/home/hexmovr02/hexmovr_manager/install/hexmovr_moto_manager/share/hexmovr_moto_manager/package.ps1'
[0.852s] INFO:colcon.colcon_core.shell:Creating package descriptor '/home/hexmovr02/hexmovr_manager/install/hexmovr_moto_manager/share/hexmovr_moto_manager/package.dsv'
[0.853s] INFO:colcon.colcon_core.shell:Creating package script '/home/hexmovr02/hexmovr_manager/install/hexmovr_moto_manager/share/hexmovr_moto_manager/package.sh'
[0.853s] INFO:colcon.colcon_core.shell:Creating package script '/home/hexmovr02/hexmovr_manager/install/hexmovr_moto_manager/share/hexmovr_moto_manager/package.bash'
[0.853s] INFO:colcon.colcon_core.shell:Creating package script '/home/hexmovr02/hexmovr_manager/install/hexmovr_moto_manager/share/hexmovr_moto_manager/package.zsh'
[0.854s] Level 1:colcon.colcon_core.environment:create_file_with_runtime_dependencies(/home/hexmovr02/hexmovr_manager/install/hexmovr_moto_manager/share/colcon-core/packages/hexmovr_moto_manager)
[0.854s] DEBUG:colcon.colcon_parallel_executor.executor.parallel:closing loop
[0.854s] DEBUG:colcon.colcon_parallel_executor.executor.parallel:loop closed
[0.854s] DEBUG:colcon.colcon_parallel_executor.executor.parallel:run_until_complete finished with '0'
[0.854s] DEBUG:colcon.colcon_core.event_reactor:joining thread
[0.859s] INFO:colcon.colcon_core.plugin_system:Skipping extension 'colcon_notification.desktop_notification.terminal_notifier': Not used on non-Darwin systems
[0.859s] INFO:colcon.colcon_core.plugin_system:Skipping extension 'colcon_notification.desktop_notification.win32': Not used on non-Windows systems
[0.859s] INFO:colcon.colcon_notification.desktop_notification:Sending desktop notification using 'notify2'
[0.869s] DEBUG:colcon.colcon_core.event_reactor:joined thread
[0.870s] INFO:colcon.colcon_core.shell:Creating prefix script '/home/hexmovr02/hexmovr_manager/install/local_setup.ps1'
[0.870s] INFO:colcon.colcon_core.shell:Creating prefix util module '/home/hexmovr02/hexmovr_manager/install/_local_setup_util_ps1.py'
[0.871s] INFO:colcon.colcon_core.shell:Creating prefix chain script '/home/hexmovr02/hexmovr_manager/install/setup.ps1'
[0.871s] INFO:colcon.colcon_core.shell:Creating prefix script '/home/hexmovr02/hexmovr_manager/install/local_setup.sh'
[0.872s] INFO:colcon.colcon_core.shell:Creating prefix util module '/home/hexmovr02/hexmovr_manager/install/_local_setup_util_sh.py'
[0.872s] INFO:colcon.colcon_core.shell:Creating prefix chain script '/home/hexmovr02/hexmovr_manager/install/setup.sh'
[0.872s] INFO:colcon.colcon_core.shell:Creating prefix script '/home/hexmovr02/hexmovr_manager/install/local_setup.bash'
[0.873s] INFO:colcon.colcon_core.shell:Creating prefix chain script '/home/hexmovr02/hexmovr_manager/install/setup.bash'
[0.873s] INFO:colcon.colcon_core.shell:Creating prefix script '/home/hexmovr02/hexmovr_manager/install/local_setup.zsh'
[0.873s] INFO:colcon.colcon_core.shell:Creating prefix chain script '/home/hexmovr02/hexmovr_manager/install/setup.zsh'
