[0.067s] DEBUG:colcon:Command line arguments: ['/usr/bin/colcon', 'build', '--packages-select', 'hexmovr_moto_manager']
[0.067s] DEBUG:colcon:Parsed command line arguments: Namespace(log_base=None, log_level=None, verb_name='build', build_base='build', install_base='install', merge_install=False, symlink_install=False, test_result_base=None, continue_on_error=False, executor='parallel', parallel_workers=32, event_handlers=None, ignore_user_meta=False, metas=['./colcon.meta'], base_paths=['.'], packages_ignore=None, packages_ignore_regex=None, paths=None, packages_up_to=None, packages_up_to_regex=None, packages_above=None, packages_above_and_dependencies=None, packages_above_depth=None, packages_select_by_dep=None, packages_skip_by_dep=None, packages_skip_up_to=None, packages_select_build_failed=False, packages_skip_build_finished=False, packages_select_test_failures=False, packages_skip_test_passed=False, packages_select=['hexmovr_moto_manager'], packages_skip=None, packages_select_regex=None, packages_skip_regex=None, packages_start=None, packages_end=None, allow_overriding=[], cmake_args=None, cmake_target=None, cmake_target_skip_unavailable=False, cmake_clean_cache=False, cmake_clean_first=False, cmake_force_configure=False, ament_cmake_args=None, catkin_cmake_args=None, catkin_skip_building_tests=False, verb_parser=<colcon_defaults.argument_parser.defaults.DefaultArgumentsDecorator object at 0x78c37880f190>, verb_extension=<colcon_core.verb.build.BuildVerb object at 0x78c378994610>, main=<bound method BuildVerb.main of <colcon_core.verb.build.BuildVerb object at 0x78c378994610>>)
[0.174s] Level 1:colcon.colcon_core.package_discovery:discover_packages(colcon_meta) check parameters
[0.174s] Level 1:colcon.colcon_core.package_discovery:discover_packages(recursive) check parameters
[0.174s] Level 1:colcon.colcon_core.package_discovery:discover_packages(ignore) check parameters
[0.174s] Level 1:colcon.colcon_core.package_discovery:discover_packages(path) check parameters
[0.174s] Level 1:colcon.colcon_core.package_discovery:discover_packages(colcon_meta) discover
[0.174s] Level 1:colcon.colcon_core.package_discovery:discover_packages(recursive) discover
[0.175s] INFO:colcon.colcon_core.package_discovery:Crawling recursively for packages in '/home/hexmovr02/hexmovr_manager'
[0.175s] Level 1:colcon.colcon_core.package_identification:_identify(.) by extensions ['ignore', 'ignore_ament_install']
[0.175s] Level 1:colcon.colcon_core.package_identification:_identify(.) by extension 'ignore'
[0.175s] Level 1:colcon.colcon_core.package_identification:_identify(.) by extension 'ignore_ament_install'
[0.175s] Level 1:colcon.colcon_core.package_identification:_identify(.) by extensions ['colcon_pkg']
[0.175s] Level 1:colcon.colcon_core.package_identification:_identify(.) by extension 'colcon_pkg'
[0.175s] Level 1:colcon.colcon_core.package_identification:_identify(.) by extensions ['colcon_meta']
[0.175s] Level 1:colcon.colcon_core.package_identification:_identify(.) by extension 'colcon_meta'
[0.175s] Level 1:colcon.colcon_core.package_identification:_identify(.) by extensions ['ros']
[0.175s] Level 1:colcon.colcon_core.package_identification:_identify(.) by extension 'ros'
[0.182s] Level 1:colcon.colcon_core.package_identification:_identify(.) by extensions ['cmake', 'python']
[0.182s] Level 1:colcon.colcon_core.package_identification:_identify(.) by extension 'cmake'
[0.182s] Level 1:colcon.colcon_core.package_identification:_identify(.) by extension 'python'
[0.182s] Level 1:colcon.colcon_core.package_identification:_identify(.) by extensions ['python_setup_py']
[0.182s] Level 1:colcon.colcon_core.package_identification:_identify(.) by extension 'python_setup_py'
[0.182s] Level 1:colcon.colcon_core.package_identification:_identify(build) by extensions ['ignore', 'ignore_ament_install']
[0.182s] Level 1:colcon.colcon_core.package_identification:_identify(build) by extension 'ignore'
[0.182s] Level 1:colcon.colcon_core.package_identification:_identify(build) ignored
[0.183s] Level 1:colcon.colcon_core.package_identification:_identify(install) by extensions ['ignore', 'ignore_ament_install']
[0.183s] Level 1:colcon.colcon_core.package_identification:_identify(install) by extension 'ignore'
[0.183s] Level 1:colcon.colcon_core.package_identification:_identify(install) ignored
[0.183s] Level 1:colcon.colcon_core.package_identification:_identify(log) by extensions ['ignore', 'ignore_ament_install']
[0.183s] Level 1:colcon.colcon_core.package_identification:_identify(log) by extension 'ignore'
[0.183s] Level 1:colcon.colcon_core.package_identification:_identify(log) ignored
[0.183s] Level 1:colcon.colcon_core.package_identification:_identify(src) by extensions ['ignore', 'ignore_ament_install']
[0.183s] Level 1:colcon.colcon_core.package_identification:_identify(src) by extension 'ignore'
[0.183s] Level 1:colcon.colcon_core.package_identification:_identify(src) by extension 'ignore_ament_install'
[0.183s] Level 1:colcon.colcon_core.package_identification:_identify(src) by extensions ['colcon_pkg']
[0.183s] Level 1:colcon.colcon_core.package_identification:_identify(src) by extension 'colcon_pkg'
[0.183s] Level 1:colcon.colcon_core.package_identification:_identify(src) by extensions ['colcon_meta']
[0.183s] Level 1:colcon.colcon_core.package_identification:_identify(src) by extension 'colcon_meta'
[0.183s] Level 1:colcon.colcon_core.package_identification:_identify(src) by extensions ['ros']
[0.183s] Level 1:colcon.colcon_core.package_identification:_identify(src) by extension 'ros'
[0.183s] Level 1:colcon.colcon_core.package_identification:_identify(src) by extensions ['cmake', 'python']
[0.183s] Level 1:colcon.colcon_core.package_identification:_identify(src) by extension 'cmake'
[0.183s] Level 1:colcon.colcon_core.package_identification:_identify(src) by extension 'python'
[0.183s] Level 1:colcon.colcon_core.package_identification:_identify(src) by extensions ['python_setup_py']
[0.183s] Level 1:colcon.colcon_core.package_identification:_identify(src) by extension 'python_setup_py'
[0.183s] Level 1:colcon.colcon_core.package_identification:_identify(src/hexmovr_moto_manager) by extensions ['ignore', 'ignore_ament_install']
[0.183s] Level 1:colcon.colcon_core.package_identification:_identify(src/hexmovr_moto_manager) by extension 'ignore'
[0.183s] Level 1:colcon.colcon_core.package_identification:_identify(src/hexmovr_moto_manager) by extension 'ignore_ament_install'
[0.183s] Level 1:colcon.colcon_core.package_identification:_identify(src/hexmovr_moto_manager) by extensions ['colcon_pkg']
[0.183s] Level 1:colcon.colcon_core.package_identification:_identify(src/hexmovr_moto_manager) by extension 'colcon_pkg'
[0.183s] Level 1:colcon.colcon_core.package_identification:_identify(src/hexmovr_moto_manager) by extensions ['colcon_meta']
[0.183s] Level 1:colcon.colcon_core.package_identification:_identify(src/hexmovr_moto_manager) by extension 'colcon_meta'
[0.183s] Level 1:colcon.colcon_core.package_identification:_identify(src/hexmovr_moto_manager) by extensions ['ros']
[0.183s] Level 1:colcon.colcon_core.package_identification:_identify(src/hexmovr_moto_manager) by extension 'ros'
[0.185s] DEBUG:colcon.colcon_core.package_identification:Package 'src/hexmovr_moto_manager' with type 'ros.ament_python' and name 'hexmovr_moto_manager'
[0.185s] Level 1:colcon.colcon_core.package_identification:_identify(src/hexmovr_moto_panel) by extensions ['ignore', 'ignore_ament_install']
[0.186s] Level 1:colcon.colcon_core.package_identification:_identify(src/hexmovr_moto_panel) by extension 'ignore'
[0.186s] Level 1:colcon.colcon_core.package_identification:_identify(src/hexmovr_moto_panel) by extension 'ignore_ament_install'
[0.186s] Level 1:colcon.colcon_core.package_identification:_identify(src/hexmovr_moto_panel) by extensions ['colcon_pkg']
[0.186s] Level 1:colcon.colcon_core.package_identification:_identify(src/hexmovr_moto_panel) by extension 'colcon_pkg'
[0.186s] Level 1:colcon.colcon_core.package_identification:_identify(src/hexmovr_moto_panel) by extensions ['colcon_meta']
[0.186s] Level 1:colcon.colcon_core.package_identification:_identify(src/hexmovr_moto_panel) by extension 'colcon_meta'
[0.186s] Level 1:colcon.colcon_core.package_identification:_identify(src/hexmovr_moto_panel) by extensions ['ros']
[0.186s] Level 1:colcon.colcon_core.package_identification:_identify(src/hexmovr_moto_panel) by extension 'ros'
[0.186s] DEBUG:colcon.colcon_core.package_identification:Package 'src/hexmovr_moto_panel' with type 'ros.ament_cmake' and name 'hexmovr_moto_panel'
[0.186s] Level 1:colcon.colcon_core.package_discovery:discover_packages(recursive) using defaults
[0.186s] Level 1:colcon.colcon_core.package_discovery:discover_packages(ignore) discover
[0.186s] Level 1:colcon.colcon_core.package_discovery:discover_packages(ignore) using defaults
[0.186s] Level 1:colcon.colcon_core.package_discovery:discover_packages(path) discover
[0.186s] Level 1:colcon.colcon_core.package_discovery:discover_packages(path) using defaults
[0.205s] INFO:colcon.colcon_core.package_selection:Skipping not selected package 'hexmovr_moto_panel' in 'src/hexmovr_moto_panel'
[0.205s] Level 1:colcon.colcon_core.package_discovery:discover_packages(prefix_path) check parameters
[0.205s] Level 1:colcon.colcon_core.package_discovery:discover_packages(prefix_path) discover
[0.207s] DEBUG:colcon.colcon_installed_package_information.package_discovery:Found 3 installed packages in /home/hexmovr02/hexmovr_manager/install
[0.207s] DEBUG:colcon.colcon_installed_package_information.package_discovery:Found 5 installed packages in /home/hexmovr02/rebotarm_ros2/install
[0.207s] DEBUG:colcon.colcon_installed_package_information.package_discovery:Found 3 installed packages in /home/hexmovr02/reBotArmController_ROS2/install
[0.207s] DEBUG:colcon.colcon_installed_package_information.package_discovery:Found 0 installed packages in /home/hexmovr02/seeed/rebotarm_ros2/install
[0.208s] DEBUG:colcon.colcon_installed_package_information.package_discovery:Found 0 installed packages in /home/hexmovr02/test/install
[0.209s] DEBUG:colcon.colcon_installed_package_information.package_discovery:Found 361 installed packages in /opt/ros/humble
[0.210s] Level 1:colcon.colcon_core.package_discovery:discover_packages(prefix_path) using defaults
[0.237s] Level 5:colcon.colcon_core.verb:set package 'hexmovr_moto_manager' build argument 'cmake_args' from command line to 'None'
[0.237s] Level 5:colcon.colcon_core.verb:set package 'hexmovr_moto_manager' build argument 'cmake_target' from command line to 'None'
[0.237s] Level 5:colcon.colcon_core.verb:set package 'hexmovr_moto_manager' build argument 'cmake_target_skip_unavailable' from command line to 'False'
[0.237s] Level 5:colcon.colcon_core.verb:set package 'hexmovr_moto_manager' build argument 'cmake_clean_cache' from command line to 'False'
[0.237s] Level 5:colcon.colcon_core.verb:set package 'hexmovr_moto_manager' build argument 'cmake_clean_first' from command line to 'False'
[0.237s] Level 5:colcon.colcon_core.verb:set package 'hexmovr_moto_manager' build argument 'cmake_force_configure' from command line to 'False'
[0.237s] Level 5:colcon.colcon_core.verb:set package 'hexmovr_moto_manager' build argument 'ament_cmake_args' from command line to 'None'
[0.237s] Level 5:colcon.colcon_core.verb:set package 'hexmovr_moto_manager' build argument 'catkin_cmake_args' from command line to 'None'
[0.237s] Level 5:colcon.colcon_core.verb:set package 'hexmovr_moto_manager' build argument 'catkin_skip_building_tests' from command line to 'False'
[0.237s] DEBUG:colcon.colcon_core.verb:Building package 'hexmovr_moto_manager' with the following arguments: {'ament_cmake_args': None, 'build_base': '/home/hexmovr02/hexmovr_manager/build/hexmovr_moto_manager', 'catkin_cmake_args': None, 'catkin_skip_building_tests': False, 'cmake_args': None, 'cmake_clean_cache': False, 'cmake_clean_first': False, 'cmake_force_configure': False, 'cmake_target': None, 'cmake_target_skip_unavailable': False, 'install_base': '/home/hexmovr02/hexmovr_manager/install/hexmovr_moto_manager', 'merge_install': False, 'path': '/home/hexmovr02/hexmovr_manager/src/hexmovr_moto_manager', 'symlink_install': False, 'test_result_base': None}
[0.237s] INFO:colcon.colcon_core.executor:Executing jobs using 'parallel' executor
[0.238s] DEBUG:colcon.colcon_parallel_executor.executor.parallel:run_until_complete
[0.238s] INFO:colcon.colcon_ros.task.ament_python.build:Building ROS package in '/home/hexmovr02/hexmovr_manager/src/hexmovr_moto_manager' with build type 'ament_python'
[0.238s] Level 1:colcon.colcon_core.shell:create_environment_hook('hexmovr_moto_manager', 'ament_prefix_path')
[0.240s] INFO:colcon.colcon_core.plugin_system:Skipping extension 'colcon_core.shell.bat': Not used on non-Windows systems
[0.240s] INFO:colcon.colcon_core.shell:Creating environment hook '/home/hexmovr02/hexmovr_manager/install/hexmovr_moto_manager/share/hexmovr_moto_manager/hook/ament_prefix_path.ps1'
[0.240s] INFO:colcon.colcon_core.shell:Creating environment descriptor '/home/hexmovr02/hexmovr_manager/install/hexmovr_moto_manager/share/hexmovr_moto_manager/hook/ament_prefix_path.dsv'
[0.240s] INFO:colcon.colcon_core.shell:Creating environment hook '/home/hexmovr02/hexmovr_manager/install/hexmovr_moto_manager/share/hexmovr_moto_manager/hook/ament_prefix_path.sh'
[0.241s] INFO:colcon.colcon_core.shell:Skip shell extension 'powershell' for command environment: Not usable outside of PowerShell
[0.241s] DEBUG:colcon.colcon_core.shell:Skip shell extension 'dsv' for command environment
[30.471s] INFO:colcon.colcon_core.task.python.build:Building Python package in '/home/hexmovr02/hexmovr_manager/src/hexmovr_moto_manager'
[30.471s] INFO:colcon.colcon_core.shell:Skip shell extension 'powershell' for command environment: Not usable outside of PowerShell
[30.471s] DEBUG:colcon.colcon_core.shell:Skip shell extension 'dsv' for command environment
[60.303s] DEBUG:colcon.colcon_core.event_handler.log_command:Invoking command in '/home/hexmovr02/hexmovr_manager/src/hexmovr_moto_manager': PYTHONPATH=/home/hexmovr02/hexmovr_manager/build/hexmovr_moto_manager/prefix_override:/usr/lib/python3/dist-packages/colcon_core/task/python/colcon_distutils_commands:/home/hexmovr02/hexmovr_manager/install/hexmovr_moto_manager/lib/python3.10/site-packages:${PYTHONPATH} /usr/bin/python3 -W ignore:setup.py install is deprecated -W ignore:easy_install command is deprecated setup.py egg_info --egg-base ../../build/hexmovr_moto_manager build --build-base /home/hexmovr02/hexmovr_manager/build/hexmovr_moto_manager/build install --record /home/hexmovr02/hexmovr_manager/build/hexmovr_moto_manager/install.log --single-version-externally-managed install_data
[90.333s] DEBUG:colcon.colcon_core.event_handler.log_command:Invoked command in '/home/hexmovr02/hexmovr_manager/src/hexmovr_moto_manager' returned '0': PYTHONPATH=/home/hexmovr02/hexmovr_manager/build/hexmovr_moto_manager/prefix_override:/usr/lib/python3/dist-packages/colcon_core/task/python/colcon_distutils_commands:/home/hexmovr02/hexmovr_manager/install/hexmovr_moto_manager/lib/python3.10/site-packages:${PYTHONPATH} /usr/bin/python3 -W ignore:setup.py install is deprecated -W ignore:easy_install command is deprecated setup.py egg_info --egg-base ../../build/hexmovr_moto_manager build --build-base /home/hexmovr02/hexmovr_manager/build/hexmovr_moto_manager/build install --record /home/hexmovr02/hexmovr_manager/build/hexmovr_moto_manager/install.log --single-version-externally-managed install_data
[90.336s] Level 1:colcon.colcon_core.environment:checking '/home/hexmovr02/hexmovr_manager/install/hexmovr_moto_manager' for CMake module files
[90.336s] Level 1:colcon.colcon_core.environment:checking '/home/hexmovr02/hexmovr_manager/install/hexmovr_moto_manager' for CMake config files
[90.337s] Level 1:colcon.colcon_core.environment:checking '/home/hexmovr02/hexmovr_manager/install/hexmovr_moto_manager/lib'
[90.337s] Level 1:colcon.colcon_core.environment:checking '/home/hexmovr02/hexmovr_manager/install/hexmovr_moto_manager/bin'
[90.337s] Level 1:colcon.colcon_core.environment:checking '/home/hexmovr02/hexmovr_manager/install/hexmovr_moto_manager/lib/pkgconfig/hexmovr_moto_manager.pc'
[90.337s] Level 1:colcon.colcon_core.environment:checking '/home/hexmovr02/hexmovr_manager/install/hexmovr_moto_manager/lib/python3.10/site-packages'
[90.337s] Level 1:colcon.colcon_core.shell:create_environment_hook('hexmovr_moto_manager', 'pythonpath')
[90.338s] INFO:colcon.colcon_core.shell:Creating environment hook '/home/hexmovr02/hexmovr_manager/install/hexmovr_moto_manager/share/hexmovr_moto_manager/hook/pythonpath.ps1'
[90.338s] INFO:colcon.colcon_core.shell:Creating environment descriptor '/home/hexmovr02/hexmovr_manager/install/hexmovr_moto_manager/share/hexmovr_moto_manager/hook/pythonpath.dsv'
[90.338s] INFO:colcon.colcon_core.shell:Creating environment hook '/home/hexmovr02/hexmovr_manager/install/hexmovr_moto_manager/share/hexmovr_moto_manager/hook/pythonpath.sh'
[90.339s] Level 1:colcon.colcon_core.environment:checking '/home/hexmovr02/hexmovr_manager/install/hexmovr_moto_manager/bin'
[90.339s] Level 1:colcon.colcon_core.environment:create_environment_scripts_only(hexmovr_moto_manager)
[90.339s] INFO:colcon.colcon_core.shell:Creating package script '/home/hexmovr02/hexmovr_manager/install/hexmovr_moto_manager/share/hexmovr_moto_manager/package.ps1'
[90.340s] INFO:colcon.colcon_core.shell:Creating package descriptor '/home/hexmovr02/hexmovr_manager/install/hexmovr_moto_manager/share/hexmovr_moto_manager/package.dsv'
[90.341s] INFO:colcon.colcon_core.shell:Creating package script '/home/hexmovr02/hexmovr_manager/install/hexmovr_moto_manager/share/hexmovr_moto_manager/package.sh'
[90.341s] INFO:colcon.colcon_core.shell:Creating package script '/home/hexmovr02/hexmovr_manager/install/hexmovr_moto_manager/share/hexmovr_moto_manager/package.bash'
[90.342s] INFO:colcon.colcon_core.shell:Creating package script '/home/hexmovr02/hexmovr_manager/install/hexmovr_moto_manager/share/hexmovr_moto_manager/package.zsh'
[90.342s] Level 1:colcon.colcon_core.environment:create_file_with_runtime_dependencies(/home/hexmovr02/hexmovr_manager/install/hexmovr_moto_manager/share/colcon-core/packages/hexmovr_moto_manager)
[90.342s] DEBUG:colcon.colcon_parallel_executor.executor.parallel:closing loop
[90.342s] DEBUG:colcon.colcon_parallel_executor.executor.parallel:loop closed
[90.342s] DEBUG:colcon.colcon_parallel_executor.executor.parallel:run_until_complete finished with '0'
[90.342s] DEBUG:colcon.colcon_core.event_reactor:joining thread
[90.347s] INFO:colcon.colcon_core.plugin_system:Skipping extension 'colcon_notification.desktop_notification.terminal_notifier': Not used on non-Darwin systems
[90.347s] INFO:colcon.colcon_core.plugin_system:Skipping extension 'colcon_notification.desktop_notification.win32': Not used on non-Windows systems
[90.347s] INFO:colcon.colcon_notification.desktop_notification:Sending desktop notification using 'notify2'
[90.347s] DEBUG:colcon.colcon_notification.desktop_notification.notify2:Failed to initialize notify2: org.freedesktop.DBus.Error.AccessDenied: Failed to connect to socket /run/user/1000/bus: Operation not permitted
[90.347s] DEBUG:colcon.colcon_core.event_reactor:joined thread
[90.348s] INFO:colcon.colcon_core.shell:Creating prefix script '/home/hexmovr02/hexmovr_manager/install/local_setup.ps1'
[90.349s] INFO:colcon.colcon_core.shell:Creating prefix util module '/home/hexmovr02/hexmovr_manager/install/_local_setup_util_ps1.py'
[90.350s] INFO:colcon.colcon_core.shell:Creating prefix chain script '/home/hexmovr02/hexmovr_manager/install/setup.ps1'
[90.351s] INFO:colcon.colcon_core.shell:Creating prefix script '/home/hexmovr02/hexmovr_manager/install/local_setup.sh'
[90.352s] INFO:colcon.colcon_core.shell:Creating prefix util module '/home/hexmovr02/hexmovr_manager/install/_local_setup_util_sh.py'
[90.352s] INFO:colcon.colcon_core.shell:Creating prefix chain script '/home/hexmovr02/hexmovr_manager/install/setup.sh'
[90.353s] INFO:colcon.colcon_core.shell:Creating prefix script '/home/hexmovr02/hexmovr_manager/install/local_setup.bash'
[90.354s] INFO:colcon.colcon_core.shell:Creating prefix chain script '/home/hexmovr02/hexmovr_manager/install/setup.bash'
[90.355s] INFO:colcon.colcon_core.shell:Creating prefix script '/home/hexmovr02/hexmovr_manager/install/local_setup.zsh'
[90.355s] INFO:colcon.colcon_core.shell:Creating prefix chain script '/home/hexmovr02/hexmovr_manager/install/setup.zsh'
