running egg_info
creating ../../build/hexmovr_bridge/hexmovr_bridge.egg-info
writing ../../build/hexmovr_bridge/hexmovr_bridge.egg-info/PKG-INFO
writing dependency_links to ../../build/hexmovr_bridge/hexmovr_bridge.egg-info/dependency_links.txt
writing entry points to ../../build/hexmovr_bridge/hexmovr_bridge.egg-info/entry_points.txt
writing requirements to ../../build/hexmovr_bridge/hexmovr_bridge.egg-info/requires.txt
writing top-level names to ../../build/hexmovr_bridge/hexmovr_bridge.egg-info/top_level.txt
writing manifest file '../../build/hexmovr_bridge/hexmovr_bridge.egg-info/SOURCES.txt'
reading manifest file '../../build/hexmovr_bridge/hexmovr_bridge.egg-info/SOURCES.txt'
writing manifest file '../../build/hexmovr_bridge/hexmovr_bridge.egg-info/SOURCES.txt'
running build
running build_py
creating /home/hexmovr02/hexmovr_manager/build/hexmovr_bridge/build
creating /home/hexmovr02/hexmovr_manager/build/hexmovr_bridge/build/lib
creating /home/hexmovr02/hexmovr_manager/build/hexmovr_bridge/build/lib/hexmovr_bridge
copying hexmovr_bridge/motor.py -> /home/hexmovr02/hexmovr_manager/build/hexmovr_bridge/build/lib/hexmovr_bridge
copying hexmovr_bridge/__init__.py -> /home/hexmovr02/hexmovr_manager/build/hexmovr_bridge/build/lib/hexmovr_bridge
copying hexmovr_bridge/bus.py -> /home/hexmovr02/hexmovr_manager/build/hexmovr_bridge/build/lib/hexmovr_bridge
copying hexmovr_bridge/controller.py -> /home/hexmovr02/hexmovr_manager/build/hexmovr_bridge/build/lib/hexmovr_bridge
copying hexmovr_bridge/node.py -> /home/hexmovr02/hexmovr_manager/build/hexmovr_bridge/build/lib/hexmovr_bridge
copying hexmovr_bridge/protocol.py -> /home/hexmovr02/hexmovr_manager/build/hexmovr_bridge/build/lib/hexmovr_bridge
running install
running install_lib
creating /home/hexmovr02/hexmovr_manager/install/hexmovr_bridge/lib/python3.10/site-packages/hexmovr_bridge
copying /home/hexmovr02/hexmovr_manager/build/hexmovr_bridge/build/lib/hexmovr_bridge/motor.py -> /home/hexmovr02/hexmovr_manager/install/hexmovr_bridge/lib/python3.10/site-packages/hexmovr_bridge
copying /home/hexmovr02/hexmovr_manager/build/hexmovr_bridge/build/lib/hexmovr_bridge/__init__.py -> /home/hexmovr02/hexmovr_manager/install/hexmovr_bridge/lib/python3.10/site-packages/hexmovr_bridge
copying /home/hexmovr02/hexmovr_manager/build/hexmovr_bridge/build/lib/hexmovr_bridge/bus.py -> /home/hexmovr02/hexmovr_manager/install/hexmovr_bridge/lib/python3.10/site-packages/hexmovr_bridge
copying /home/hexmovr02/hexmovr_manager/build/hexmovr_bridge/build/lib/hexmovr_bridge/controller.py -> /home/hexmovr02/hexmovr_manager/install/hexmovr_bridge/lib/python3.10/site-packages/hexmovr_bridge
copying /home/hexmovr02/hexmovr_manager/build/hexmovr_bridge/build/lib/hexmovr_bridge/node.py -> /home/hexmovr02/hexmovr_manager/install/hexmovr_bridge/lib/python3.10/site-packages/hexmovr_bridge
copying /home/hexmovr02/hexmovr_manager/build/hexmovr_bridge/build/lib/hexmovr_bridge/protocol.py -> /home/hexmovr02/hexmovr_manager/install/hexmovr_bridge/lib/python3.10/site-packages/hexmovr_bridge
byte-compiling /home/hexmovr02/hexmovr_manager/install/hexmovr_bridge/lib/python3.10/site-packages/hexmovr_bridge/motor.py to motor.cpython-310.pyc
byte-compiling /home/hexmovr02/hexmovr_manager/install/hexmovr_bridge/lib/python3.10/site-packages/hexmovr_bridge/__init__.py to __init__.cpython-310.pyc
byte-compiling /home/hexmovr02/hexmovr_manager/install/hexmovr_bridge/lib/python3.10/site-packages/hexmovr_bridge/bus.py to bus.cpython-310.pyc
byte-compiling /home/hexmovr02/hexmovr_manager/install/hexmovr_bridge/lib/python3.10/site-packages/hexmovr_bridge/controller.py to controller.cpython-310.pyc
byte-compiling /home/hexmovr02/hexmovr_manager/install/hexmovr_bridge/lib/python3.10/site-packages/hexmovr_bridge/node.py to node.cpython-310.pyc
byte-compiling /home/hexmovr02/hexmovr_manager/install/hexmovr_bridge/lib/python3.10/site-packages/hexmovr_bridge/protocol.py to protocol.cpython-310.pyc
running install_data
creating /home/hexmovr02/hexmovr_manager/install/hexmovr_bridge/share/ament_index
creating /home/hexmovr02/hexmovr_manager/install/hexmovr_bridge/share/ament_index/resource_index
creating /home/hexmovr02/hexmovr_manager/install/hexmovr_bridge/share/ament_index/resource_index/packages
copying resource/hexmovr_bridge -> /home/hexmovr02/hexmovr_manager/install/hexmovr_bridge/share/ament_index/resource_index/packages
copying package.xml -> /home/hexmovr02/hexmovr_manager/install/hexmovr_bridge/share/hexmovr_bridge
running install_egg_info
Copying ../../build/hexmovr_bridge/hexmovr_bridge.egg-info to /home/hexmovr02/hexmovr_manager/install/hexmovr_bridge/lib/python3.10/site-packages/hexmovr_bridge-0.1.0-py3.10.egg-info
running install_scripts
Installing hexmovr_bridge script to /home/hexmovr02/hexmovr_manager/install/hexmovr_bridge/lib/hexmovr_bridge
writing list of installed files to '/home/hexmovr02/hexmovr_manager/build/hexmovr_bridge/install.log'
