[0.479s] Invoking command in '/home/hexmovr02/hexmovr_manager/src/hexmovr_bridge': PYTHONPATH=/home/hexmovr02/hexmovr_manager/build/hexmovr_bridge/prefix_override:/usr/lib/python3/dist-packages/colcon_core/task/python/colcon_distutils_commands:/home/hexmovr02/hexmovr_manager/install/hexmovr_bridge/lib/python3.10/site-packages:${PYTHONPATH} /usr/bin/python3 -W ignore:setup.py install is deprecated -W ignore:easy_install command is deprecated setup.py egg_info --egg-base ../../build/hexmovr_bridge build --build-base /home/hexmovr02/hexmovr_manager/build/hexmovr_bridge/build install --record /home/hexmovr02/hexmovr_manager/build/hexmovr_bridge/install.log --single-version-externally-managed install_data
[0.661s] running egg_info
[0.661s] creating ../../build/hexmovr_bridge/hexmovr_bridge.egg-info
[0.661s] writing ../../build/hexmovr_bridge/hexmovr_bridge.egg-info/PKG-INFO
[0.661s] writing dependency_links to ../../build/hexmovr_bridge/hexmovr_bridge.egg-info/dependency_links.txt
[0.661s] writing entry points to ../../build/hexmovr_bridge/hexmovr_bridge.egg-info/entry_points.txt
[0.661s] writing requirements to ../../build/hexmovr_bridge/hexmovr_bridge.egg-info/requires.txt
[0.661s] writing top-level names to ../../build/hexmovr_bridge/hexmovr_bridge.egg-info/top_level.txt
[0.661s] writing manifest file '../../build/hexmovr_bridge/hexmovr_bridge.egg-info/SOURCES.txt'
[0.662s] reading manifest file '../../build/hexmovr_bridge/hexmovr_bridge.egg-info/SOURCES.txt'
[0.663s] writing manifest file '../../build/hexmovr_bridge/hexmovr_bridge.egg-info/SOURCES.txt'
[0.663s] running build
[0.663s] running build_py
[0.663s] creating /home/hexmovr02/hexmovr_manager/build/hexmovr_bridge/build
[0.663s] creating /home/hexmovr02/hexmovr_manager/build/hexmovr_bridge/build/lib
[0.663s] creating /home/hexmovr02/hexmovr_manager/build/hexmovr_bridge/build/lib/hexmovr_bridge
[0.663s] copying hexmovr_bridge/motor.py -> /home/hexmovr02/hexmovr_manager/build/hexmovr_bridge/build/lib/hexmovr_bridge
[0.663s] copying hexmovr_bridge/__init__.py -> /home/hexmovr02/hexmovr_manager/build/hexmovr_bridge/build/lib/hexmovr_bridge
[0.663s] copying hexmovr_bridge/bus.py -> /home/hexmovr02/hexmovr_manager/build/hexmovr_bridge/build/lib/hexmovr_bridge
[0.663s] copying hexmovr_bridge/controller.py -> /home/hexmovr02/hexmovr_manager/build/hexmovr_bridge/build/lib/hexmovr_bridge
[0.663s] copying hexmovr_bridge/node.py -> /home/hexmovr02/hexmovr_manager/build/hexmovr_bridge/build/lib/hexmovr_bridge
[0.663s] copying hexmovr_bridge/protocol.py -> /home/hexmovr02/hexmovr_manager/build/hexmovr_bridge/build/lib/hexmovr_bridge
[0.663s] running install
[0.663s] running install_lib
[0.664s] creating /home/hexmovr02/hexmovr_manager/install/hexmovr_bridge/lib/python3.10/site-packages/hexmovr_bridge
[0.664s] copying /home/hexmovr02/hexmovr_manager/build/hexmovr_bridge/build/lib/hexmovr_bridge/motor.py -> /home/hexmovr02/hexmovr_manager/install/hexmovr_bridge/lib/python3.10/site-packages/hexmovr_bridge
[0.664s] copying /home/hexmovr02/hexmovr_manager/build/hexmovr_bridge/build/lib/hexmovr_bridge/__init__.py -> /home/hexmovr02/hexmovr_manager/install/hexmovr_bridge/lib/python3.10/site-packages/hexmovr_bridge
[0.664s] copying /home/hexmovr02/hexmovr_manager/build/hexmovr_bridge/build/lib/hexmovr_bridge/bus.py -> /home/hexmovr02/hexmovr_manager/install/hexmovr_bridge/lib/python3.10/site-packages/hexmovr_bridge
[0.664s] copying /home/hexmovr02/hexmovr_manager/build/hexmovr_bridge/build/lib/hexmovr_bridge/controller.py -> /home/hexmovr02/hexmovr_manager/install/hexmovr_bridge/lib/python3.10/site-packages/hexmovr_bridge
[0.664s] copying /home/hexmovr02/hexmovr_manager/build/hexmovr_bridge/build/lib/hexmovr_bridge/node.py -> /home/hexmovr02/hexmovr_manager/install/hexmovr_bridge/lib/python3.10/site-packages/hexmovr_bridge
[0.664s] copying /home/hexmovr02/hexmovr_manager/build/hexmovr_bridge/build/lib/hexmovr_bridge/protocol.py -> /home/hexmovr02/hexmovr_manager/install/hexmovr_bridge/lib/python3.10/site-packages/hexmovr_bridge
[0.665s] byte-compiling /home/hexmovr02/hexmovr_manager/install/hexmovr_bridge/lib/python3.10/site-packages/hexmovr_bridge/motor.py to motor.cpython-310.pyc
[0.665s] byte-compiling /home/hexmovr02/hexmovr_manager/install/hexmovr_bridge/lib/python3.10/site-packages/hexmovr_bridge/__init__.py to __init__.cpython-310.pyc
[0.665s] byte-compiling /home/hexmovr02/hexmovr_manager/install/hexmovr_bridge/lib/python3.10/site-packages/hexmovr_bridge/bus.py to bus.cpython-310.pyc
[0.666s] byte-compiling /home/hexmovr02/hexmovr_manager/install/hexmovr_bridge/lib/python3.10/site-packages/hexmovr_bridge/controller.py to controller.cpython-310.pyc
[0.666s] byte-compiling /home/hexmovr02/hexmovr_manager/install/hexmovr_bridge/lib/python3.10/site-packages/hexmovr_bridge/node.py to node.cpython-310.pyc
[0.667s] byte-compiling /home/hexmovr02/hexmovr_manager/install/hexmovr_bridge/lib/python3.10/site-packages/hexmovr_bridge/protocol.py to protocol.cpython-310.pyc
[0.668s] running install_data
[0.668s] creating /home/hexmovr02/hexmovr_manager/install/hexmovr_bridge/share/ament_index
[0.668s] creating /home/hexmovr02/hexmovr_manager/install/hexmovr_bridge/share/ament_index/resource_index
[0.668s] creating /home/hexmovr02/hexmovr_manager/install/hexmovr_bridge/share/ament_index/resource_index/packages
[0.668s] copying resource/hexmovr_bridge -> /home/hexmovr02/hexmovr_manager/install/hexmovr_bridge/share/ament_index/resource_index/packages
[0.668s] copying package.xml -> /home/hexmovr02/hexmovr_manager/install/hexmovr_bridge/share/hexmovr_bridge
[0.668s] running install_egg_info
[0.670s] Copying ../../build/hexmovr_bridge/hexmovr_bridge.egg-info to /home/hexmovr02/hexmovr_manager/install/hexmovr_bridge/lib/python3.10/site-packages/hexmovr_bridge-0.1.0-py3.10.egg-info
[0.670s] running install_scripts
[0.685s] Installing hexmovr_bridge script to /home/hexmovr02/hexmovr_manager/install/hexmovr_bridge/lib/hexmovr_bridge
[0.685s] writing list of installed files to '/home/hexmovr02/hexmovr_manager/build/hexmovr_bridge/install.log'
[0.707s] Invoked command in '/home/hexmovr02/hexmovr_manager/src/hexmovr_bridge' returned '0': PYTHONPATH=/home/hexmovr02/hexmovr_manager/build/hexmovr_bridge/prefix_override:/usr/lib/python3/dist-packages/colcon_core/task/python/colcon_distutils_commands:/home/hexmovr02/hexmovr_manager/install/hexmovr_bridge/lib/python3.10/site-packages:${PYTHONPATH} /usr/bin/python3 -W ignore:setup.py install is deprecated -W ignore:easy_install command is deprecated setup.py egg_info --egg-base ../../build/hexmovr_bridge build --build-base /home/hexmovr02/hexmovr_manager/build/hexmovr_bridge/build install --record /home/hexmovr02/hexmovr_manager/build/hexmovr_bridge/install.log --single-version-externally-managed install_data
