running egg_info
creating ../build/hexmovr_moto_manager/hexmovr_moto_manager.egg-info
writing ../build/hexmovr_moto_manager/hexmovr_moto_manager.egg-info/PKG-INFO
writing dependency_links to ../build/hexmovr_moto_manager/hexmovr_moto_manager.egg-info/dependency_links.txt
writing entry points to ../build/hexmovr_moto_manager/hexmovr_moto_manager.egg-info/entry_points.txt
writing requirements to ../build/hexmovr_moto_manager/hexmovr_moto_manager.egg-info/requires.txt
writing top-level names to ../build/hexmovr_moto_manager/hexmovr_moto_manager.egg-info/top_level.txt
writing manifest file '../build/hexmovr_moto_manager/hexmovr_moto_manager.egg-info/SOURCES.txt'
reading manifest file '../build/hexmovr_moto_manager/hexmovr_moto_manager.egg-info/SOURCES.txt'
writing manifest file '../build/hexmovr_moto_manager/hexmovr_moto_manager.egg-info/SOURCES.txt'
running build
running build_py
creating /home/hexmovr02/hexmovr_manager/build/hexmovr_moto_manager/build
creating /home/hexmovr02/hexmovr_manager/build/hexmovr_moto_manager/build/lib
creating /home/hexmovr02/hexmovr_manager/build/hexmovr_moto_manager/build/lib/hexmovr_moto_manager
copying hexmovr_moto_manager/moto_scaner.py -> /home/hexmovr02/hexmovr_manager/build/hexmovr_moto_manager/build/lib/hexmovr_moto_manager
copying hexmovr_moto_manager/__init__.py -> /home/hexmovr02/hexmovr_manager/build/hexmovr_moto_manager/build/lib/hexmovr_moto_manager
running install
running install_lib
creating /home/hexmovr02/hexmovr_manager/install/hexmovr_moto_manager/lib/python3.10/site-packages/hexmovr_moto_manager
copying /home/hexmovr02/hexmovr_manager/build/hexmovr_moto_manager/build/lib/hexmovr_moto_manager/moto_scaner.py -> /home/hexmovr02/hexmovr_manager/install/hexmovr_moto_manager/lib/python3.10/site-packages/hexmovr_moto_manager
copying /home/hexmovr02/hexmovr_manager/build/hexmovr_moto_manager/build/lib/hexmovr_moto_manager/__init__.py -> /home/hexmovr02/hexmovr_manager/install/hexmovr_moto_manager/lib/python3.10/site-packages/hexmovr_moto_manager
byte-compiling /home/hexmovr02/hexmovr_manager/install/hexmovr_moto_manager/lib/python3.10/site-packages/hexmovr_moto_manager/moto_scaner.py to moto_scaner.cpython-310.pyc
byte-compiling /home/hexmovr02/hexmovr_manager/install/hexmovr_moto_manager/lib/python3.10/site-packages/hexmovr_moto_manager/__init__.py to __init__.cpython-310.pyc
running install_data
creating /home/hexmovr02/hexmovr_manager/install/hexmovr_moto_manager/share/ament_index
creating /home/hexmovr02/hexmovr_manager/install/hexmovr_moto_manager/share/ament_index/resource_index
creating /home/hexmovr02/hexmovr_manager/install/hexmovr_moto_manager/share/ament_index/resource_index/packages
copying resource/hexmovr_moto_manager -> /home/hexmovr02/hexmovr_manager/install/hexmovr_moto_manager/share/ament_index/resource_index/packages
copying package.xml -> /home/hexmovr02/hexmovr_manager/install/hexmovr_moto_manager/share/hexmovr_moto_manager
running install_egg_info
Copying ../build/hexmovr_moto_manager/hexmovr_moto_manager.egg-info to /home/hexmovr02/hexmovr_manager/install/hexmovr_moto_manager/lib/python3.10/site-packages/hexmovr_moto_manager-0.0.0-py3.10.egg-info
running install_scripts
Installing moto_scaner script to /home/hexmovr02/hexmovr_manager/install/hexmovr_moto_manager/lib/hexmovr_moto_manager
writing list of installed files to '/home/hexmovr02/hexmovr_manager/build/hexmovr_moto_manager/install.log'
