[0.394s] Invoking command in '/home/hexmovr02/hexmovr_manager/src/hexmovr_moto_manager': AMENT_PREFIX_PATH=/home/hexmovr02/hexmovr_manager/install/hexmovr_bridge:${AMENT_PREFIX_PATH} PYTHONPATH=/home/hexmovr02/hexmovr_manager/build/hexmovr_moto_manager/prefix_override:/usr/lib/python3/dist-packages/colcon_core/task/python/colcon_distutils_commands:/home/hexmovr02/hexmovr_manager/install/hexmovr_moto_manager/lib/python3.10/site-packages:/home/hexmovr02/hexmovr_manager/install/hexmovr_bridge/lib/python3.10/site-packages:/home/hexmovr02/hexmovr_manager/install/hexmovr_motor_example/lib/python3.10/site-packages:/home/hexmovr02/hexmovr_manager/install/my_python_pkg/lib/python3.10/site-packages:/home/hexmovr02/hexmovr_manager/install/hexmovr_motor6_example/lib/python3.10/site-packages:/home/hexmovr02/hexmovr_manager/install/hexmovr_moto_manager/lib/python3.10/site-packages:/home/hexmovr02/rebotarm_ros2/install/rebotarm_moveit_demos/lib/python3.10/site-packages:/home/hexmovr02/rebotarm_ros2/install/rebotarm_bringup/lib/python3.10/site-packages:/home/hexmovr02/rebotarm_ros2/install/rebotarmcontroller/lib/python3.10/site-packages:/home/hexmovr02/rebotarm_ros2/install/rebotarm_msgs/local/lib/python3.10/dist-packages:/home/hexmovr02/reBotArmController_ROS2/build/rebotarm_bringup:/home/hexmovr02/reBotArmController_ROS2/install/rebotarm_bringup/lib/python3.10/site-packages:/home/hexmovr02/reBotArmController_ROS2/build/rebotarmcontroller:/home/hexmovr02/reBotArmController_ROS2/install/rebotarmcontroller/lib/python3.10/site-packages:/home/hexmovr02/reBotArmController_ROS2/install/rebotarm_msgs/local/lib/python3.10/dist-packages:/opt/ros/humble/lib/python3.10/site-packages:/opt/ros/humble/local/lib/python3.10/dist-packages /usr/bin/python3 -W ignore:setup.py install is deprecated -W ignore:easy_install command is deprecated setup.py egg_info --egg-base ../../build/hexmovr_moto_manager build --build-base /home/hexmovr02/hexmovr_manager/build/hexmovr_moto_manager/build install --record /home/hexmovr02/hexmovr_manager/build/hexmovr_moto_manager/install.log --single-version-externally-managed install_data
[0.546s] running egg_info
[0.546s] writing ../../build/hexmovr_moto_manager/hexmovr_moto_manager.egg-info/PKG-INFO
[0.546s] writing dependency_links to ../../build/hexmovr_moto_manager/hexmovr_moto_manager.egg-info/dependency_links.txt
[0.546s] writing requirements to ../../build/hexmovr_moto_manager/hexmovr_moto_manager.egg-info/requires.txt
[0.547s] writing top-level names to ../../build/hexmovr_moto_manager/hexmovr_moto_manager.egg-info/top_level.txt
[0.548s] reading manifest file '../../build/hexmovr_moto_manager/hexmovr_moto_manager.egg-info/SOURCES.txt'
[0.548s] writing manifest file '../../build/hexmovr_moto_manager/hexmovr_moto_manager.egg-info/SOURCES.txt'
[0.548s] running build
[0.548s] running build_py
[0.549s] running build_scripts
[0.549s] running install
[0.549s] running install_lib
[0.549s] running install_data
[0.549s] running install_egg_info
[0.550s] removing '/home/hexmovr02/hexmovr_manager/install/hexmovr_moto_manager/lib/python3.10/site-packages/hexmovr_moto_manager-0.0.0-py3.10.egg-info' (and everything under it)
[0.550s] Copying ../../build/hexmovr_moto_manager/hexmovr_moto_manager.egg-info to /home/hexmovr02/hexmovr_manager/install/hexmovr_moto_manager/lib/python3.10/site-packages/hexmovr_moto_manager-0.0.0-py3.10.egg-info
[0.551s] running install_scripts
[0.562s] changing mode of /home/hexmovr02/hexmovr_manager/install/hexmovr_moto_manager/lib/hexmovr_moto_manager/moto_scaner to 775
[0.562s] writing list of installed files to '/home/hexmovr02/hexmovr_manager/build/hexmovr_moto_manager/install.log'
[0.576s] Invoked command in '/home/hexmovr02/hexmovr_manager/src/hexmovr_moto_manager' returned '0': AMENT_PREFIX_PATH=/home/hexmovr02/hexmovr_manager/install/hexmovr_bridge:${AMENT_PREFIX_PATH} PYTHONPATH=/home/hexmovr02/hexmovr_manager/build/hexmovr_moto_manager/prefix_override:/usr/lib/python3/dist-packages/colcon_core/task/python/colcon_distutils_commands:/home/hexmovr02/hexmovr_manager/install/hexmovr_moto_manager/lib/python3.10/site-packages:/home/hexmovr02/hexmovr_manager/install/hexmovr_bridge/lib/python3.10/site-packages:/home/hexmovr02/hexmovr_manager/install/hexmovr_motor_example/lib/python3.10/site-packages:/home/hexmovr02/hexmovr_manager/install/my_python_pkg/lib/python3.10/site-packages:/home/hexmovr02/hexmovr_manager/install/hexmovr_motor6_example/lib/python3.10/site-packages:/home/hexmovr02/hexmovr_manager/install/hexmovr_moto_manager/lib/python3.10/site-packages:/home/hexmovr02/rebotarm_ros2/install/rebotarm_moveit_demos/lib/python3.10/site-packages:/home/hexmovr02/rebotarm_ros2/install/rebotarm_bringup/lib/python3.10/site-packages:/home/hexmovr02/rebotarm_ros2/install/rebotarmcontroller/lib/python3.10/site-packages:/home/hexmovr02/rebotarm_ros2/install/rebotarm_msgs/local/lib/python3.10/dist-packages:/home/hexmovr02/reBotArmController_ROS2/build/rebotarm_bringup:/home/hexmovr02/reBotArmController_ROS2/install/rebotarm_bringup/lib/python3.10/site-packages:/home/hexmovr02/reBotArmController_ROS2/build/rebotarmcontroller:/home/hexmovr02/reBotArmController_ROS2/install/rebotarmcontroller/lib/python3.10/site-packages:/home/hexmovr02/reBotArmController_ROS2/install/rebotarm_msgs/local/lib/python3.10/dist-packages:/opt/ros/humble/lib/python3.10/site-packages:/opt/ros/humble/local/lib/python3.10/dist-packages /usr/bin/python3 -W ignore:setup.py install is deprecated -W ignore:easy_install command is deprecated setup.py egg_info --egg-base ../../build/hexmovr_moto_manager build --build-base /home/hexmovr02/hexmovr_manager/build/hexmovr_moto_manager/build install --record /home/hexmovr02/hexmovr_manager/build/hexmovr_moto_manager/install.log --single-version-externally-managed install_data
