[0.071s] DEBUG:colcon:Command line arguments: ['/usr/bin/colcon', 'build', '--packages-select', 'hexmovr_moto_manager']
[0.071s] DEBUG:colcon:Parsed command line arguments: Namespace(log_base=None, log_level=None, verb_name='build', build_base='build', install_base='install', merge_install=False, symlink_install=False, test_result_base=None, continue_on_error=False, executor='parallel', parallel_workers=32, event_handlers=None, ignore_user_meta=False, metas=['./colcon.meta'], base_paths=['.'], packages_ignore=None, packages_ignore_regex=None, paths=None, packages_up_to=None, packages_up_to_regex=None, packages_above=None, packages_above_and_dependencies=None, packages_above_depth=None, packages_select_by_dep=None, packages_skip_by_dep=None, packages_skip_up_to=None, packages_select_build_failed=False, packages_skip_build_finished=False, packages_select_test_failures=False, packages_skip_test_passed=False, packages_select=['hexmovr_moto_manager'], packages_skip=None, packages_select_regex=None, packages_skip_regex=None, packages_start=None, packages_end=None, allow_overriding=[], cmake_args=None, cmake_target=None, cmake_target_skip_unavailable=False, cmake_clean_cache=False, cmake_clean_first=False, cmake_force_configure=False, ament_cmake_args=None, catkin_cmake_args=None, catkin_skip_building_tests=False, verb_parser=<colcon_defaults.argument_parser.defaults.DefaultArgumentsDecorator object at 0x719f0ae3add0>, verb_extension=<colcon_core.verb.build.BuildVerb object at 0x719f0af74250>, main=<bound method BuildVerb.main of <colcon_core.verb.build.BuildVerb object at 0x719f0af74250>>)
[0.174s] Level 1:colcon.colcon_core.package_discovery:discover_packages(colcon_meta) check parameters
[0.174s] Level 1:colcon.colcon_core.package_discovery:discover_packages(recursive) check parameters
[0.174s] Level 1:colcon.colcon_core.package_discovery:discover_packages(ignore) check parameters
[0.174s] Level 1:colcon.colcon_core.package_discovery:discover_packages(path) check parameters
[0.174s] Level 1:colcon.colcon_core.package_discovery:discover_packages(colcon_meta) discover
[0.174s] Level 1:colcon.colcon_core.package_discovery:discover_packages(recursive) discover
[0.174s] INFO:colcon.colcon_core.package_discovery:Crawling recursively for packages in '/home/hexmovr02/hexmovr_manager'
[0.174s] Level 1:colcon.colcon_core.package_identification:_identify(.) by extensions ['ignore', 'ignore_ament_install']
[0.174s] Level 1:colcon.colcon_core.package_identification:_identify(.) by extension 'ignore'
[0.174s] Level 1:colcon.colcon_core.package_identification:_identify(.) by extension 'ignore_ament_install'
[0.174s] Level 1:colcon.colcon_core.package_identification:_identify(.) by extensions ['colcon_pkg']
[0.174s] Level 1:colcon.colcon_core.package_identification:_identify(.) by extension 'colcon_pkg'
[0.174s] Level 1:colcon.colcon_core.package_identification:_identify(.) by extensions ['colcon_meta']
[0.174s] Level 1:colcon.colcon_core.package_identification:_identify(.) by extension 'colcon_meta'
[0.174s] Level 1:colcon.colcon_core.package_identification:_identify(.) by extensions ['ros']
[0.174s] Level 1:colcon.colcon_core.package_identification:_identify(.) by extension 'ros'
[0.182s] Level 1:colcon.colcon_core.package_identification:_identify(.) by extensions ['cmake', 'python']
[0.182s] Level 1:colcon.colcon_core.package_identification:_identify(.) by extension 'cmake'
[0.182s] Level 1:colcon.colcon_core.package_identification:_identify(.) by extension 'python'
[0.182s] Level 1:colcon.colcon_core.package_identification:_identify(.) by extensions ['python_setup_py']
[0.182s] Level 1:colcon.colcon_core.package_identification:_identify(.) by extension 'python_setup_py'
[0.182s] Level 1:colcon.colcon_core.package_identification:_identify(build) by extensions ['ignore', 'ignore_ament_install']
[0.182s] Level 1:colcon.colcon_core.package_identification:_identify(build) by extension 'ignore'
[0.182s] Level 1:colcon.colcon_core.package_identification:_identify(build) ignored
[0.182s] Level 1:colcon.colcon_core.package_identification:_identify(install) by extensions ['ignore', 'ignore_ament_install']
[0.182s] Level 1:colcon.colcon_core.package_identification:_identify(install) by extension 'ignore'
[0.182s] Level 1:colcon.colcon_core.package_identification:_identify(install) ignored
[0.182s] Level 1:colcon.colcon_core.package_identification:_identify(log) by extensions ['ignore', 'ignore_ament_install']
[0.182s] Level 1:colcon.colcon_core.package_identification:_identify(log) by extension 'ignore'
[0.182s] Level 1:colcon.colcon_core.package_identification:_identify(log) ignored
[0.182s] Level 1:colcon.colcon_core.package_identification:_identify(src) by extensions ['ignore', 'ignore_ament_install']
[0.182s] Level 1:colcon.colcon_core.package_identification:_identify(src) by extension 'ignore'
[0.182s] Level 1:colcon.colcon_core.package_identification:_identify(src) by extension 'ignore_ament_install'
[0.183s] Level 1:colcon.colcon_core.package_identification:_identify(src) by extensions ['colcon_pkg']
[0.183s] Level 1:colcon.colcon_core.package_identification:_identify(src) by extension 'colcon_pkg'
[0.183s] Level 1:colcon.colcon_core.package_identification:_identify(src) by extensions ['colcon_meta']
[0.183s] Level 1:colcon.colcon_core.package_identification:_identify(src) by extension 'colcon_meta'
[0.183s] Level 1:colcon.colcon_core.package_identification:_identify(src) by extensions ['ros']
[0.183s] Level 1:colcon.colcon_core.package_identification:_identify(src) by extension 'ros'
[0.183s] Level 1:colcon.colcon_core.package_identification:_identify(src) by extensions ['cmake', 'python']
[0.183s] Level 1:colcon.colcon_core.package_identification:_identify(src) by extension 'cmake'
[0.183s] Level 1:colcon.colcon_core.package_identification:_identify(src) by extension 'python'
[0.183s] Level 1:colcon.colcon_core.package_identification:_identify(src) by extensions ['python_setup_py']
[0.183s] Level 1:colcon.colcon_core.package_identification:_identify(src) by extension 'python_setup_py'
[0.183s] Level 1:colcon.colcon_core.package_identification:_identify(src/hexmovr_moto_manager) by extensions ['ignore', 'ignore_ament_install']
[0.183s] Level 1:colcon.colcon_core.package_identification:_identify(src/hexmovr_moto_manager) by extension 'ignore'
[0.183s] Level 1:colcon.colcon_core.package_identification:_identify(src/hexmovr_moto_manager) by extension 'ignore_ament_install'
[0.183s] Level 1:colcon.colcon_core.package_identification:_identify(src/hexmovr_moto_manager) by extensions ['colcon_pkg']
[0.183s] Level 1:colcon.colcon_core.package_identification:_identify(src/hexmovr_moto_manager) by extension 'colcon_pkg'
[0.183s] Level 1:colcon.colcon_core.package_identification:_identify(src/hexmovr_moto_manager) by extensions ['colcon_meta']
[0.183s] Level 1:colcon.colcon_core.package_identification:_identify(src/hexmovr_moto_manager) by extension 'colcon_meta'
[0.183s] Level 1:colcon.colcon_core.package_identification:_identify(src/hexmovr_moto_manager) by extensions ['ros']
[0.183s] Level 1:colcon.colcon_core.package_identification:_identify(src/hexmovr_moto_manager) by extension 'ros'
[0.185s] DEBUG:colcon.colcon_core.package_identification:Package 'src/hexmovr_moto_manager' with type 'ros.ament_python' and name 'hexmovr_moto_manager'
[0.185s] Level 1:colcon.colcon_core.package_discovery:discover_packages(recursive) using defaults
[0.185s] Level 1:colcon.colcon_core.package_discovery:discover_packages(ignore) discover
[0.185s] Level 1:colcon.colcon_core.package_discovery:discover_packages(ignore) using defaults
[0.185s] Level 1:colcon.colcon_core.package_discovery:discover_packages(path) discover
[0.185s] Level 1:colcon.colcon_core.package_discovery:discover_packages(path) using defaults
[0.205s] Level 1:colcon.colcon_core.package_discovery:discover_packages(prefix_path) check parameters
[0.205s] Level 1:colcon.colcon_core.package_discovery:discover_packages(prefix_path) discover
[0.206s] DEBUG:colcon.colcon_installed_package_information.package_discovery:Found 2 installed packages in /home/hexmovr02/hexmovr_manager/install
[0.206s] DEBUG:colcon.colcon_installed_package_information.package_discovery:Found 5 installed packages in /home/hexmovr02/rebotarm_ros2/install
[0.206s] DEBUG:colcon.colcon_installed_package_information.package_discovery:Found 3 installed packages in /home/hexmovr02/reBotArmController_ROS2/install
[0.207s] DEBUG:colcon.colcon_installed_package_information.package_discovery:Found 0 installed packages in /home/hexmovr02/seeed/rebotarm_ros2/install
[0.207s] DEBUG:colcon.colcon_installed_package_information.package_discovery:Found 0 installed packages in /home/hexmovr02/test/install
[0.208s] DEBUG:colcon.colcon_installed_package_information.package_discovery:Found 359 installed packages in /opt/ros/humble
[0.209s] Level 1:colcon.colcon_core.package_discovery:discover_packages(prefix_path) using defaults
[0.236s] Level 5:colcon.colcon_core.verb:set package 'hexmovr_moto_manager' build argument 'cmake_args' from command line to 'None'
[0.236s] Level 5:colcon.colcon_core.verb:set package 'hexmovr_moto_manager' build argument 'cmake_target' from command line to 'None'
[0.236s] Level 5:colcon.colcon_core.verb:set package 'hexmovr_moto_manager' build argument 'cmake_target_skip_unavailable' from command line to 'False'
[0.236s] Level 5:colcon.colcon_core.verb:set package 'hexmovr_moto_manager' build argument 'cmake_clean_cache' from command line to 'False'
[0.236s] Level 5:colcon.colcon_core.verb:set package 'hexmovr_moto_manager' build argument 'cmake_clean_first' from command line to 'False'
[0.236s] Level 5:colcon.colcon_core.verb:set package 'hexmovr_moto_manager' build argument 'cmake_force_configure' from command line to 'False'
[0.236s] Level 5:colcon.colcon_core.verb:set package 'hexmovr_moto_manager' build argument 'ament_cmake_args' from command line to 'None'
[0.236s] Level 5:colcon.colcon_core.verb:set package 'hexmovr_moto_manager' build argument 'catkin_cmake_args' from command line to 'None'
[0.236s] Level 5:colcon.colcon_core.verb:set package 'hexmovr_moto_manager' build argument 'catkin_skip_building_tests' from command line to 'False'
[0.236s] DEBUG:colcon.colcon_core.verb:Building package 'hexmovr_moto_manager' with the following arguments: {'ament_cmake_args': None, 'build_base': '/home/hexmovr02/hexmovr_manager/build/hexmovr_moto_manager', 'catkin_cmake_args': None, 'catkin_skip_building_tests': False, 'cmake_args': None, 'cmake_clean_cache': False, 'cmake_clean_first': False, 'cmake_force_configure': False, 'cmake_target': None, 'cmake_target_skip_unavailable': False, 'install_base': '/home/hexmovr02/hexmovr_manager/install/hexmovr_moto_manager', 'merge_install': False, 'path': '/home/hexmovr02/hexmovr_manager/src/hexmovr_moto_manager', 'symlink_install': False, 'test_result_base': None}
[0.236s] INFO:colcon.colcon_core.executor:Executing jobs using 'parallel' executor
[0.237s] DEBUG:colcon.colcon_parallel_executor.executor.parallel:run_until_complete
[0.237s] INFO:colcon.colcon_ros.task.ament_python.build:Building ROS package in '/home/hexmovr02/hexmovr_manager/src/hexmovr_moto_manager' with build type 'ament_python'
[0.237s] Level 1:colcon.colcon_core.shell:create_environment_hook('hexmovr_moto_manager', 'ament_prefix_path')
[0.239s] INFO:colcon.colcon_core.plugin_system:Skipping extension 'colcon_core.shell.bat': Not used on non-Windows systems
[0.239s] INFO:colcon.colcon_core.shell:Creating environment hook '/home/hexmovr02/hexmovr_manager/install/hexmovr_moto_manager/share/hexmovr_moto_manager/hook/ament_prefix_path.ps1'
[0.239s] INFO:colcon.colcon_core.shell:Creating environment descriptor '/home/hexmovr02/hexmovr_manager/install/hexmovr_moto_manager/share/hexmovr_moto_manager/hook/ament_prefix_path.dsv'
[0.240s] INFO:colcon.colcon_core.shell:Creating environment hook '/home/hexmovr02/hexmovr_manager/install/hexmovr_moto_manager/share/hexmovr_moto_manager/hook/ament_prefix_path.sh'
[0.240s] INFO:colcon.colcon_core.shell:Skip shell extension 'powershell' for command environment: Not usable outside of PowerShell
[0.240s] DEBUG:colcon.colcon_core.shell:Skip shell extension 'dsv' for command environment
[30.439s] INFO:colcon.colcon_core.task.python.build:Building Python package in '/home/hexmovr02/hexmovr_manager/src/hexmovr_moto_manager'
[30.439s] INFO:colcon.colcon_core.shell:Skip shell extension 'powershell' for command environment: Not usable outside of PowerShell
[30.440s] DEBUG:colcon.colcon_core.shell:Skip shell extension 'dsv' for command environment
[30.677s] DEBUG:colcon.colcon_core.event_handler.log_command:Invoking command in '/home/hexmovr02/hexmovr_manager/src/hexmovr_moto_manager': PYTHONPATH=/home/hexmovr02/hexmovr_manager/build/hexmovr_moto_manager/prefix_override:/usr/lib/python3/dist-packages/colcon_core/task/python/colcon_distutils_commands:/home/hexmovr02/hexmovr_manager/install/hexmovr_moto_manager/lib/python3.10/site-packages:${PYTHONPATH} /usr/bin/python3 -W ignore:setup.py install is deprecated -W ignore:easy_install command is deprecated setup.py egg_info --egg-base ../../build/hexmovr_moto_manager build --build-base /home/hexmovr02/hexmovr_manager/build/hexmovr_moto_manager/build install --record /home/hexmovr02/hexmovr_manager/build/hexmovr_moto_manager/install.log --single-version-externally-managed install_data
[60.274s] DEBUG:colcon.colcon_core.event_handler.log_command:Invoked command in '/home/hexmovr02/hexmovr_manager/src/hexmovr_moto_manager' returned '0': PYTHONPATH=/home/hexmovr02/hexmovr_manager/build/hexmovr_moto_manager/prefix_override:/usr/lib/python3/dist-packages/colcon_core/task/python/colcon_distutils_commands:/home/hexmovr02/hexmovr_manager/install/hexmovr_moto_manager/lib/python3.10/site-packages:${PYTHONPATH} /usr/bin/python3 -W ignore:setup.py install is deprecated -W ignore:easy_install command is deprecated setup.py egg_info --egg-base ../../build/hexmovr_moto_manager build --build-base /home/hexmovr02/hexmovr_manager/build/hexmovr_moto_manager/build install --record /home/hexmovr02/hexmovr_manager/build/hexmovr_moto_manager/install.log --single-version-externally-managed install_data
[60.277s] Level 1:colcon.colcon_core.environment:checking '/home/hexmovr02/hexmovr_manager/install/hexmovr_moto_manager' for CMake module files
[60.277s] Level 1:colcon.colcon_core.environment:checking '/home/hexmovr02/hexmovr_manager/install/hexmovr_moto_manager' for CMake config files
[60.278s] Level 1:colcon.colcon_core.environment:checking '/home/hexmovr02/hexmovr_manager/install/hexmovr_moto_manager/lib'
[60.279s] Level 1:colcon.colcon_core.environment:checking '/home/hexmovr02/hexmovr_manager/install/hexmovr_moto_manager/bin'
[60.279s] Level 1:colcon.colcon_core.environment:checking '/home/hexmovr02/hexmovr_manager/install/hexmovr_moto_manager/lib/pkgconfig/hexmovr_moto_manager.pc'
[60.279s] Level 1:colcon.colcon_core.environment:checking '/home/hexmovr02/hexmovr_manager/install/hexmovr_moto_manager/lib/python3.10/site-packages'
[60.279s] Level 1:colcon.colcon_core.shell:create_environment_hook('hexmovr_moto_manager', 'pythonpath')
[60.279s] INFO:colcon.colcon_core.shell:Creating environment hook '/home/hexmovr02/hexmovr_manager/install/hexmovr_moto_manager/share/hexmovr_moto_manager/hook/pythonpath.ps1'
[60.279s] INFO:colcon.colcon_core.shell:Creating environment descriptor '/home/hexmovr02/hexmovr_manager/install/hexmovr_moto_manager/share/hexmovr_moto_manager/hook/pythonpath.dsv'
[60.280s] INFO:colcon.colcon_core.shell:Creating environment hook '/home/hexmovr02/hexmovr_manager/install/hexmovr_moto_manager/share/hexmovr_moto_manager/hook/pythonpath.sh'
[60.280s] Level 1:colcon.colcon_core.environment:checking '/home/hexmovr02/hexmovr_manager/install/hexmovr_moto_manager/bin'
[60.280s] Level 1:colcon.colcon_core.environment:create_environment_scripts_only(hexmovr_moto_manager)
[60.280s] INFO:colcon.colcon_core.shell:Creating package script '/home/hexmovr02/hexmovr_manager/install/hexmovr_moto_manager/share/hexmovr_moto_manager/package.ps1'
[60.281s] INFO:colcon.colcon_core.shell:Creating package descriptor '/home/hexmovr02/hexmovr_manager/install/hexmovr_moto_manager/share/hexmovr_moto_manager/package.dsv'
[60.282s] INFO:colcon.colcon_core.shell:Creating package script '/home/hexmovr02/hexmovr_manager/install/hexmovr_moto_manager/share/hexmovr_moto_manager/package.sh'
[60.282s] INFO:colcon.colcon_core.shell:Creating package script '/home/hexmovr02/hexmovr_manager/install/hexmovr_moto_manager/share/hexmovr_moto_manager/package.bash'
[60.283s] INFO:colcon.colcon_core.shell:Creating package script '/home/hexmovr02/hexmovr_manager/install/hexmovr_moto_manager/share/hexmovr_moto_manager/package.zsh'
[60.283s] Level 1:colcon.colcon_core.environment:create_file_with_runtime_dependencies(/home/hexmovr02/hexmovr_manager/install/hexmovr_moto_manager/share/colcon-core/packages/hexmovr_moto_manager)
[60.284s] DEBUG:colcon.colcon_parallel_executor.executor.parallel:closing loop
[60.284s] DEBUG:colcon.colcon_parallel_executor.executor.parallel:loop closed
[60.284s] DEBUG:colcon.colcon_parallel_executor.executor.parallel:run_until_complete finished with '0'
[60.284s] DEBUG:colcon.colcon_core.event_reactor:joining thread
[60.290s] INFO:colcon.colcon_core.plugin_system:Skipping extension 'colcon_notification.desktop_notification.terminal_notifier': Not used on non-Darwin systems
[60.290s] INFO:colcon.colcon_core.plugin_system:Skipping extension 'colcon_notification.desktop_notification.win32': Not used on non-Windows systems
[60.290s] INFO:colcon.colcon_notification.desktop_notification:Sending desktop notification using 'notify2'
[60.290s] DEBUG:colcon.colcon_notification.desktop_notification.notify2:Failed to initialize notify2: org.freedesktop.DBus.Error.AccessDenied: Failed to connect to socket /run/user/1000/bus: Operation not permitted
[60.290s] DEBUG:colcon.colcon_core.event_reactor:joined thread
[60.291s] INFO:colcon.colcon_core.shell:Creating prefix script '/home/hexmovr02/hexmovr_manager/install/local_setup.ps1'
[60.291s] INFO:colcon.colcon_core.shell:Creating prefix util module '/home/hexmovr02/hexmovr_manager/install/_local_setup_util_ps1.py'
[60.292s] INFO:colcon.colcon_core.shell:Creating prefix chain script '/home/hexmovr02/hexmovr_manager/install/setup.ps1'
[60.293s] INFO:colcon.colcon_core.shell:Creating prefix script '/home/hexmovr02/hexmovr_manager/install/local_setup.sh'
[60.293s] INFO:colcon.colcon_core.shell:Creating prefix util module '/home/hexmovr02/hexmovr_manager/install/_local_setup_util_sh.py'
[60.294s] INFO:colcon.colcon_core.shell:Creating prefix chain script '/home/hexmovr02/hexmovr_manager/install/setup.sh'
[60.294s] INFO:colcon.colcon_core.shell:Creating prefix script '/home/hexmovr02/hexmovr_manager/install/local_setup.bash'
[60.295s] INFO:colcon.colcon_core.shell:Creating prefix chain script '/home/hexmovr02/hexmovr_manager/install/setup.bash'
[60.295s] INFO:colcon.colcon_core.shell:Creating prefix script '/home/hexmovr02/hexmovr_manager/install/local_setup.zsh'
[60.296s] INFO:colcon.colcon_core.shell:Creating prefix chain script '/home/hexmovr02/hexmovr_manager/install/setup.zsh'
