[0.462s] Invoking command in '/home/hexmovr02/hexmovr_manager/build/hexmovr_bridge': PYTHONPATH=/home/hexmovr02/hexmovr_manager/build/hexmovr_bridge/prefix_override:/usr/lib/python3/dist-packages/colcon_core/task/python/colcon_distutils_commands:/home/hexmovr02/hexmovr_manager/install/hexmovr_bridge/lib/python3.10/site-packages:${PYTHONPATH} /usr/bin/python3 -W ignore:setup.py install is deprecated -W ignore:easy_install command is deprecated setup.py develop --editable --build-directory /home/hexmovr02/hexmovr_manager/build/hexmovr_bridge/build --no-deps symlink_data
[0.633s] running develop
[0.729s] running egg_info
[0.729s] creating hexmovr_bridge.egg-info
[0.730s] writing hexmovr_bridge.egg-info/PKG-INFO
[0.730s] writing dependency_links to hexmovr_bridge.egg-info/dependency_links.txt
[0.730s] writing entry points to hexmovr_bridge.egg-info/entry_points.txt
[0.730s] writing requirements to hexmovr_bridge.egg-info/requires.txt
[0.730s] writing top-level names to hexmovr_bridge.egg-info/top_level.txt
[0.730s] writing manifest file 'hexmovr_bridge.egg-info/SOURCES.txt'
[0.730s] reading manifest file 'hexmovr_bridge.egg-info/SOURCES.txt'
[0.731s] writing manifest file 'hexmovr_bridge.egg-info/SOURCES.txt'
[0.732s] running build_ext
[0.732s] Creating /home/hexmovr02/hexmovr_manager/install/hexmovr_bridge/lib/python3.10/site-packages/hexmovr-bridge.egg-link (link to .)
[0.732s] Installing hexmovr_bridge script to /home/hexmovr02/hexmovr_manager/install/hexmovr_bridge/lib/hexmovr_bridge
[0.733s] 
[0.733s] Installed /home/hexmovr02/hexmovr_manager/build/hexmovr_bridge
[0.733s] running symlink_data
[0.733s] creating /home/hexmovr02/hexmovr_manager/install/hexmovr_bridge/share/ament_index
[0.733s] creating /home/hexmovr02/hexmovr_manager/install/hexmovr_bridge/share/ament_index/resource_index
[0.733s] creating /home/hexmovr02/hexmovr_manager/install/hexmovr_bridge/share/ament_index/resource_index/packages
[0.733s] symbolically linking /home/hexmovr02/hexmovr_manager/build/hexmovr_bridge/resource/hexmovr_bridge -> /home/hexmovr02/hexmovr_manager/install/hexmovr_bridge/share/ament_index/resource_index/packages
[0.733s] symbolically linking /home/hexmovr02/hexmovr_manager/build/hexmovr_bridge/package.xml -> /home/hexmovr02/hexmovr_manager/install/hexmovr_bridge/share/hexmovr_bridge
[0.749s] Invoked command in '/home/hexmovr02/hexmovr_manager/build/hexmovr_bridge' returned '0': PYTHONPATH=/home/hexmovr02/hexmovr_manager/build/hexmovr_bridge/prefix_override:/usr/lib/python3/dist-packages/colcon_core/task/python/colcon_distutils_commands:/home/hexmovr02/hexmovr_manager/install/hexmovr_bridge/lib/python3.10/site-packages:${PYTHONPATH} /usr/bin/python3 -W ignore:setup.py install is deprecated -W ignore:easy_install command is deprecated setup.py develop --editable --build-directory /home/hexmovr02/hexmovr_manager/build/hexmovr_bridge/build --no-deps symlink_data
