[ 50%] Building CXX object CMakeFiles/hexmovr_moto_panel.dir/src/hexmovr_panel.cpp.o
[100%] Linking CXX shared library libhexmovr_moto_panel.so
[100%] Built target hexmovr_moto_panel
-- Install configuration: ""
-- Execute custom install script
-- Up-to-date symlink: /home/hexmovr02/hexmovr_manager/install/hexmovr_moto_panel/share/hexmovr_moto_panel//plugin_description.xml
-- Up-to-date symlink: /home/hexmovr02/hexmovr_manager/install/hexmovr_moto_panel/include/hexmovr_moto_panel/hexmovr_panel.hpp
-- Up-to-date symlink: /home/hexmovr02/hexmovr_manager/install/hexmovr_moto_panel/share/hexmovr_moto_panel/plugin_description.xml
-- Up-to-date symlink: /home/hexmovr02/hexmovr_manager/install/hexmovr_moto_panel/share/hexmovr_moto_panel/meshes/moto.STL
-- Up-to-date symlink: /home/hexmovr02/hexmovr_manager/install/hexmovr_moto_panel/share/hexmovr_moto_panel/environment/library_path.sh
-- Up-to-date symlink: /home/hexmovr02/hexmovr_manager/install/hexmovr_moto_panel/share/hexmovr_moto_panel/environment/library_path.dsv
-- Up-to-date symlink: /home/hexmovr02/hexmovr_manager/install/hexmovr_moto_panel/share/ament_index/resource_index/package_run_dependencies/hexmovr_moto_panel
-- Up-to-date symlink: /home/hexmovr02/hexmovr_manager/install/hexmovr_moto_panel/share/ament_index/resource_index/parent_prefix_path/hexmovr_moto_panel
-- Up-to-date symlink: /home/hexmovr02/hexmovr_manager/install/hexmovr_moto_panel/share/hexmovr_moto_panel/environment/ament_prefix_path.sh
-- Up-to-date symlink: /home/hexmovr02/hexmovr_manager/install/hexmovr_moto_panel/share/hexmovr_moto_panel/environment/ament_prefix_path.dsv
-- Up-to-date symlink: /home/hexmovr02/hexmovr_manager/install/hexmovr_moto_panel/share/hexmovr_moto_panel/environment/path.sh
-- Up-to-date symlink: /home/hexmovr02/hexmovr_manager/install/hexmovr_moto_panel/share/hexmovr_moto_panel/environment/path.dsv
-- Up-to-date symlink: /home/hexmovr02/hexmovr_manager/install/hexmovr_moto_panel/share/hexmovr_moto_panel/local_setup.bash
-- Up-to-date symlink: /home/hexmovr02/hexmovr_manager/install/hexmovr_moto_panel/share/hexmovr_moto_panel/local_setup.sh
-- Up-to-date symlink: /home/hexmovr02/hexmovr_manager/install/hexmovr_moto_panel/share/hexmovr_moto_panel/local_setup.zsh
-- Up-to-date symlink: /home/hexmovr02/hexmovr_manager/install/hexmovr_moto_panel/share/hexmovr_moto_panel/local_setup.dsv
-- Symlinking: /home/hexmovr02/hexmovr_manager/install/hexmovr_moto_panel/share/hexmovr_moto_panel/package.dsv
-- Up-to-date symlink: /home/hexmovr02/hexmovr_manager/install/hexmovr_moto_panel/share/ament_index/resource_index/packages/hexmovr_moto_panel
-- Up-to-date symlink: /home/hexmovr02/hexmovr_manager/install/hexmovr_moto_panel/share/ament_index/resource_index/rviz_common__pluginlib__plugin/hexmovr_moto_panel
-- Up-to-date symlink: /home/hexmovr02/hexmovr_manager/install/hexmovr_moto_panel/share/hexmovr_moto_panel/cmake/ament_cmake_export_include_directories-extras.cmake
-- Up-to-date symlink: /home/hexmovr02/hexmovr_manager/install/hexmovr_moto_panel/share/hexmovr_moto_panel/cmake/ament_cmake_export_libraries-extras.cmake
-- Up-to-date symlink: /home/hexmovr02/hexmovr_manager/install/hexmovr_moto_panel/share/hexmovr_moto_panel/cmake/ament_cmake_export_targets-extras.cmake
-- Up-to-date symlink: /home/hexmovr02/hexmovr_manager/install/hexmovr_moto_panel/share/hexmovr_moto_panel/cmake/hexmovr_moto_panelConfig.cmake
-- Up-to-date symlink: /home/hexmovr02/hexmovr_manager/install/hexmovr_moto_panel/share/hexmovr_moto_panel/cmake/hexmovr_moto_panelConfig-version.cmake
-- Up-to-date symlink: /home/hexmovr02/hexmovr_manager/install/hexmovr_moto_panel/share/hexmovr_moto_panel/package.xml
-- Installing: /home/hexmovr02/hexmovr_manager/install/hexmovr_moto_panel/lib/libhexmovr_moto_panel.so
-- Set runtime path of "/home/hexmovr02/hexmovr_manager/install/hexmovr_moto_panel/lib/libhexmovr_moto_panel.so" to ""
-- Up-to-date: /home/hexmovr02/hexmovr_manager/install/hexmovr_moto_panel/share/hexmovr_moto_panel/cmake/hexmovr_moto_panelExport.cmake
-- Up-to-date: /home/hexmovr02/hexmovr_manager/install/hexmovr_moto_panel/share/hexmovr_moto_panel/cmake/hexmovr_moto_panelExport-noconfig.cmake
