[0.061s] DEBUG:colcon:Command line arguments: ['/usr/bin/colcon', 'build', '--packages-select', 'hexmovr_bridge', 'hexmovr_moto_manager', 'hexmovr_moto_panel', '--symlink-install']
[0.061s] DEBUG:colcon:Parsed command line arguments: Namespace(log_base=None, log_level=None, verb_name='build', build_base='build', install_base='install', merge_install=False, symlink_install=True, test_result_base=None, continue_on_error=False, executor='parallel', parallel_workers=32, event_handlers=None, ignore_user_meta=False, metas=['./colcon.meta'], base_paths=['.'], packages_ignore=None, packages_ignore_regex=None, paths=None, packages_up_to=None, packages_up_to_regex=None, packages_above=None, packages_above_and_dependencies=None, packages_above_depth=None, packages_select_by_dep=None, packages_skip_by_dep=None, packages_skip_up_to=None, packages_select_build_failed=False, packages_skip_build_finished=False, packages_select_test_failures=False, packages_skip_test_passed=False, packages_select=['hexmovr_bridge', 'hexmovr_moto_manager', 'hexmovr_moto_panel'], packages_skip=None, packages_select_regex=None, packages_skip_regex=None, packages_start=None, packages_end=None, allow_overriding=[], cmake_args=None, cmake_target=None, cmake_target_skip_unavailable=False, cmake_clean_cache=False, cmake_clean_first=False, cmake_force_configure=False, ament_cmake_args=None, catkin_cmake_args=None, catkin_skip_building_tests=False, verb_parser=<colcon_defaults.argument_parser.defaults.DefaultArgumentsDecorator object at 0x70752fccb6a0>, verb_extension=<colcon_core.verb.build.BuildVerb object at 0x70752fe08b20>, main=<bound method BuildVerb.main of <colcon_core.verb.build.BuildVerb object at 0x70752fe08b20>>)
[0.155s] Level 1:colcon.colcon_core.package_discovery:discover_packages(colcon_meta) check parameters
[0.155s] Level 1:colcon.colcon_core.package_discovery:discover_packages(recursive) check parameters
[0.155s] Level 1:colcon.colcon_core.package_discovery:discover_packages(ignore) check parameters
[0.155s] Level 1:colcon.colcon_core.package_discovery:discover_packages(path) check parameters
[0.155s] Level 1:colcon.colcon_core.package_discovery:discover_packages(colcon_meta) discover
[0.155s] Level 1:colcon.colcon_core.package_discovery:discover_packages(recursive) discover
[0.155s] INFO:colcon.colcon_core.package_discovery:Crawling recursively for packages in '/home/hexmovr02/hexmovr_manager'
[0.155s] Level 1:colcon.colcon_core.package_identification:_identify(.) by extensions ['ignore', 'ignore_ament_install']
[0.155s] Level 1:colcon.colcon_core.package_identification:_identify(.) by extension 'ignore'
[0.155s] Level 1:colcon.colcon_core.package_identification:_identify(.) by extension 'ignore_ament_install'
[0.155s] Level 1:colcon.colcon_core.package_identification:_identify(.) by extensions ['colcon_pkg']
[0.155s] Level 1:colcon.colcon_core.package_identification:_identify(.) by extension 'colcon_pkg'
[0.155s] Level 1:colcon.colcon_core.package_identification:_identify(.) by extensions ['colcon_meta']
[0.155s] Level 1:colcon.colcon_core.package_identification:_identify(.) by extension 'colcon_meta'
[0.155s] Level 1:colcon.colcon_core.package_identification:_identify(.) by extensions ['ros']
[0.155s] Level 1:colcon.colcon_core.package_identification:_identify(.) by extension 'ros'
[0.162s] Level 1:colcon.colcon_core.package_identification:_identify(.) by extensions ['cmake', 'python']
[0.162s] Level 1:colcon.colcon_core.package_identification:_identify(.) by extension 'cmake'
[0.162s] Level 1:colcon.colcon_core.package_identification:_identify(.) by extension 'python'
[0.162s] Level 1:colcon.colcon_core.package_identification:_identify(.) by extensions ['python_setup_py']
[0.162s] Level 1:colcon.colcon_core.package_identification:_identify(.) by extension 'python_setup_py'
[0.162s] Level 1:colcon.colcon_core.package_identification:_identify(build) by extensions ['ignore', 'ignore_ament_install']
[0.162s] Level 1:colcon.colcon_core.package_identification:_identify(build) by extension 'ignore'
[0.162s] Level 1:colcon.colcon_core.package_identification:_identify(build) ignored
[0.162s] Level 1:colcon.colcon_core.package_identification:_identify(install) by extensions ['ignore', 'ignore_ament_install']
[0.163s] Level 1:colcon.colcon_core.package_identification:_identify(install) by extension 'ignore'
[0.163s] Level 1:colcon.colcon_core.package_identification:_identify(install) ignored
[0.163s] Level 1:colcon.colcon_core.package_identification:_identify(log) by extensions ['ignore', 'ignore_ament_install']
[0.163s] Level 1:colcon.colcon_core.package_identification:_identify(log) by extension 'ignore'
[0.163s] Level 1:colcon.colcon_core.package_identification:_identify(log) ignored
[0.163s] Level 1:colcon.colcon_core.package_identification:_identify(src) by extensions ['ignore', 'ignore_ament_install']
[0.163s] Level 1:colcon.colcon_core.package_identification:_identify(src) by extension 'ignore'
[0.163s] Level 1:colcon.colcon_core.package_identification:_identify(src) by extension 'ignore_ament_install'
[0.163s] Level 1:colcon.colcon_core.package_identification:_identify(src) by extensions ['colcon_pkg']
[0.163s] Level 1:colcon.colcon_core.package_identification:_identify(src) by extension 'colcon_pkg'
[0.163s] Level 1:colcon.colcon_core.package_identification:_identify(src) by extensions ['colcon_meta']
[0.163s] Level 1:colcon.colcon_core.package_identification:_identify(src) by extension 'colcon_meta'
[0.163s] Level 1:colcon.colcon_core.package_identification:_identify(src) by extensions ['ros']
[0.163s] Level 1:colcon.colcon_core.package_identification:_identify(src) by extension 'ros'
[0.163s] Level 1:colcon.colcon_core.package_identification:_identify(src) by extensions ['cmake', 'python']
[0.163s] Level 1:colcon.colcon_core.package_identification:_identify(src) by extension 'cmake'
[0.163s] Level 1:colcon.colcon_core.package_identification:_identify(src) by extension 'python'
[0.163s] Level 1:colcon.colcon_core.package_identification:_identify(src) by extensions ['python_setup_py']
[0.163s] Level 1:colcon.colcon_core.package_identification:_identify(src) by extension 'python_setup_py'
[0.163s] Level 1:colcon.colcon_core.package_identification:_identify(src/hexmovr_bridge) by extensions ['ignore', 'ignore_ament_install']
[0.163s] Level 1:colcon.colcon_core.package_identification:_identify(src/hexmovr_bridge) by extension 'ignore'
[0.163s] Level 1:colcon.colcon_core.package_identification:_identify(src/hexmovr_bridge) by extension 'ignore_ament_install'
[0.163s] Level 1:colcon.colcon_core.package_identification:_identify(src/hexmovr_bridge) by extensions ['colcon_pkg']
[0.163s] Level 1:colcon.colcon_core.package_identification:_identify(src/hexmovr_bridge) by extension 'colcon_pkg'
[0.163s] Level 1:colcon.colcon_core.package_identification:_identify(src/hexmovr_bridge) by extensions ['colcon_meta']
[0.163s] Level 1:colcon.colcon_core.package_identification:_identify(src/hexmovr_bridge) by extension 'colcon_meta'
[0.163s] Level 1:colcon.colcon_core.package_identification:_identify(src/hexmovr_bridge) by extensions ['ros']
[0.163s] Level 1:colcon.colcon_core.package_identification:_identify(src/hexmovr_bridge) by extension 'ros'
[0.164s] DEBUG:colcon.colcon_core.package_identification:Package 'src/hexmovr_bridge' with type 'ros.ament_python' and name 'hexmovr_bridge'
[0.165s] Level 1:colcon.colcon_core.package_identification:_identify(src/hexmovr_moto_manager) by extensions ['ignore', 'ignore_ament_install']
[0.165s] Level 1:colcon.colcon_core.package_identification:_identify(src/hexmovr_moto_manager) by extension 'ignore'
[0.165s] Level 1:colcon.colcon_core.package_identification:_identify(src/hexmovr_moto_manager) by extension 'ignore_ament_install'
[0.165s] Level 1:colcon.colcon_core.package_identification:_identify(src/hexmovr_moto_manager) by extensions ['colcon_pkg']
[0.165s] Level 1:colcon.colcon_core.package_identification:_identify(src/hexmovr_moto_manager) by extension 'colcon_pkg'
[0.165s] Level 1:colcon.colcon_core.package_identification:_identify(src/hexmovr_moto_manager) by extensions ['colcon_meta']
[0.165s] Level 1:colcon.colcon_core.package_identification:_identify(src/hexmovr_moto_manager) by extension 'colcon_meta'
[0.165s] Level 1:colcon.colcon_core.package_identification:_identify(src/hexmovr_moto_manager) by extensions ['ros']
[0.165s] Level 1:colcon.colcon_core.package_identification:_identify(src/hexmovr_moto_manager) by extension 'ros'
[0.166s] DEBUG:colcon.colcon_core.package_identification:Package 'src/hexmovr_moto_manager' with type 'ros.ament_python' and name 'hexmovr_moto_manager'
[0.166s] Level 1:colcon.colcon_core.package_identification:_identify(src/hexmovr_moto_panel) by extensions ['ignore', 'ignore_ament_install']
[0.166s] Level 1:colcon.colcon_core.package_identification:_identify(src/hexmovr_moto_panel) by extension 'ignore'
[0.166s] Level 1:colcon.colcon_core.package_identification:_identify(src/hexmovr_moto_panel) by extension 'ignore_ament_install'
[0.166s] Level 1:colcon.colcon_core.package_identification:_identify(src/hexmovr_moto_panel) by extensions ['colcon_pkg']
[0.166s] Level 1:colcon.colcon_core.package_identification:_identify(src/hexmovr_moto_panel) by extension 'colcon_pkg'
[0.166s] Level 1:colcon.colcon_core.package_identification:_identify(src/hexmovr_moto_panel) by extensions ['colcon_meta']
[0.166s] Level 1:colcon.colcon_core.package_identification:_identify(src/hexmovr_moto_panel) by extension 'colcon_meta'
[0.166s] Level 1:colcon.colcon_core.package_identification:_identify(src/hexmovr_moto_panel) by extensions ['ros']
[0.166s] Level 1:colcon.colcon_core.package_identification:_identify(src/hexmovr_moto_panel) by extension 'ros'
[0.166s] DEBUG:colcon.colcon_core.package_identification:Package 'src/hexmovr_moto_panel' with type 'ros.ament_cmake' and name 'hexmovr_moto_panel'
[0.166s] Level 1:colcon.colcon_core.package_identification:_identify(src/hexmovr_motor_example) by extensions ['ignore', 'ignore_ament_install']
[0.167s] Level 1:colcon.colcon_core.package_identification:_identify(src/hexmovr_motor_example) by extension 'ignore'
[0.167s] Level 1:colcon.colcon_core.package_identification:_identify(src/hexmovr_motor_example) by extension 'ignore_ament_install'
[0.167s] Level 1:colcon.colcon_core.package_identification:_identify(src/hexmovr_motor_example) by extensions ['colcon_pkg']
[0.167s] Level 1:colcon.colcon_core.package_identification:_identify(src/hexmovr_motor_example) by extension 'colcon_pkg'
[0.167s] Level 1:colcon.colcon_core.package_identification:_identify(src/hexmovr_motor_example) by extensions ['colcon_meta']
[0.167s] Level 1:colcon.colcon_core.package_identification:_identify(src/hexmovr_motor_example) by extension 'colcon_meta'
[0.167s] Level 1:colcon.colcon_core.package_identification:_identify(src/hexmovr_motor_example) by extensions ['ros']
[0.167s] Level 1:colcon.colcon_core.package_identification:_identify(src/hexmovr_motor_example) by extension 'ros'
[0.167s] DEBUG:colcon.colcon_core.package_identification:Package 'src/hexmovr_motor_example' with type 'ros.ament_python' and name 'hexmovr_motor_example'
[0.167s] Level 1:colcon.colcon_core.package_discovery:discover_packages(recursive) using defaults
[0.167s] Level 1:colcon.colcon_core.package_discovery:discover_packages(ignore) discover
[0.167s] Level 1:colcon.colcon_core.package_discovery:discover_packages(ignore) using defaults
[0.167s] Level 1:colcon.colcon_core.package_discovery:discover_packages(path) discover
[0.167s] Level 1:colcon.colcon_core.package_discovery:discover_packages(path) using defaults
[0.186s] INFO:colcon.colcon_core.package_selection:Skipping not selected package 'hexmovr_motor_example' in 'src/hexmovr_motor_example'
[0.186s] Level 1:colcon.colcon_core.package_discovery:discover_packages(prefix_path) check parameters
[0.186s] Level 1:colcon.colcon_core.package_discovery:discover_packages(prefix_path) discover
[0.186s] WARNING:colcon.colcon_ros.prefix_path.ament:The path '/home/hexmovr02/hexmovr_manager/install/my_python_pkg' in the environment variable AMENT_PREFIX_PATH doesn't exist
[0.186s] WARNING:colcon.colcon_ros.prefix_path.ament:The path '/home/hexmovr02/hexmovr_manager/install/hexmovr_motor6_example' in the environment variable AMENT_PREFIX_PATH doesn't exist
[0.187s] DEBUG:colcon.colcon_installed_package_information.package_discovery:Found 4 installed packages in /home/hexmovr02/hexmovr_manager/install
[0.187s] DEBUG:colcon.colcon_installed_package_information.package_discovery:Found 2 installed packages in /home/hexmovr02/electric-version-wheel-foot/3.ROS2包/install
[0.188s] DEBUG:colcon.colcon_installed_package_information.package_discovery:Found 5 installed packages in /home/hexmovr02/rebotarm_ros2/install
[0.188s] DEBUG:colcon.colcon_installed_package_information.package_discovery:Found 3 installed packages in /home/hexmovr02/reBotArmController_ROS2/install
[0.189s] DEBUG:colcon.colcon_installed_package_information.package_discovery:Found 0 installed packages in /home/hexmovr02/seeed/rebotarm_ros2/install
[0.189s] DEBUG:colcon.colcon_installed_package_information.package_discovery:Found 0 installed packages in /home/hexmovr02/test/install
[0.190s] DEBUG:colcon.colcon_installed_package_information.package_discovery:Found 361 installed packages in /opt/ros/humble
[0.191s] Level 1:colcon.colcon_core.package_discovery:discover_packages(prefix_path) using defaults
[0.214s] WARNING:colcon.colcon_core.package_selection:Some selected packages are already built in one or more underlay workspaces:
	'hexmovr_moto_manager' is in: /home/hexmovr02/hexmovr_manager/install/hexmovr_moto_manager
	'hexmovr_bridge' is in: /home/hexmovr02/hexmovr_manager/install/hexmovr_bridge
If a package in a merged underlay workspace is overridden and it installs headers, then all packages in the overlay must sort their include directories by workspace order. Failure to do so may result in build failures or undefined behavior at run time.
If the overridden package is used by another package in any underlay, then the overriding package in the overlay must be API and ABI compatible or undefined behavior at run time may occur.

If you understand the risks and want to override a package anyways, add the following to the command line:
	--allow-overriding hexmovr_bridge hexmovr_moto_manager

This may be promoted to an error in a future release of colcon-override-check.
[0.215s] Level 5:colcon.colcon_core.verb:set package 'hexmovr_bridge' build argument 'cmake_args' from command line to 'None'
[0.215s] Level 5:colcon.colcon_core.verb:set package 'hexmovr_bridge' build argument 'cmake_target' from command line to 'None'
[0.215s] Level 5:colcon.colcon_core.verb:set package 'hexmovr_bridge' build argument 'cmake_target_skip_unavailable' from command line to 'False'
[0.215s] Level 5:colcon.colcon_core.verb:set package 'hexmovr_bridge' build argument 'cmake_clean_cache' from command line to 'False'
[0.215s] Level 5:colcon.colcon_core.verb:set package 'hexmovr_bridge' build argument 'cmake_clean_first' from command line to 'False'
[0.215s] Level 5:colcon.colcon_core.verb:set package 'hexmovr_bridge' build argument 'cmake_force_configure' from command line to 'False'
[0.215s] Level 5:colcon.colcon_core.verb:set package 'hexmovr_bridge' build argument 'ament_cmake_args' from command line to 'None'
[0.215s] Level 5:colcon.colcon_core.verb:set package 'hexmovr_bridge' build argument 'catkin_cmake_args' from command line to 'None'
[0.215s] Level 5:colcon.colcon_core.verb:set package 'hexmovr_bridge' build argument 'catkin_skip_building_tests' from command line to 'False'
[0.215s] DEBUG:colcon.colcon_core.verb:Building package 'hexmovr_bridge' with the following arguments: {'ament_cmake_args': None, 'build_base': '/home/hexmovr02/hexmovr_manager/build/hexmovr_bridge', 'catkin_cmake_args': None, 'catkin_skip_building_tests': False, 'cmake_args': None, 'cmake_clean_cache': False, 'cmake_clean_first': False, 'cmake_force_configure': False, 'cmake_target': None, 'cmake_target_skip_unavailable': False, 'install_base': '/home/hexmovr02/hexmovr_manager/install/hexmovr_bridge', 'merge_install': False, 'path': '/home/hexmovr02/hexmovr_manager/src/hexmovr_bridge', 'symlink_install': True, 'test_result_base': None}
[0.215s] Level 5:colcon.colcon_core.verb:set package 'hexmovr_moto_panel' build argument 'cmake_args' from command line to 'None'
[0.215s] Level 5:colcon.colcon_core.verb:set package 'hexmovr_moto_panel' build argument 'cmake_target' from command line to 'None'
[0.215s] Level 5:colcon.colcon_core.verb:set package 'hexmovr_moto_panel' build argument 'cmake_target_skip_unavailable' from command line to 'False'
[0.215s] Level 5:colcon.colcon_core.verb:set package 'hexmovr_moto_panel' build argument 'cmake_clean_cache' from command line to 'False'
[0.215s] Level 5:colcon.colcon_core.verb:set package 'hexmovr_moto_panel' build argument 'cmake_clean_first' from command line to 'False'
[0.215s] Level 5:colcon.colcon_core.verb:set package 'hexmovr_moto_panel' build argument 'cmake_force_configure' from command line to 'False'
[0.215s] Level 5:colcon.colcon_core.verb:set package 'hexmovr_moto_panel' build argument 'ament_cmake_args' from command line to 'None'
[0.215s] Level 5:colcon.colcon_core.verb:set package 'hexmovr_moto_panel' build argument 'catkin_cmake_args' from command line to 'None'
[0.215s] Level 5:colcon.colcon_core.verb:set package 'hexmovr_moto_panel' build argument 'catkin_skip_building_tests' from command line to 'False'
[0.215s] DEBUG:colcon.colcon_core.verb:Building package 'hexmovr_moto_panel' with the following arguments: {'ament_cmake_args': None, 'build_base': '/home/hexmovr02/hexmovr_manager/build/hexmovr_moto_panel', 'catkin_cmake_args': None, 'catkin_skip_building_tests': False, 'cmake_args': None, 'cmake_clean_cache': False, 'cmake_clean_first': False, 'cmake_force_configure': False, 'cmake_target': None, 'cmake_target_skip_unavailable': False, 'install_base': '/home/hexmovr02/hexmovr_manager/install/hexmovr_moto_panel', 'merge_install': False, 'path': '/home/hexmovr02/hexmovr_manager/src/hexmovr_moto_panel', 'symlink_install': True, 'test_result_base': None}
[0.215s] Level 5:colcon.colcon_core.verb:set package 'hexmovr_moto_manager' build argument 'cmake_args' from command line to 'None'
[0.215s] Level 5:colcon.colcon_core.verb:set package 'hexmovr_moto_manager' build argument 'cmake_target' from command line to 'None'
[0.215s] Level 5:colcon.colcon_core.verb:set package 'hexmovr_moto_manager' build argument 'cmake_target_skip_unavailable' from command line to 'False'
[0.215s] Level 5:colcon.colcon_core.verb:set package 'hexmovr_moto_manager' build argument 'cmake_clean_cache' from command line to 'False'
[0.215s] Level 5:colcon.colcon_core.verb:set package 'hexmovr_moto_manager' build argument 'cmake_clean_first' from command line to 'False'
[0.215s] Level 5:colcon.colcon_core.verb:set package 'hexmovr_moto_manager' build argument 'cmake_force_configure' from command line to 'False'
[0.215s] Level 5:colcon.colcon_core.verb:set package 'hexmovr_moto_manager' build argument 'ament_cmake_args' from command line to 'None'
[0.215s] Level 5:colcon.colcon_core.verb:set package 'hexmovr_moto_manager' build argument 'catkin_cmake_args' from command line to 'None'
[0.215s] Level 5:colcon.colcon_core.verb:set package 'hexmovr_moto_manager' build argument 'catkin_skip_building_tests' from command line to 'False'
[0.215s] DEBUG:colcon.colcon_core.verb:Building package 'hexmovr_moto_manager' with the following arguments: {'ament_cmake_args': None, 'build_base': '/home/hexmovr02/hexmovr_manager/build/hexmovr_moto_manager', 'catkin_cmake_args': None, 'catkin_skip_building_tests': False, 'cmake_args': None, 'cmake_clean_cache': False, 'cmake_clean_first': False, 'cmake_force_configure': False, 'cmake_target': None, 'cmake_target_skip_unavailable': False, 'install_base': '/home/hexmovr02/hexmovr_manager/install/hexmovr_moto_manager', 'merge_install': False, 'path': '/home/hexmovr02/hexmovr_manager/src/hexmovr_moto_manager', 'symlink_install': True, 'test_result_base': None}
[0.215s] INFO:colcon.colcon_core.executor:Executing jobs using 'parallel' executor
[0.216s] DEBUG:colcon.colcon_parallel_executor.executor.parallel:run_until_complete
[0.216s] INFO:colcon.colcon_ros.task.ament_python.build:Building ROS package in '/home/hexmovr02/hexmovr_manager/src/hexmovr_bridge' with build type 'ament_python'
[0.217s] Level 1:colcon.colcon_core.shell:create_environment_hook('hexmovr_bridge', 'ament_prefix_path')
[0.218s] INFO:colcon.colcon_core.plugin_system:Skipping extension 'colcon_core.shell.bat': Not used on non-Windows systems
[0.218s] INFO:colcon.colcon_core.shell:Creating environment hook '/home/hexmovr02/hexmovr_manager/install/hexmovr_bridge/share/hexmovr_bridge/hook/ament_prefix_path.ps1'
[0.218s] INFO:colcon.colcon_core.shell:Creating environment descriptor '/home/hexmovr02/hexmovr_manager/install/hexmovr_bridge/share/hexmovr_bridge/hook/ament_prefix_path.dsv'
[0.218s] INFO:colcon.colcon_core.shell:Creating environment hook '/home/hexmovr02/hexmovr_manager/install/hexmovr_bridge/share/hexmovr_bridge/hook/ament_prefix_path.sh'
[0.219s] INFO:colcon.colcon_core.shell:Skip shell extension 'powershell' for command environment: Not usable outside of PowerShell
[0.219s] DEBUG:colcon.colcon_core.shell:Skip shell extension 'dsv' for command environment
[0.222s] INFO:colcon.colcon_ros.task.ament_cmake.build:Building ROS package in '/home/hexmovr02/hexmovr_manager/src/hexmovr_moto_panel' with build type 'ament_cmake'
[0.222s] INFO:colcon.colcon_cmake.task.cmake.build:Building CMake package in '/home/hexmovr02/hexmovr_manager/src/hexmovr_moto_panel'
[0.222s] INFO:colcon.colcon_core.shell:Skip shell extension 'powershell' for command environment: Not usable outside of PowerShell
[0.222s] DEBUG:colcon.colcon_core.shell:Skip shell extension 'dsv' for command environment
[0.368s] INFO:colcon.colcon_core.task.python.build:Building Python package in '/home/hexmovr02/hexmovr_manager/src/hexmovr_bridge'
[0.369s] INFO:colcon.colcon_core.shell:Skip shell extension 'powershell' for command environment: Not usable outside of PowerShell
[0.369s] DEBUG:colcon.colcon_core.shell:Skip shell extension 'dsv' for command environment
[0.375s] DEBUG:colcon.colcon_core.event_handler.log_command:Invoking command in '/home/hexmovr02/hexmovr_manager/build/hexmovr_moto_panel': CMAKE_PREFIX_PATH=${CMAKE_PREFIX_PATH}:/home/hexmovr02/hexmovr_manager/install/my_python_pkg:/home/hexmovr02/hexmovr_manager/install/hexmovr_motor6_example:/home/hexmovr02/hexmovr_manager/install/hexmovr_moto_manager:/home/hexmovr02/hexmovr_manager/install/hexmovr_bridge:/home/hexmovr02/rebotarm_ros2/install/rebotarm_moveit_demos:/home/hexmovr02/rebotarm_ros2/install/rebotarm_bringup:/home/hexmovr02/rebotarm_ros2/install/rebotarmcontroller:/home/hexmovr02/reBotArmController_ROS2/install/rebotarm_bringup:/home/hexmovr02/reBotArmController_ROS2/install/rebotarmcontroller:/opt/ros/humble /usr/bin/cmake --build /home/hexmovr02/hexmovr_manager/build/hexmovr_moto_panel -- -j32 -l32
[0.588s] DEBUG:colcon.colcon_core.event_handler.log_command:Invoking command in '/home/hexmovr02/hexmovr_manager/build/hexmovr_bridge': PYTHONPATH=/home/hexmovr02/hexmovr_manager/build/hexmovr_bridge/prefix_override:/usr/lib/python3/dist-packages/colcon_core/task/python/colcon_distutils_commands:/home/hexmovr02/hexmovr_manager/install/hexmovr_bridge/lib/python3.10/site-packages:${PYTHONPATH} /usr/bin/python3 -W ignore:setup.py install is deprecated -W ignore:easy_install command is deprecated setup.py develop --editable --build-directory /home/hexmovr02/hexmovr_manager/build/hexmovr_bridge/build --no-deps symlink_data
[0.875s] Level 1:colcon.colcon_core.shell:create_environment_hook('hexmovr_bridge', 'pythonpath_develop')
[0.875s] INFO:colcon.colcon_core.shell:Creating environment hook '/home/hexmovr02/hexmovr_manager/build/hexmovr_bridge/share/hexmovr_bridge/hook/pythonpath_develop.ps1'
[0.876s] INFO:colcon.colcon_core.shell:Creating environment descriptor '/home/hexmovr02/hexmovr_manager/build/hexmovr_bridge/share/hexmovr_bridge/hook/pythonpath_develop.dsv'
[0.876s] INFO:colcon.colcon_core.shell:Creating environment hook '/home/hexmovr02/hexmovr_manager/build/hexmovr_bridge/share/hexmovr_bridge/hook/pythonpath_develop.sh'
[0.877s] DEBUG:colcon.colcon_core.event_handler.log_command:Invoked command in '/home/hexmovr02/hexmovr_manager/build/hexmovr_bridge' returned '0': PYTHONPATH=/home/hexmovr02/hexmovr_manager/build/hexmovr_bridge/prefix_override:/usr/lib/python3/dist-packages/colcon_core/task/python/colcon_distutils_commands:/home/hexmovr02/hexmovr_manager/install/hexmovr_bridge/lib/python3.10/site-packages:${PYTHONPATH} /usr/bin/python3 -W ignore:setup.py install is deprecated -W ignore:easy_install command is deprecated setup.py develop --editable --build-directory /home/hexmovr02/hexmovr_manager/build/hexmovr_bridge/build --no-deps symlink_data
[0.879s] Level 1:colcon.colcon_core.environment:checking '/home/hexmovr02/hexmovr_manager/install/hexmovr_bridge' for CMake module files
[0.879s] Level 1:colcon.colcon_core.environment:checking '/home/hexmovr02/hexmovr_manager/install/hexmovr_bridge' for CMake config files
[0.880s] Level 1:colcon.colcon_core.environment:checking '/home/hexmovr02/hexmovr_manager/install/hexmovr_bridge/lib'
[0.880s] Level 1:colcon.colcon_core.environment:checking '/home/hexmovr02/hexmovr_manager/install/hexmovr_bridge/bin'
[0.880s] Level 1:colcon.colcon_core.environment:checking '/home/hexmovr02/hexmovr_manager/install/hexmovr_bridge/lib/pkgconfig/hexmovr_bridge.pc'
[0.880s] Level 1:colcon.colcon_core.environment:checking '/home/hexmovr02/hexmovr_manager/install/hexmovr_bridge/lib/python3.10/site-packages'
[0.880s] Level 1:colcon.colcon_core.shell:create_environment_hook('hexmovr_bridge', 'pythonpath')
[0.881s] INFO:colcon.colcon_core.shell:Creating environment hook '/home/hexmovr02/hexmovr_manager/install/hexmovr_bridge/share/hexmovr_bridge/hook/pythonpath.ps1'
[0.881s] INFO:colcon.colcon_core.shell:Creating environment descriptor '/home/hexmovr02/hexmovr_manager/install/hexmovr_bridge/share/hexmovr_bridge/hook/pythonpath.dsv'
[0.881s] INFO:colcon.colcon_core.shell:Creating environment hook '/home/hexmovr02/hexmovr_manager/install/hexmovr_bridge/share/hexmovr_bridge/hook/pythonpath.sh'
[0.882s] Level 1:colcon.colcon_core.environment:checking '/home/hexmovr02/hexmovr_manager/install/hexmovr_bridge/bin'
[0.882s] Level 1:colcon.colcon_core.environment:create_environment_scripts_only(hexmovr_bridge)
[0.882s] INFO:colcon.colcon_core.shell:Creating package script '/home/hexmovr02/hexmovr_manager/install/hexmovr_bridge/share/hexmovr_bridge/package.ps1'
[0.884s] INFO:colcon.colcon_core.shell:Creating package descriptor '/home/hexmovr02/hexmovr_manager/install/hexmovr_bridge/share/hexmovr_bridge/package.dsv'
[0.884s] INFO:colcon.colcon_core.shell:Creating package script '/home/hexmovr02/hexmovr_manager/install/hexmovr_bridge/share/hexmovr_bridge/package.sh'
[0.885s] INFO:colcon.colcon_core.shell:Creating package script '/home/hexmovr02/hexmovr_manager/install/hexmovr_bridge/share/hexmovr_bridge/package.bash'
[0.886s] INFO:colcon.colcon_core.shell:Creating package script '/home/hexmovr02/hexmovr_manager/install/hexmovr_bridge/share/hexmovr_bridge/package.zsh'
[0.886s] Level 1:colcon.colcon_core.environment:create_file_with_runtime_dependencies(/home/hexmovr02/hexmovr_manager/install/hexmovr_bridge/share/colcon-core/packages/hexmovr_bridge)
[7.933s] DEBUG:colcon.colcon_core.event_handler.log_command:Invoked command in '/home/hexmovr02/hexmovr_manager/build/hexmovr_moto_panel' returned '0': CMAKE_PREFIX_PATH=${CMAKE_PREFIX_PATH}:/home/hexmovr02/hexmovr_manager/install/my_python_pkg:/home/hexmovr02/hexmovr_manager/install/hexmovr_motor6_example:/home/hexmovr02/hexmovr_manager/install/hexmovr_moto_manager:/home/hexmovr02/hexmovr_manager/install/hexmovr_bridge:/home/hexmovr02/rebotarm_ros2/install/rebotarm_moveit_demos:/home/hexmovr02/rebotarm_ros2/install/rebotarm_bringup:/home/hexmovr02/rebotarm_ros2/install/rebotarmcontroller:/home/hexmovr02/reBotArmController_ROS2/install/rebotarm_bringup:/home/hexmovr02/reBotArmController_ROS2/install/rebotarmcontroller:/opt/ros/humble /usr/bin/cmake --build /home/hexmovr02/hexmovr_manager/build/hexmovr_moto_panel -- -j32 -l32
[7.939s] DEBUG:colcon.colcon_core.event_handler.log_command:Invoking command in '/home/hexmovr02/hexmovr_manager/build/hexmovr_moto_panel': CMAKE_PREFIX_PATH=${CMAKE_PREFIX_PATH}:/home/hexmovr02/hexmovr_manager/install/my_python_pkg:/home/hexmovr02/hexmovr_manager/install/hexmovr_motor6_example:/home/hexmovr02/hexmovr_manager/install/hexmovr_moto_manager:/home/hexmovr02/hexmovr_manager/install/hexmovr_bridge:/home/hexmovr02/rebotarm_ros2/install/rebotarm_moveit_demos:/home/hexmovr02/rebotarm_ros2/install/rebotarm_bringup:/home/hexmovr02/rebotarm_ros2/install/rebotarmcontroller:/home/hexmovr02/reBotArmController_ROS2/install/rebotarm_bringup:/home/hexmovr02/reBotArmController_ROS2/install/rebotarmcontroller:/opt/ros/humble /usr/bin/cmake --install /home/hexmovr02/hexmovr_manager/build/hexmovr_moto_panel
[7.957s] Level 1:colcon.colcon_core.environment:create_environment_scripts_only(hexmovr_moto_panel)
[7.957s] Level 1:colcon.colcon_core.environment:checking '/home/hexmovr02/hexmovr_manager/install/hexmovr_moto_panel' for CMake module files
[7.957s] DEBUG:colcon.colcon_core.event_handler.log_command:Invoked command in '/home/hexmovr02/hexmovr_manager/build/hexmovr_moto_panel' returned '0': CMAKE_PREFIX_PATH=${CMAKE_PREFIX_PATH}:/home/hexmovr02/hexmovr_manager/install/my_python_pkg:/home/hexmovr02/hexmovr_manager/install/hexmovr_motor6_example:/home/hexmovr02/hexmovr_manager/install/hexmovr_moto_manager:/home/hexmovr02/hexmovr_manager/install/hexmovr_bridge:/home/hexmovr02/rebotarm_ros2/install/rebotarm_moveit_demos:/home/hexmovr02/rebotarm_ros2/install/rebotarm_bringup:/home/hexmovr02/rebotarm_ros2/install/rebotarmcontroller:/home/hexmovr02/reBotArmController_ROS2/install/rebotarm_bringup:/home/hexmovr02/reBotArmController_ROS2/install/rebotarmcontroller:/opt/ros/humble /usr/bin/cmake --install /home/hexmovr02/hexmovr_manager/build/hexmovr_moto_panel
[7.957s] Level 1:colcon.colcon_core.environment:checking '/home/hexmovr02/hexmovr_manager/install/hexmovr_moto_panel' for CMake config files
[7.958s] Level 1:colcon.colcon_core.shell:create_environment_hook('hexmovr_moto_panel', 'cmake_prefix_path')
[7.958s] INFO:colcon.colcon_core.shell:Creating environment hook '/home/hexmovr02/hexmovr_manager/install/hexmovr_moto_panel/share/hexmovr_moto_panel/hook/cmake_prefix_path.ps1'
[7.958s] INFO:colcon.colcon_core.shell:Creating environment descriptor '/home/hexmovr02/hexmovr_manager/install/hexmovr_moto_panel/share/hexmovr_moto_panel/hook/cmake_prefix_path.dsv'
[7.958s] INFO:colcon.colcon_core.shell:Creating environment hook '/home/hexmovr02/hexmovr_manager/install/hexmovr_moto_panel/share/hexmovr_moto_panel/hook/cmake_prefix_path.sh'
[7.958s] Level 1:colcon.colcon_core.environment:checking '/home/hexmovr02/hexmovr_manager/install/hexmovr_moto_panel/lib'
[7.959s] Level 1:colcon.colcon_core.shell:create_environment_hook('hexmovr_moto_panel', 'ld_library_path_lib')
[7.959s] INFO:colcon.colcon_core.shell:Creating environment hook '/home/hexmovr02/hexmovr_manager/install/hexmovr_moto_panel/share/hexmovr_moto_panel/hook/ld_library_path_lib.ps1'
[7.959s] INFO:colcon.colcon_core.shell:Creating environment descriptor '/home/hexmovr02/hexmovr_manager/install/hexmovr_moto_panel/share/hexmovr_moto_panel/hook/ld_library_path_lib.dsv'
[7.959s] INFO:colcon.colcon_core.shell:Creating environment hook '/home/hexmovr02/hexmovr_manager/install/hexmovr_moto_panel/share/hexmovr_moto_panel/hook/ld_library_path_lib.sh'
[7.959s] Level 1:colcon.colcon_core.environment:checking '/home/hexmovr02/hexmovr_manager/install/hexmovr_moto_panel/bin'
[7.959s] Level 1:colcon.colcon_core.environment:checking '/home/hexmovr02/hexmovr_manager/install/hexmovr_moto_panel/lib/pkgconfig/hexmovr_moto_panel.pc'
[7.959s] Level 1:colcon.colcon_core.environment:checking '/home/hexmovr02/hexmovr_manager/install/hexmovr_moto_panel/lib/python3.10/site-packages'
[7.959s] Level 1:colcon.colcon_core.environment:checking '/home/hexmovr02/hexmovr_manager/install/hexmovr_moto_panel/bin'
[7.960s] INFO:colcon.colcon_core.shell:Creating package script '/home/hexmovr02/hexmovr_manager/install/hexmovr_moto_panel/share/hexmovr_moto_panel/package.ps1'
[7.960s] INFO:colcon.colcon_core.shell:Creating package descriptor '/home/hexmovr02/hexmovr_manager/install/hexmovr_moto_panel/share/hexmovr_moto_panel/package.dsv'
[7.960s] INFO:colcon.colcon_core.shell:Creating package script '/home/hexmovr02/hexmovr_manager/install/hexmovr_moto_panel/share/hexmovr_moto_panel/package.sh'
[7.960s] INFO:colcon.colcon_core.shell:Creating package script '/home/hexmovr02/hexmovr_manager/install/hexmovr_moto_panel/share/hexmovr_moto_panel/package.bash'
[7.961s] INFO:colcon.colcon_core.shell:Creating package script '/home/hexmovr02/hexmovr_manager/install/hexmovr_moto_panel/share/hexmovr_moto_panel/package.zsh'
[7.961s] Level 1:colcon.colcon_core.environment:create_file_with_runtime_dependencies(/home/hexmovr02/hexmovr_manager/install/hexmovr_moto_panel/share/colcon-core/packages/hexmovr_moto_panel)
[7.961s] Level 1:colcon.colcon_core.environment:create_environment_scripts_only(hexmovr_moto_panel)
[7.961s] Level 1:colcon.colcon_core.environment:checking '/home/hexmovr02/hexmovr_manager/install/hexmovr_moto_panel' for CMake module files
[7.961s] Level 1:colcon.colcon_core.environment:checking '/home/hexmovr02/hexmovr_manager/install/hexmovr_moto_panel' for CMake config files
[7.962s] Level 1:colcon.colcon_core.shell:create_environment_hook('hexmovr_moto_panel', 'cmake_prefix_path')
[7.962s] INFO:colcon.colcon_core.shell:Creating environment hook '/home/hexmovr02/hexmovr_manager/install/hexmovr_moto_panel/share/hexmovr_moto_panel/hook/cmake_prefix_path.ps1'
[7.962s] INFO:colcon.colcon_core.shell:Creating environment descriptor '/home/hexmovr02/hexmovr_manager/install/hexmovr_moto_panel/share/hexmovr_moto_panel/hook/cmake_prefix_path.dsv'
[7.962s] INFO:colcon.colcon_core.shell:Creating environment hook '/home/hexmovr02/hexmovr_manager/install/hexmovr_moto_panel/share/hexmovr_moto_panel/hook/cmake_prefix_path.sh'
[7.962s] Level 1:colcon.colcon_core.environment:checking '/home/hexmovr02/hexmovr_manager/install/hexmovr_moto_panel/lib'
[7.962s] Level 1:colcon.colcon_core.shell:create_environment_hook('hexmovr_moto_panel', 'ld_library_path_lib')
[7.962s] INFO:colcon.colcon_core.shell:Creating environment hook '/home/hexmovr02/hexmovr_manager/install/hexmovr_moto_panel/share/hexmovr_moto_panel/hook/ld_library_path_lib.ps1'
[7.963s] INFO:colcon.colcon_core.shell:Creating environment descriptor '/home/hexmovr02/hexmovr_manager/install/hexmovr_moto_panel/share/hexmovr_moto_panel/hook/ld_library_path_lib.dsv'
[7.963s] INFO:colcon.colcon_core.shell:Creating environment hook '/home/hexmovr02/hexmovr_manager/install/hexmovr_moto_panel/share/hexmovr_moto_panel/hook/ld_library_path_lib.sh'
[7.963s] Level 1:colcon.colcon_core.environment:checking '/home/hexmovr02/hexmovr_manager/install/hexmovr_moto_panel/bin'
[7.963s] Level 1:colcon.colcon_core.environment:checking '/home/hexmovr02/hexmovr_manager/install/hexmovr_moto_panel/lib/pkgconfig/hexmovr_moto_panel.pc'
[7.963s] Level 1:colcon.colcon_core.environment:checking '/home/hexmovr02/hexmovr_manager/install/hexmovr_moto_panel/lib/python3.10/site-packages'
[7.964s] Level 1:colcon.colcon_core.environment:checking '/home/hexmovr02/hexmovr_manager/install/hexmovr_moto_panel/bin'
[7.964s] INFO:colcon.colcon_core.shell:Creating package script '/home/hexmovr02/hexmovr_manager/install/hexmovr_moto_panel/share/hexmovr_moto_panel/package.ps1'
[7.964s] INFO:colcon.colcon_core.shell:Creating package descriptor '/home/hexmovr02/hexmovr_manager/install/hexmovr_moto_panel/share/hexmovr_moto_panel/package.dsv'
[7.965s] INFO:colcon.colcon_core.shell:Creating package script '/home/hexmovr02/hexmovr_manager/install/hexmovr_moto_panel/share/hexmovr_moto_panel/package.sh'
[7.965s] INFO:colcon.colcon_core.shell:Creating package script '/home/hexmovr02/hexmovr_manager/install/hexmovr_moto_panel/share/hexmovr_moto_panel/package.bash'
[7.965s] INFO:colcon.colcon_core.shell:Creating package script '/home/hexmovr02/hexmovr_manager/install/hexmovr_moto_panel/share/hexmovr_moto_panel/package.zsh'
[7.965s] Level 1:colcon.colcon_core.environment:create_file_with_runtime_dependencies(/home/hexmovr02/hexmovr_manager/install/hexmovr_moto_panel/share/colcon-core/packages/hexmovr_moto_panel)
[7.966s] INFO:colcon.colcon_ros.task.ament_python.build:Building ROS package in '/home/hexmovr02/hexmovr_manager/src/hexmovr_moto_manager' with build type 'ament_python'
[7.966s] Level 1:colcon.colcon_core.shell:create_environment_hook('hexmovr_moto_manager', 'ament_prefix_path')
[7.966s] INFO:colcon.colcon_core.shell:Creating environment hook '/home/hexmovr02/hexmovr_manager/install/hexmovr_moto_manager/share/hexmovr_moto_manager/hook/ament_prefix_path.ps1'
[7.966s] INFO:colcon.colcon_core.shell:Creating environment descriptor '/home/hexmovr02/hexmovr_manager/install/hexmovr_moto_manager/share/hexmovr_moto_manager/hook/ament_prefix_path.dsv'
[7.967s] INFO:colcon.colcon_core.shell:Creating environment hook '/home/hexmovr02/hexmovr_manager/install/hexmovr_moto_manager/share/hexmovr_moto_manager/hook/ament_prefix_path.sh'
[7.967s] INFO:colcon.colcon_core.shell:Skip shell extension 'powershell' for command environment: Not usable outside of PowerShell
[7.967s] DEBUG:colcon.colcon_core.shell:Skip shell extension 'dsv' for command environment
[8.127s] INFO:colcon.colcon_core.task.python.build:Building Python package in '/home/hexmovr02/hexmovr_manager/src/hexmovr_moto_manager'
[8.127s] INFO:colcon.colcon_core.shell:Skip shell extension 'powershell' for command environment: Not usable outside of PowerShell
[8.127s] DEBUG:colcon.colcon_core.shell:Skip shell extension 'dsv' for command environment
[8.349s] DEBUG:colcon.colcon_core.event_handler.log_command:Invoking command in '/home/hexmovr02/hexmovr_manager/build/hexmovr_moto_manager': AMENT_PREFIX_PATH=/home/hexmovr02/hexmovr_manager/install/hexmovr_bridge:/home/hexmovr02/hexmovr_manager/install/my_python_pkg:/home/hexmovr02/hexmovr_manager/install/hexmovr_motor6_example:/home/hexmovr02/hexmovr_manager/install/hexmovr_moto_panel:/home/hexmovr02/hexmovr_manager/install/hexmovr_moto_manager:/home/hexmovr02/electric-version-wheel-foot/3.ROS2包/install/wheeled_legged_pkg:/home/hexmovr02/electric-version-wheel-foot/3.ROS2包/install/wheel_legged_urdf_pkg:/home/hexmovr02/rebotarm_ros2/install/rebotarm_moveit_demos:/home/hexmovr02/rebotarm_ros2/install/rebotarm_moveit_config:/home/hexmovr02/rebotarm_ros2/install/rebotarm_bringup:/home/hexmovr02/rebotarm_ros2/install/rebotarmcontroller:/home/hexmovr02/rebotarm_ros2/install/rebotarm_msgs:/home/hexmovr02/reBotArmController_ROS2/install/rebotarm_bringup:/home/hexmovr02/reBotArmController_ROS2/install/rebotarmcontroller:/home/hexmovr02/reBotArmController_ROS2/install/rebotarm_msgs:/opt/ros/humble PYTHONPATH=/home/hexmovr02/hexmovr_manager/build/hexmovr_moto_manager/prefix_override:/usr/lib/python3/dist-packages/colcon_core/task/python/colcon_distutils_commands:/home/hexmovr02/hexmovr_manager/install/hexmovr_moto_manager/lib/python3.10/site-packages:/home/hexmovr02/hexmovr_manager/build/hexmovr_bridge:/home/hexmovr02/hexmovr_manager/install/hexmovr_bridge/lib/python3.10/site-packages:/home/hexmovr02/hexmovr_manager/install/my_python_pkg/lib/python3.10/site-packages:/home/hexmovr02/hexmovr_manager/install/hexmovr_motor6_example/lib/python3.10/site-packages:/home/hexmovr02/hexmovr_manager/install/hexmovr_moto_manager/lib/python3.10/site-packages:/home/hexmovr02/rebotarm_ros2/install/rebotarm_moveit_demos/lib/python3.10/site-packages:/home/hexmovr02/rebotarm_ros2/install/rebotarm_bringup/lib/python3.10/site-packages:/home/hexmovr02/rebotarm_ros2/install/rebotarmcontroller/lib/python3.10/site-packages:/home/hexmovr02/rebotarm_ros2/install/rebotarm_msgs/local/lib/python3.10/dist-packages:/home/hexmovr02/reBotArmController_ROS2/build/rebotarm_bringup:/home/hexmovr02/reBotArmController_ROS2/install/rebotarm_bringup/lib/python3.10/site-packages:/home/hexmovr02/reBotArmController_ROS2/build/rebotarmcontroller:/home/hexmovr02/reBotArmController_ROS2/install/rebotarmcontroller/lib/python3.10/site-packages:/home/hexmovr02/reBotArmController_ROS2/install/rebotarm_msgs/local/lib/python3.10/dist-packages:/opt/ros/humble/lib/python3.10/site-packages:/opt/ros/humble/local/lib/python3.10/dist-packages /usr/bin/python3 -W ignore:setup.py install is deprecated -W ignore:easy_install command is deprecated setup.py develop --editable --build-directory /home/hexmovr02/hexmovr_manager/build/hexmovr_moto_manager/build --no-deps symlink_data
[8.630s] Level 1:colcon.colcon_core.shell:create_environment_hook('hexmovr_moto_manager', 'pythonpath_develop')
[8.630s] INFO:colcon.colcon_core.shell:Creating environment hook '/home/hexmovr02/hexmovr_manager/build/hexmovr_moto_manager/share/hexmovr_moto_manager/hook/pythonpath_develop.ps1'
[8.631s] DEBUG:colcon.colcon_core.event_handler.log_command:Invoked command in '/home/hexmovr02/hexmovr_manager/build/hexmovr_moto_manager' returned '0': AMENT_PREFIX_PATH=/home/hexmovr02/hexmovr_manager/install/hexmovr_bridge:/home/hexmovr02/hexmovr_manager/install/my_python_pkg:/home/hexmovr02/hexmovr_manager/install/hexmovr_motor6_example:/home/hexmovr02/hexmovr_manager/install/hexmovr_moto_panel:/home/hexmovr02/hexmovr_manager/install/hexmovr_moto_manager:/home/hexmovr02/electric-version-wheel-foot/3.ROS2包/install/wheeled_legged_pkg:/home/hexmovr02/electric-version-wheel-foot/3.ROS2包/install/wheel_legged_urdf_pkg:/home/hexmovr02/rebotarm_ros2/install/rebotarm_moveit_demos:/home/hexmovr02/rebotarm_ros2/install/rebotarm_moveit_config:/home/hexmovr02/rebotarm_ros2/install/rebotarm_bringup:/home/hexmovr02/rebotarm_ros2/install/rebotarmcontroller:/home/hexmovr02/rebotarm_ros2/install/rebotarm_msgs:/home/hexmovr02/reBotArmController_ROS2/install/rebotarm_bringup:/home/hexmovr02/reBotArmController_ROS2/install/rebotarmcontroller:/home/hexmovr02/reBotArmController_ROS2/install/rebotarm_msgs:/opt/ros/humble PYTHONPATH=/home/hexmovr02/hexmovr_manager/build/hexmovr_moto_manager/prefix_override:/usr/lib/python3/dist-packages/colcon_core/task/python/colcon_distutils_commands:/home/hexmovr02/hexmovr_manager/install/hexmovr_moto_manager/lib/python3.10/site-packages:/home/hexmovr02/hexmovr_manager/build/hexmovr_bridge:/home/hexmovr02/hexmovr_manager/install/hexmovr_bridge/lib/python3.10/site-packages:/home/hexmovr02/hexmovr_manager/install/my_python_pkg/lib/python3.10/site-packages:/home/hexmovr02/hexmovr_manager/install/hexmovr_motor6_example/lib/python3.10/site-packages:/home/hexmovr02/hexmovr_manager/install/hexmovr_moto_manager/lib/python3.10/site-packages:/home/hexmovr02/rebotarm_ros2/install/rebotarm_moveit_demos/lib/python3.10/site-packages:/home/hexmovr02/rebotarm_ros2/install/rebotarm_bringup/lib/python3.10/site-packages:/home/hexmovr02/rebotarm_ros2/install/rebotarmcontroller/lib/python3.10/site-packages:/home/hexmovr02/rebotarm_ros2/install/rebotarm_msgs/local/lib/python3.10/dist-packages:/home/hexmovr02/reBotArmController_ROS2/build/rebotarm_bringup:/home/hexmovr02/reBotArmController_ROS2/install/rebotarm_bringup/lib/python3.10/site-packages:/home/hexmovr02/reBotArmController_ROS2/build/rebotarmcontroller:/home/hexmovr02/reBotArmController_ROS2/install/rebotarmcontroller/lib/python3.10/site-packages:/home/hexmovr02/reBotArmController_ROS2/install/rebotarm_msgs/local/lib/python3.10/dist-packages:/opt/ros/humble/lib/python3.10/site-packages:/opt/ros/humble/local/lib/python3.10/dist-packages /usr/bin/python3 -W ignore:setup.py install is deprecated -W ignore:easy_install command is deprecated setup.py develop --editable --build-directory /home/hexmovr02/hexmovr_manager/build/hexmovr_moto_manager/build --no-deps symlink_data
[8.631s] INFO:colcon.colcon_core.shell:Creating environment descriptor '/home/hexmovr02/hexmovr_manager/build/hexmovr_moto_manager/share/hexmovr_moto_manager/hook/pythonpath_develop.dsv'
[8.631s] INFO:colcon.colcon_core.shell:Creating environment hook '/home/hexmovr02/hexmovr_manager/build/hexmovr_moto_manager/share/hexmovr_moto_manager/hook/pythonpath_develop.sh'
[8.631s] Level 1:colcon.colcon_core.environment:checking '/home/hexmovr02/hexmovr_manager/install/hexmovr_moto_manager' for CMake module files
[8.632s] Level 1:colcon.colcon_core.environment:checking '/home/hexmovr02/hexmovr_manager/install/hexmovr_moto_manager' for CMake config files
[8.632s] Level 1:colcon.colcon_core.environment:checking '/home/hexmovr02/hexmovr_manager/install/hexmovr_moto_manager/lib'
[8.632s] Level 1:colcon.colcon_core.environment:checking '/home/hexmovr02/hexmovr_manager/install/hexmovr_moto_manager/bin'
[8.632s] Level 1:colcon.colcon_core.environment:checking '/home/hexmovr02/hexmovr_manager/install/hexmovr_moto_manager/lib/pkgconfig/hexmovr_moto_manager.pc'
[8.632s] Level 1:colcon.colcon_core.environment:checking '/home/hexmovr02/hexmovr_manager/install/hexmovr_moto_manager/lib/python3.10/site-packages'
[8.632s] Level 1:colcon.colcon_core.shell:create_environment_hook('hexmovr_moto_manager', 'pythonpath')
[8.632s] INFO:colcon.colcon_core.shell:Creating environment hook '/home/hexmovr02/hexmovr_manager/install/hexmovr_moto_manager/share/hexmovr_moto_manager/hook/pythonpath.ps1'
[8.632s] INFO:colcon.colcon_core.shell:Creating environment descriptor '/home/hexmovr02/hexmovr_manager/install/hexmovr_moto_manager/share/hexmovr_moto_manager/hook/pythonpath.dsv'
[8.633s] INFO:colcon.colcon_core.shell:Creating environment hook '/home/hexmovr02/hexmovr_manager/install/hexmovr_moto_manager/share/hexmovr_moto_manager/hook/pythonpath.sh'
[8.633s] Level 1:colcon.colcon_core.environment:checking '/home/hexmovr02/hexmovr_manager/install/hexmovr_moto_manager/bin'
[8.633s] Level 1:colcon.colcon_core.environment:create_environment_scripts_only(hexmovr_moto_manager)
[8.633s] INFO:colcon.colcon_core.shell:Creating package script '/home/hexmovr02/hexmovr_manager/install/hexmovr_moto_manager/share/hexmovr_moto_manager/package.ps1'
[8.633s] INFO:colcon.colcon_core.shell:Creating package descriptor '/home/hexmovr02/hexmovr_manager/install/hexmovr_moto_manager/share/hexmovr_moto_manager/package.dsv'
[8.634s] INFO:colcon.colcon_core.shell:Creating package script '/home/hexmovr02/hexmovr_manager/install/hexmovr_moto_manager/share/hexmovr_moto_manager/package.sh'
[8.634s] INFO:colcon.colcon_core.shell:Creating package script '/home/hexmovr02/hexmovr_manager/install/hexmovr_moto_manager/share/hexmovr_moto_manager/package.bash'
[8.634s] INFO:colcon.colcon_core.shell:Creating package script '/home/hexmovr02/hexmovr_manager/install/hexmovr_moto_manager/share/hexmovr_moto_manager/package.zsh'
[8.634s] Level 1:colcon.colcon_core.environment:create_file_with_runtime_dependencies(/home/hexmovr02/hexmovr_manager/install/hexmovr_moto_manager/share/colcon-core/packages/hexmovr_moto_manager)
[8.634s] DEBUG:colcon.colcon_parallel_executor.executor.parallel:closing loop
[8.634s] DEBUG:colcon.colcon_parallel_executor.executor.parallel:loop closed
[8.634s] DEBUG:colcon.colcon_parallel_executor.executor.parallel:run_until_complete finished with '0'
[8.634s] DEBUG:colcon.colcon_core.event_reactor:joining thread
[8.637s] INFO:colcon.colcon_core.plugin_system:Skipping extension 'colcon_notification.desktop_notification.terminal_notifier': Not used on non-Darwin systems
[8.637s] INFO:colcon.colcon_core.plugin_system:Skipping extension 'colcon_notification.desktop_notification.win32': Not used on non-Windows systems
[8.638s] INFO:colcon.colcon_notification.desktop_notification:Sending desktop notification using 'notify2'
[8.649s] DEBUG:colcon.colcon_core.event_reactor:joined thread
[8.650s] INFO:colcon.colcon_core.shell:Creating prefix script '/home/hexmovr02/hexmovr_manager/install/local_setup.ps1'
[8.651s] INFO:colcon.colcon_core.shell:Creating prefix util module '/home/hexmovr02/hexmovr_manager/install/_local_setup_util_ps1.py'
[8.651s] INFO:colcon.colcon_core.shell:Creating prefix chain script '/home/hexmovr02/hexmovr_manager/install/setup.ps1'
[8.652s] INFO:colcon.colcon_core.shell:Creating prefix script '/home/hexmovr02/hexmovr_manager/install/local_setup.sh'
[8.652s] INFO:colcon.colcon_core.shell:Creating prefix util module '/home/hexmovr02/hexmovr_manager/install/_local_setup_util_sh.py'
[8.653s] INFO:colcon.colcon_core.shell:Creating prefix chain script '/home/hexmovr02/hexmovr_manager/install/setup.sh'
[8.654s] INFO:colcon.colcon_core.shell:Creating prefix script '/home/hexmovr02/hexmovr_manager/install/local_setup.bash'
[8.654s] INFO:colcon.colcon_core.shell:Creating prefix chain script '/home/hexmovr02/hexmovr_manager/install/setup.bash'
[8.655s] INFO:colcon.colcon_core.shell:Creating prefix script '/home/hexmovr02/hexmovr_manager/install/local_setup.zsh'
[8.655s] INFO:colcon.colcon_core.shell:Creating prefix chain script '/home/hexmovr02/hexmovr_manager/install/setup.zsh'
