[0.367s] Invoking command in '/home/hexmovr02/hexmovr_manager/build/hexmovr_moto_manager': AMENT_PREFIX_PATH=/home/hexmovr02/hexmovr_manager/install/hexmovr_moto_panel:/home/hexmovr02/hexmovr_manager/install/hexmovr_bridge:${AMENT_PREFIX_PATH} CMAKE_PREFIX_PATH=/home/hexmovr02/hexmovr_manager/install/hexmovr_moto_panel PYTHONPATH=/home/hexmovr02/hexmovr_manager/build/hexmovr_moto_manager/prefix_override:/usr/lib/python3/dist-packages/colcon_core/task/python/colcon_distutils_commands:/home/hexmovr02/hexmovr_manager/install/hexmovr_moto_manager/lib/python3.10/site-packages:/home/hexmovr02/hexmovr_manager/install/hexmovr_bridge/lib/python3.10/site-packages:/home/hexmovr02/hexmovr_manager/install/my_python_pkg/lib/python3.10/site-packages:/home/hexmovr02/hexmovr_manager/install/hexmovr_motor6_example/lib/python3.10/site-packages:/home/hexmovr02/hexmovr_manager/install/hexmovr_moto_manager/lib/python3.10/site-packages:/home/hexmovr02/rebotarm_ros2/install/rebotarm_moveit_demos/lib/python3.10/site-packages:/home/hexmovr02/rebotarm_ros2/install/rebotarm_bringup/lib/python3.10/site-packages:/home/hexmovr02/rebotarm_ros2/install/rebotarmcontroller/lib/python3.10/site-packages:/home/hexmovr02/rebotarm_ros2/install/rebotarm_msgs/local/lib/python3.10/dist-packages:/home/hexmovr02/reBotArmController_ROS2/build/rebotarm_bringup:/home/hexmovr02/reBotArmController_ROS2/install/rebotarm_bringup/lib/python3.10/site-packages:/home/hexmovr02/reBotArmController_ROS2/build/rebotarmcontroller:/home/hexmovr02/reBotArmController_ROS2/install/rebotarmcontroller/lib/python3.10/site-packages:/home/hexmovr02/reBotArmController_ROS2/install/rebotarm_msgs/local/lib/python3.10/dist-packages:/opt/ros/humble/lib/python3.10/site-packages:/opt/ros/humble/local/lib/python3.10/dist-packages /usr/bin/python3 -W ignore:setup.py install is deprecated -W ignore:easy_install command is deprecated setup.py develop --editable --build-directory /home/hexmovr02/hexmovr_manager/build/hexmovr_moto_manager/build --no-deps symlink_data --force
[0.519s] running develop
[0.603s] running egg_info
[0.603s] writing hexmovr_moto_manager.egg-info/PKG-INFO
[0.603s] writing dependency_links to hexmovr_moto_manager.egg-info/dependency_links.txt
[0.603s] writing requirements to hexmovr_moto_manager.egg-info/requires.txt
[0.603s] writing top-level names to hexmovr_moto_manager.egg-info/top_level.txt
[0.604s] reading manifest file 'hexmovr_moto_manager.egg-info/SOURCES.txt'
[0.605s] writing manifest file 'hexmovr_moto_manager.egg-info/SOURCES.txt'
[0.606s] running build_ext
[0.606s] Creating /home/hexmovr02/hexmovr_manager/install/hexmovr_moto_manager/lib/python3.10/site-packages/hexmovr-moto-manager.egg-link (link to .)
[0.607s] Installing moto_scaner script to /home/hexmovr02/hexmovr_manager/install/hexmovr_moto_manager/lib/hexmovr_moto_manager
[0.607s] 
[0.607s] Installed /home/hexmovr02/hexmovr_manager/build/hexmovr_moto_manager
[0.607s] running symlink_data
[0.607s] symbolically linking /home/hexmovr02/hexmovr_manager/build/hexmovr_moto_manager/resource/hexmovr_moto_manager -> /home/hexmovr02/hexmovr_manager/install/hexmovr_moto_manager/share/ament_index/resource_index/packages
[0.607s] symbolically linking /home/hexmovr02/hexmovr_manager/build/hexmovr_moto_manager/package.xml -> /home/hexmovr02/hexmovr_manager/install/hexmovr_moto_manager/share/hexmovr_moto_manager
[0.607s] symbolically linking /home/hexmovr02/hexmovr_manager/build/hexmovr_moto_manager/launch/hexmovr_manager_headless.launch.py -> /home/hexmovr02/hexmovr_manager/install/hexmovr_moto_manager/share/hexmovr_moto_manager/launch
[0.607s] symbolically linking /home/hexmovr02/hexmovr_manager/build/hexmovr_moto_manager/launch/hexmovr_manager.launch.py -> /home/hexmovr02/hexmovr_manager/install/hexmovr_moto_manager/share/hexmovr_moto_manager/launch
[0.607s] symbolically linking /home/hexmovr02/hexmovr_manager/build/hexmovr_moto_manager/rviz/hexmovr_manager.rviz -> /home/hexmovr02/hexmovr_manager/install/hexmovr_moto_manager/share/hexmovr_moto_manager/rviz
[0.622s] Invoked command in '/home/hexmovr02/hexmovr_manager/build/hexmovr_moto_manager' returned '0': AMENT_PREFIX_PATH=/home/hexmovr02/hexmovr_manager/install/hexmovr_moto_panel:/home/hexmovr02/hexmovr_manager/install/hexmovr_bridge:${AMENT_PREFIX_PATH} CMAKE_PREFIX_PATH=/home/hexmovr02/hexmovr_manager/install/hexmovr_moto_panel PYTHONPATH=/home/hexmovr02/hexmovr_manager/build/hexmovr_moto_manager/prefix_override:/usr/lib/python3/dist-packages/colcon_core/task/python/colcon_distutils_commands:/home/hexmovr02/hexmovr_manager/install/hexmovr_moto_manager/lib/python3.10/site-packages:/home/hexmovr02/hexmovr_manager/install/hexmovr_bridge/lib/python3.10/site-packages:/home/hexmovr02/hexmovr_manager/install/my_python_pkg/lib/python3.10/site-packages:/home/hexmovr02/hexmovr_manager/install/hexmovr_motor6_example/lib/python3.10/site-packages:/home/hexmovr02/hexmovr_manager/install/hexmovr_moto_manager/lib/python3.10/site-packages:/home/hexmovr02/rebotarm_ros2/install/rebotarm_moveit_demos/lib/python3.10/site-packages:/home/hexmovr02/rebotarm_ros2/install/rebotarm_bringup/lib/python3.10/site-packages:/home/hexmovr02/rebotarm_ros2/install/rebotarmcontroller/lib/python3.10/site-packages:/home/hexmovr02/rebotarm_ros2/install/rebotarm_msgs/local/lib/python3.10/dist-packages:/home/hexmovr02/reBotArmController_ROS2/build/rebotarm_bringup:/home/hexmovr02/reBotArmController_ROS2/install/rebotarm_bringup/lib/python3.10/site-packages:/home/hexmovr02/reBotArmController_ROS2/build/rebotarmcontroller:/home/hexmovr02/reBotArmController_ROS2/install/rebotarmcontroller/lib/python3.10/site-packages:/home/hexmovr02/reBotArmController_ROS2/install/rebotarm_msgs/local/lib/python3.10/dist-packages:/opt/ros/humble/lib/python3.10/site-packages:/opt/ros/humble/local/lib/python3.10/dist-packages /usr/bin/python3 -W ignore:setup.py install is deprecated -W ignore:easy_install command is deprecated setup.py develop --editable --build-directory /home/hexmovr02/hexmovr_manager/build/hexmovr_moto_manager/build --no-deps symlink_data --force
