[0.454s] Invoking command in '/home/hexmovr02/hexmovr_manager/my_python_pkg': PYTHONPATH=/home/hexmovr02/hexmovr_manager/build/my_python_pkg/prefix_override:/usr/lib/python3/dist-packages/colcon_core/task/python/colcon_distutils_commands:/home/hexmovr02/hexmovr_manager/install/my_python_pkg/lib/python3.10/site-packages:${PYTHONPATH} /usr/bin/python3 -W ignore:setup.py install is deprecated -W ignore:easy_install command is deprecated setup.py egg_info --egg-base ../build/my_python_pkg build --build-base /home/hexmovr02/hexmovr_manager/build/my_python_pkg/build install --record /home/hexmovr02/hexmovr_manager/build/my_python_pkg/install.log --single-version-externally-managed install_data
[0.602s] running egg_info
[0.602s] creating ../build/my_python_pkg/my_python_pkg.egg-info
[0.602s] writing ../build/my_python_pkg/my_python_pkg.egg-info/PKG-INFO
[0.602s] writing dependency_links to ../build/my_python_pkg/my_python_pkg.egg-info/dependency_links.txt
[0.602s] writing entry points to ../build/my_python_pkg/my_python_pkg.egg-info/entry_points.txt
[0.602s] writing requirements to ../build/my_python_pkg/my_python_pkg.egg-info/requires.txt
[0.602s] writing top-level names to ../build/my_python_pkg/my_python_pkg.egg-info/top_level.txt
[0.602s] writing manifest file '../build/my_python_pkg/my_python_pkg.egg-info/SOURCES.txt'
[0.604s] reading manifest file '../build/my_python_pkg/my_python_pkg.egg-info/SOURCES.txt'
[0.604s] writing manifest file '../build/my_python_pkg/my_python_pkg.egg-info/SOURCES.txt'
[0.604s] running build
[0.604s] running build_py
[0.604s] creating /home/hexmovr02/hexmovr_manager/build/my_python_pkg/build
[0.604s] creating /home/hexmovr02/hexmovr_manager/build/my_python_pkg/build/lib
[0.604s] creating /home/hexmovr02/hexmovr_manager/build/my_python_pkg/build/lib/my_python_pkg
[0.604s] copying my_python_pkg/my_node.py -> /home/hexmovr02/hexmovr_manager/build/my_python_pkg/build/lib/my_python_pkg
[0.604s] copying my_python_pkg/__init__.py -> /home/hexmovr02/hexmovr_manager/build/my_python_pkg/build/lib/my_python_pkg
[0.604s] running install
[0.605s] running install_lib
[0.605s] creating /home/hexmovr02/hexmovr_manager/install/my_python_pkg/lib/python3.10/site-packages/my_python_pkg
[0.605s] copying /home/hexmovr02/hexmovr_manager/build/my_python_pkg/build/lib/my_python_pkg/my_node.py -> /home/hexmovr02/hexmovr_manager/install/my_python_pkg/lib/python3.10/site-packages/my_python_pkg
[0.605s] copying /home/hexmovr02/hexmovr_manager/build/my_python_pkg/build/lib/my_python_pkg/__init__.py -> /home/hexmovr02/hexmovr_manager/install/my_python_pkg/lib/python3.10/site-packages/my_python_pkg
[0.605s] byte-compiling /home/hexmovr02/hexmovr_manager/install/my_python_pkg/lib/python3.10/site-packages/my_python_pkg/my_node.py to my_node.cpython-310.pyc
[0.605s] byte-compiling /home/hexmovr02/hexmovr_manager/install/my_python_pkg/lib/python3.10/site-packages/my_python_pkg/__init__.py to __init__.cpython-310.pyc
[0.606s] running install_data
[0.606s] creating /home/hexmovr02/hexmovr_manager/install/my_python_pkg/share/ament_index
[0.606s] creating /home/hexmovr02/hexmovr_manager/install/my_python_pkg/share/ament_index/resource_index
[0.606s] creating /home/hexmovr02/hexmovr_manager/install/my_python_pkg/share/ament_index/resource_index/packages
[0.606s] copying resource/my_python_pkg -> /home/hexmovr02/hexmovr_manager/install/my_python_pkg/share/ament_index/resource_index/packages
[0.606s] copying package.xml -> /home/hexmovr02/hexmovr_manager/install/my_python_pkg/share/my_python_pkg
[0.606s] running install_egg_info
[0.607s] Copying ../build/my_python_pkg/my_python_pkg.egg-info to /home/hexmovr02/hexmovr_manager/install/my_python_pkg/lib/python3.10/site-packages/my_python_pkg-0.0.0-py3.10.egg-info
[0.607s] running install_scripts
[0.620s] Installing my_node script to /home/hexmovr02/hexmovr_manager/install/my_python_pkg/lib/my_python_pkg
[0.621s] writing list of installed files to '/home/hexmovr02/hexmovr_manager/build/my_python_pkg/install.log'
[0.635s] Invoked command in '/home/hexmovr02/hexmovr_manager/my_python_pkg' returned '0': PYTHONPATH=/home/hexmovr02/hexmovr_manager/build/my_python_pkg/prefix_override:/usr/lib/python3/dist-packages/colcon_core/task/python/colcon_distutils_commands:/home/hexmovr02/hexmovr_manager/install/my_python_pkg/lib/python3.10/site-packages:${PYTHONPATH} /usr/bin/python3 -W ignore:setup.py install is deprecated -W ignore:easy_install command is deprecated setup.py egg_info --egg-base ../build/my_python_pkg build --build-base /home/hexmovr02/hexmovr_manager/build/my_python_pkg/build install --record /home/hexmovr02/hexmovr_manager/build/my_python_pkg/install.log --single-version-externally-managed install_data
