[0.061s] DEBUG:colcon:Command line arguments: ['/usr/bin/colcon', 'build']
[0.061s] DEBUG:colcon:Parsed command line arguments: Namespace(log_base=None, log_level=None, verb_name='build', build_base='build', install_base='install', merge_install=False, symlink_install=False, test_result_base=None, continue_on_error=False, executor='parallel', parallel_workers=32, event_handlers=None, ignore_user_meta=False, metas=['./colcon.meta'], base_paths=['.'], packages_ignore=None, packages_ignore_regex=None, paths=None, packages_up_to=None, packages_up_to_regex=None, packages_above=None, packages_above_and_dependencies=None, packages_above_depth=None, packages_select_by_dep=None, packages_skip_by_dep=None, packages_skip_up_to=None, packages_select_build_failed=False, packages_skip_build_finished=False, packages_select_test_failures=False, packages_skip_test_passed=False, packages_select=None, packages_skip=None, packages_select_regex=None, packages_skip_regex=None, packages_start=None, packages_end=None, allow_overriding=[], cmake_args=None, cmake_target=None, cmake_target_skip_unavailable=False, cmake_clean_cache=False, cmake_clean_first=False, cmake_force_configure=False, ament_cmake_args=None, catkin_cmake_args=None, catkin_skip_building_tests=False, verb_parser=<colcon_defaults.argument_parser.defaults.DefaultArgumentsDecorator object at 0x73b735b5ba30>, verb_extension=<colcon_core.verb.build.BuildVerb object at 0x73b735c9ceb0>, main=<bound method BuildVerb.main of <colcon_core.verb.build.BuildVerb object at 0x73b735c9ceb0>>)
[0.181s] Level 1:colcon.colcon_core.package_discovery:discover_packages(colcon_meta) check parameters
[0.181s] Level 1:colcon.colcon_core.package_discovery:discover_packages(recursive) check parameters
[0.181s] Level 1:colcon.colcon_core.package_discovery:discover_packages(ignore) check parameters
[0.181s] Level 1:colcon.colcon_core.package_discovery:discover_packages(path) check parameters
[0.181s] Level 1:colcon.colcon_core.package_discovery:discover_packages(colcon_meta) discover
[0.181s] Level 1:colcon.colcon_core.package_discovery:discover_packages(recursive) discover
[0.181s] INFO:colcon.colcon_core.package_discovery:Crawling recursively for packages in '/home/hexmovr02/hexmovr_manager'
[0.182s] Level 1:colcon.colcon_core.package_identification:_identify(.) by extensions ['ignore', 'ignore_ament_install']
[0.182s] Level 1:colcon.colcon_core.package_identification:_identify(.) by extension 'ignore'
[0.182s] Level 1:colcon.colcon_core.package_identification:_identify(.) by extension 'ignore_ament_install'
[0.182s] Level 1:colcon.colcon_core.package_identification:_identify(.) by extensions ['colcon_pkg']
[0.182s] Level 1:colcon.colcon_core.package_identification:_identify(.) by extension 'colcon_pkg'
[0.182s] Level 1:colcon.colcon_core.package_identification:_identify(.) by extensions ['colcon_meta']
[0.182s] Level 1:colcon.colcon_core.package_identification:_identify(.) by extension 'colcon_meta'
[0.182s] Level 1:colcon.colcon_core.package_identification:_identify(.) by extensions ['ros']
[0.182s] Level 1:colcon.colcon_core.package_identification:_identify(.) by extension 'ros'
[0.189s] Level 1:colcon.colcon_core.package_identification:_identify(.) by extensions ['cmake', 'python']
[0.189s] Level 1:colcon.colcon_core.package_identification:_identify(.) by extension 'cmake'
[0.189s] Level 1:colcon.colcon_core.package_identification:_identify(.) by extension 'python'
[0.189s] Level 1:colcon.colcon_core.package_identification:_identify(.) by extensions ['python_setup_py']
[0.189s] Level 1:colcon.colcon_core.package_identification:_identify(.) by extension 'python_setup_py'
[0.189s] Level 1:colcon.colcon_core.package_identification:_identify(build) by extensions ['ignore', 'ignore_ament_install']
[0.189s] Level 1:colcon.colcon_core.package_identification:_identify(build) by extension 'ignore'
[0.189s] Level 1:colcon.colcon_core.package_identification:_identify(build) ignored
[0.189s] Level 1:colcon.colcon_core.package_identification:_identify(install) by extensions ['ignore', 'ignore_ament_install']
[0.189s] Level 1:colcon.colcon_core.package_identification:_identify(install) by extension 'ignore'
[0.189s] Level 1:colcon.colcon_core.package_identification:_identify(install) ignored
[0.189s] Level 1:colcon.colcon_core.package_identification:_identify(log) by extensions ['ignore', 'ignore_ament_install']
[0.189s] Level 1:colcon.colcon_core.package_identification:_identify(log) by extension 'ignore'
[0.189s] Level 1:colcon.colcon_core.package_identification:_identify(log) ignored
[0.189s] Level 1:colcon.colcon_core.package_identification:_identify(src) by extensions ['ignore', 'ignore_ament_install']
[0.189s] Level 1:colcon.colcon_core.package_identification:_identify(src) by extension 'ignore'
[0.189s] Level 1:colcon.colcon_core.package_identification:_identify(src) by extension 'ignore_ament_install'
[0.189s] Level 1:colcon.colcon_core.package_identification:_identify(src) by extensions ['colcon_pkg']
[0.189s] Level 1:colcon.colcon_core.package_identification:_identify(src) by extension 'colcon_pkg'
[0.189s] Level 1:colcon.colcon_core.package_identification:_identify(src) by extensions ['colcon_meta']
[0.189s] Level 1:colcon.colcon_core.package_identification:_identify(src) by extension 'colcon_meta'
[0.189s] Level 1:colcon.colcon_core.package_identification:_identify(src) by extensions ['ros']
[0.189s] Level 1:colcon.colcon_core.package_identification:_identify(src) by extension 'ros'
[0.189s] Level 1:colcon.colcon_core.package_identification:_identify(src) by extensions ['cmake', 'python']
[0.189s] Level 1:colcon.colcon_core.package_identification:_identify(src) by extension 'cmake'
[0.190s] Level 1:colcon.colcon_core.package_identification:_identify(src) by extension 'python'
[0.190s] Level 1:colcon.colcon_core.package_identification:_identify(src) by extensions ['python_setup_py']
[0.190s] Level 1:colcon.colcon_core.package_identification:_identify(src) by extension 'python_setup_py'
[0.190s] Level 1:colcon.colcon_core.package_identification:_identify(src/hexmovr_bridge) by extensions ['ignore', 'ignore_ament_install']
[0.190s] Level 1:colcon.colcon_core.package_identification:_identify(src/hexmovr_bridge) by extension 'ignore'
[0.190s] Level 1:colcon.colcon_core.package_identification:_identify(src/hexmovr_bridge) by extension 'ignore_ament_install'
[0.190s] Level 1:colcon.colcon_core.package_identification:_identify(src/hexmovr_bridge) by extensions ['colcon_pkg']
[0.190s] Level 1:colcon.colcon_core.package_identification:_identify(src/hexmovr_bridge) by extension 'colcon_pkg'
[0.190s] Level 1:colcon.colcon_core.package_identification:_identify(src/hexmovr_bridge) by extensions ['colcon_meta']
[0.190s] Level 1:colcon.colcon_core.package_identification:_identify(src/hexmovr_bridge) by extension 'colcon_meta'
[0.190s] Level 1:colcon.colcon_core.package_identification:_identify(src/hexmovr_bridge) by extensions ['ros']
[0.190s] Level 1:colcon.colcon_core.package_identification:_identify(src/hexmovr_bridge) by extension 'ros'
[0.191s] DEBUG:colcon.colcon_core.package_identification:Package 'src/hexmovr_bridge' with type 'ros.ament_python' and name 'hexmovr_bridge'
[0.191s] Level 1:colcon.colcon_core.package_identification:_identify(src/hexmovr_moto_manager) by extensions ['ignore', 'ignore_ament_install']
[0.191s] Level 1:colcon.colcon_core.package_identification:_identify(src/hexmovr_moto_manager) by extension 'ignore'
[0.191s] Level 1:colcon.colcon_core.package_identification:_identify(src/hexmovr_moto_manager) by extension 'ignore_ament_install'
[0.191s] Level 1:colcon.colcon_core.package_identification:_identify(src/hexmovr_moto_manager) by extensions ['colcon_pkg']
[0.191s] Level 1:colcon.colcon_core.package_identification:_identify(src/hexmovr_moto_manager) by extension 'colcon_pkg'
[0.191s] Level 1:colcon.colcon_core.package_identification:_identify(src/hexmovr_moto_manager) by extensions ['colcon_meta']
[0.191s] Level 1:colcon.colcon_core.package_identification:_identify(src/hexmovr_moto_manager) by extension 'colcon_meta'
[0.191s] Level 1:colcon.colcon_core.package_identification:_identify(src/hexmovr_moto_manager) by extensions ['ros']
[0.191s] Level 1:colcon.colcon_core.package_identification:_identify(src/hexmovr_moto_manager) by extension 'ros'
[0.192s] DEBUG:colcon.colcon_core.package_identification:Package 'src/hexmovr_moto_manager' with type 'ros.ament_python' and name 'hexmovr_moto_manager'
[0.192s] Level 1:colcon.colcon_core.package_identification:_identify(src/hexmovr_moto_panel) by extensions ['ignore', 'ignore_ament_install']
[0.192s] Level 1:colcon.colcon_core.package_identification:_identify(src/hexmovr_moto_panel) by extension 'ignore'
[0.192s] Level 1:colcon.colcon_core.package_identification:_identify(src/hexmovr_moto_panel) by extension 'ignore_ament_install'
[0.192s] Level 1:colcon.colcon_core.package_identification:_identify(src/hexmovr_moto_panel) by extensions ['colcon_pkg']
[0.192s] Level 1:colcon.colcon_core.package_identification:_identify(src/hexmovr_moto_panel) by extension 'colcon_pkg'
[0.192s] Level 1:colcon.colcon_core.package_identification:_identify(src/hexmovr_moto_panel) by extensions ['colcon_meta']
[0.192s] Level 1:colcon.colcon_core.package_identification:_identify(src/hexmovr_moto_panel) by extension 'colcon_meta'
[0.192s] Level 1:colcon.colcon_core.package_identification:_identify(src/hexmovr_moto_panel) by extensions ['ros']
[0.192s] Level 1:colcon.colcon_core.package_identification:_identify(src/hexmovr_moto_panel) by extension 'ros'
[0.193s] DEBUG:colcon.colcon_core.package_identification:Package 'src/hexmovr_moto_panel' with type 'ros.ament_cmake' and name 'hexmovr_moto_panel'
[0.193s] Level 1:colcon.colcon_core.package_identification:_identify(src/hexmovr_motor_example) by extensions ['ignore', 'ignore_ament_install']
[0.193s] Level 1:colcon.colcon_core.package_identification:_identify(src/hexmovr_motor_example) by extension 'ignore'
[0.193s] Level 1:colcon.colcon_core.package_identification:_identify(src/hexmovr_motor_example) by extension 'ignore_ament_install'
[0.193s] Level 1:colcon.colcon_core.package_identification:_identify(src/hexmovr_motor_example) by extensions ['colcon_pkg']
[0.193s] Level 1:colcon.colcon_core.package_identification:_identify(src/hexmovr_motor_example) by extension 'colcon_pkg'
[0.193s] Level 1:colcon.colcon_core.package_identification:_identify(src/hexmovr_motor_example) by extensions ['colcon_meta']
[0.193s] Level 1:colcon.colcon_core.package_identification:_identify(src/hexmovr_motor_example) by extension 'colcon_meta'
[0.193s] Level 1:colcon.colcon_core.package_identification:_identify(src/hexmovr_motor_example) by extensions ['ros']
[0.193s] Level 1:colcon.colcon_core.package_identification:_identify(src/hexmovr_motor_example) by extension 'ros'
[0.194s] DEBUG:colcon.colcon_core.package_identification:Package 'src/hexmovr_motor_example' with type 'ros.ament_python' and name 'hexmovr_motor_example'
[0.194s] Level 1:colcon.colcon_core.package_discovery:discover_packages(recursive) using defaults
[0.194s] Level 1:colcon.colcon_core.package_discovery:discover_packages(ignore) discover
[0.194s] Level 1:colcon.colcon_core.package_discovery:discover_packages(ignore) using defaults
[0.194s] Level 1:colcon.colcon_core.package_discovery:discover_packages(path) discover
[0.194s] Level 1:colcon.colcon_core.package_discovery:discover_packages(path) using defaults
[0.212s] Level 1:colcon.colcon_core.package_discovery:discover_packages(prefix_path) check parameters
[0.212s] Level 1:colcon.colcon_core.package_discovery:discover_packages(prefix_path) discover
[0.212s] WARNING:colcon.colcon_ros.prefix_path.ament:The path '/home/hexmovr02/hexmovr_manager/install/my_python_pkg' in the environment variable AMENT_PREFIX_PATH doesn't exist
[0.212s] WARNING:colcon.colcon_ros.prefix_path.ament:The path '/home/hexmovr02/hexmovr_manager/install/hexmovr_motor6_example' in the environment variable AMENT_PREFIX_PATH doesn't exist
[0.213s] DEBUG:colcon.colcon_installed_package_information.package_discovery:Found 4 installed packages in /home/hexmovr02/hexmovr_manager/install
[0.213s] DEBUG:colcon.colcon_installed_package_information.package_discovery:Found 2 installed packages in /home/hexmovr02/electric-version-wheel-foot/3.ROS2包/install
[0.214s] DEBUG:colcon.colcon_installed_package_information.package_discovery:Found 5 installed packages in /home/hexmovr02/rebotarm_ros2/install
[0.214s] DEBUG:colcon.colcon_installed_package_information.package_discovery:Found 3 installed packages in /home/hexmovr02/reBotArmController_ROS2/install
[0.214s] DEBUG:colcon.colcon_installed_package_information.package_discovery:Found 0 installed packages in /home/hexmovr02/seeed/rebotarm_ros2/install
[0.214s] DEBUG:colcon.colcon_installed_package_information.package_discovery:Found 0 installed packages in /home/hexmovr02/test/install
[0.215s] DEBUG:colcon.colcon_installed_package_information.package_discovery:Found 361 installed packages in /opt/ros/humble
[0.216s] Level 1:colcon.colcon_core.package_discovery:discover_packages(prefix_path) using defaults
[0.242s] Level 5:colcon.colcon_core.verb:set package 'hexmovr_bridge' build argument 'cmake_args' from command line to 'None'
[0.242s] Level 5:colcon.colcon_core.verb:set package 'hexmovr_bridge' build argument 'cmake_target' from command line to 'None'
[0.242s] Level 5:colcon.colcon_core.verb:set package 'hexmovr_bridge' build argument 'cmake_target_skip_unavailable' from command line to 'False'
[0.242s] Level 5:colcon.colcon_core.verb:set package 'hexmovr_bridge' build argument 'cmake_clean_cache' from command line to 'False'
[0.242s] Level 5:colcon.colcon_core.verb:set package 'hexmovr_bridge' build argument 'cmake_clean_first' from command line to 'False'
[0.242s] Level 5:colcon.colcon_core.verb:set package 'hexmovr_bridge' build argument 'cmake_force_configure' from command line to 'False'
[0.242s] Level 5:colcon.colcon_core.verb:set package 'hexmovr_bridge' build argument 'ament_cmake_args' from command line to 'None'
[0.242s] Level 5:colcon.colcon_core.verb:set package 'hexmovr_bridge' build argument 'catkin_cmake_args' from command line to 'None'
[0.242s] Level 5:colcon.colcon_core.verb:set package 'hexmovr_bridge' build argument 'catkin_skip_building_tests' from command line to 'False'
[0.242s] DEBUG:colcon.colcon_core.verb:Building package 'hexmovr_bridge' with the following arguments: {'ament_cmake_args': None, 'build_base': '/home/hexmovr02/hexmovr_manager/build/hexmovr_bridge', 'catkin_cmake_args': None, 'catkin_skip_building_tests': False, 'cmake_args': None, 'cmake_clean_cache': False, 'cmake_clean_first': False, 'cmake_force_configure': False, 'cmake_target': None, 'cmake_target_skip_unavailable': False, 'install_base': '/home/hexmovr02/hexmovr_manager/install/hexmovr_bridge', 'merge_install': False, 'path': '/home/hexmovr02/hexmovr_manager/src/hexmovr_bridge', 'symlink_install': False, 'test_result_base': None}
[0.242s] Level 5:colcon.colcon_core.verb:set package 'hexmovr_moto_panel' build argument 'cmake_args' from command line to 'None'
[0.242s] Level 5:colcon.colcon_core.verb:set package 'hexmovr_moto_panel' build argument 'cmake_target' from command line to 'None'
[0.242s] Level 5:colcon.colcon_core.verb:set package 'hexmovr_moto_panel' build argument 'cmake_target_skip_unavailable' from command line to 'False'
[0.243s] Level 5:colcon.colcon_core.verb:set package 'hexmovr_moto_panel' build argument 'cmake_clean_cache' from command line to 'False'
[0.243s] Level 5:colcon.colcon_core.verb:set package 'hexmovr_moto_panel' build argument 'cmake_clean_first' from command line to 'False'
[0.243s] Level 5:colcon.colcon_core.verb:set package 'hexmovr_moto_panel' build argument 'cmake_force_configure' from command line to 'False'
[0.243s] Level 5:colcon.colcon_core.verb:set package 'hexmovr_moto_panel' build argument 'ament_cmake_args' from command line to 'None'
[0.243s] Level 5:colcon.colcon_core.verb:set package 'hexmovr_moto_panel' build argument 'catkin_cmake_args' from command line to 'None'
[0.243s] Level 5:colcon.colcon_core.verb:set package 'hexmovr_moto_panel' build argument 'catkin_skip_building_tests' from command line to 'False'
[0.243s] DEBUG:colcon.colcon_core.verb:Building package 'hexmovr_moto_panel' with the following arguments: {'ament_cmake_args': None, 'build_base': '/home/hexmovr02/hexmovr_manager/build/hexmovr_moto_panel', 'catkin_cmake_args': None, 'catkin_skip_building_tests': False, 'cmake_args': None, 'cmake_clean_cache': False, 'cmake_clean_first': False, 'cmake_force_configure': False, 'cmake_target': None, 'cmake_target_skip_unavailable': False, 'install_base': '/home/hexmovr02/hexmovr_manager/install/hexmovr_moto_panel', 'merge_install': False, 'path': '/home/hexmovr02/hexmovr_manager/src/hexmovr_moto_panel', 'symlink_install': False, 'test_result_base': None}
[0.243s] Level 5:colcon.colcon_core.verb:set package 'hexmovr_moto_manager' build argument 'cmake_args' from command line to 'None'
[0.243s] Level 5:colcon.colcon_core.verb:set package 'hexmovr_moto_manager' build argument 'cmake_target' from command line to 'None'
[0.243s] Level 5:colcon.colcon_core.verb:set package 'hexmovr_moto_manager' build argument 'cmake_target_skip_unavailable' from command line to 'False'
[0.243s] Level 5:colcon.colcon_core.verb:set package 'hexmovr_moto_manager' build argument 'cmake_clean_cache' from command line to 'False'
[0.243s] Level 5:colcon.colcon_core.verb:set package 'hexmovr_moto_manager' build argument 'cmake_clean_first' from command line to 'False'
[0.243s] Level 5:colcon.colcon_core.verb:set package 'hexmovr_moto_manager' build argument 'cmake_force_configure' from command line to 'False'
[0.243s] Level 5:colcon.colcon_core.verb:set package 'hexmovr_moto_manager' build argument 'ament_cmake_args' from command line to 'None'
[0.243s] Level 5:colcon.colcon_core.verb:set package 'hexmovr_moto_manager' build argument 'catkin_cmake_args' from command line to 'None'
[0.243s] Level 5:colcon.colcon_core.verb:set package 'hexmovr_moto_manager' build argument 'catkin_skip_building_tests' from command line to 'False'
[0.243s] DEBUG:colcon.colcon_core.verb:Building package 'hexmovr_moto_manager' with the following arguments: {'ament_cmake_args': None, 'build_base': '/home/hexmovr02/hexmovr_manager/build/hexmovr_moto_manager', 'catkin_cmake_args': None, 'catkin_skip_building_tests': False, 'cmake_args': None, 'cmake_clean_cache': False, 'cmake_clean_first': False, 'cmake_force_configure': False, 'cmake_target': None, 'cmake_target_skip_unavailable': False, 'install_base': '/home/hexmovr02/hexmovr_manager/install/hexmovr_moto_manager', 'merge_install': False, 'path': '/home/hexmovr02/hexmovr_manager/src/hexmovr_moto_manager', 'symlink_install': False, 'test_result_base': None}
[0.243s] Level 5:colcon.colcon_core.verb:set package 'hexmovr_motor_example' build argument 'cmake_args' from command line to 'None'
[0.243s] Level 5:colcon.colcon_core.verb:set package 'hexmovr_motor_example' build argument 'cmake_target' from command line to 'None'
[0.243s] Level 5:colcon.colcon_core.verb:set package 'hexmovr_motor_example' build argument 'cmake_target_skip_unavailable' from command line to 'False'
[0.243s] Level 5:colcon.colcon_core.verb:set package 'hexmovr_motor_example' build argument 'cmake_clean_cache' from command line to 'False'
[0.243s] Level 5:colcon.colcon_core.verb:set package 'hexmovr_motor_example' build argument 'cmake_clean_first' from command line to 'False'
[0.243s] Level 5:colcon.colcon_core.verb:set package 'hexmovr_motor_example' build argument 'cmake_force_configure' from command line to 'False'
[0.243s] Level 5:colcon.colcon_core.verb:set package 'hexmovr_motor_example' build argument 'ament_cmake_args' from command line to 'None'
[0.243s] Level 5:colcon.colcon_core.verb:set package 'hexmovr_motor_example' build argument 'catkin_cmake_args' from command line to 'None'
[0.243s] Level 5:colcon.colcon_core.verb:set package 'hexmovr_motor_example' build argument 'catkin_skip_building_tests' from command line to 'False'
[0.243s] DEBUG:colcon.colcon_core.verb:Building package 'hexmovr_motor_example' with the following arguments: {'ament_cmake_args': None, 'build_base': '/home/hexmovr02/hexmovr_manager/build/hexmovr_motor_example', 'catkin_cmake_args': None, 'catkin_skip_building_tests': False, 'cmake_args': None, 'cmake_clean_cache': False, 'cmake_clean_first': False, 'cmake_force_configure': False, 'cmake_target': None, 'cmake_target_skip_unavailable': False, 'install_base': '/home/hexmovr02/hexmovr_manager/install/hexmovr_motor_example', 'merge_install': False, 'path': '/home/hexmovr02/hexmovr_manager/src/hexmovr_motor_example', 'symlink_install': False, 'test_result_base': None}
[0.243s] INFO:colcon.colcon_core.executor:Executing jobs using 'parallel' executor
[0.245s] DEBUG:colcon.colcon_parallel_executor.executor.parallel:run_until_complete
[0.245s] INFO:colcon.colcon_ros.task.ament_python.build:Building ROS package in '/home/hexmovr02/hexmovr_manager/src/hexmovr_bridge' with build type 'ament_python'
[0.245s] Level 1:colcon.colcon_core.shell:create_environment_hook('hexmovr_bridge', 'ament_prefix_path')
[0.248s] INFO:colcon.colcon_core.plugin_system:Skipping extension 'colcon_core.shell.bat': Not used on non-Windows systems
[0.248s] INFO:colcon.colcon_core.shell:Creating environment hook '/home/hexmovr02/hexmovr_manager/install/hexmovr_bridge/share/hexmovr_bridge/hook/ament_prefix_path.ps1'
[0.249s] INFO:colcon.colcon_core.shell:Creating environment descriptor '/home/hexmovr02/hexmovr_manager/install/hexmovr_bridge/share/hexmovr_bridge/hook/ament_prefix_path.dsv'
[0.250s] INFO:colcon.colcon_core.shell:Creating environment hook '/home/hexmovr02/hexmovr_manager/install/hexmovr_bridge/share/hexmovr_bridge/hook/ament_prefix_path.sh'
[0.251s] INFO:colcon.colcon_core.shell:Skip shell extension 'powershell' for command environment: Not usable outside of PowerShell
[0.251s] DEBUG:colcon.colcon_core.shell:Skip shell extension 'dsv' for command environment
[0.258s] INFO:colcon.colcon_ros.task.ament_cmake.build:Building ROS package in '/home/hexmovr02/hexmovr_manager/src/hexmovr_moto_panel' with build type 'ament_cmake'
[0.258s] INFO:colcon.colcon_cmake.task.cmake.build:Building CMake package in '/home/hexmovr02/hexmovr_manager/src/hexmovr_moto_panel'
[0.259s] INFO:colcon.colcon_core.shell:Skip shell extension 'powershell' for command environment: Not usable outside of PowerShell
[0.259s] DEBUG:colcon.colcon_core.shell:Skip shell extension 'dsv' for command environment
[0.438s] INFO:colcon.colcon_core.task.python.build:Building Python package in '/home/hexmovr02/hexmovr_manager/src/hexmovr_bridge'
[0.438s] INFO:colcon.colcon_core.shell:Skip shell extension 'powershell' for command environment: Not usable outside of PowerShell
[0.438s] DEBUG:colcon.colcon_core.shell:Skip shell extension 'dsv' for command environment
[0.443s] DEBUG:colcon.colcon_core.event_handler.log_command:Invoking command in '/home/hexmovr02/hexmovr_manager/build/hexmovr_moto_panel': CMAKE_PREFIX_PATH=${CMAKE_PREFIX_PATH}:/home/hexmovr02/hexmovr_manager/install/hexmovr_motor_example:/home/hexmovr02/hexmovr_manager/install/my_python_pkg:/home/hexmovr02/hexmovr_manager/install/hexmovr_motor6_example:/home/hexmovr02/hexmovr_manager/install/hexmovr_moto_manager:/home/hexmovr02/hexmovr_manager/install/hexmovr_bridge:/home/hexmovr02/rebotarm_ros2/install/rebotarm_moveit_demos:/home/hexmovr02/rebotarm_ros2/install/rebotarm_bringup:/home/hexmovr02/rebotarm_ros2/install/rebotarmcontroller:/home/hexmovr02/reBotArmController_ROS2/install/rebotarm_bringup:/home/hexmovr02/reBotArmController_ROS2/install/rebotarmcontroller:/opt/ros/humble /usr/bin/cmake /home/hexmovr02/hexmovr_manager/src/hexmovr_moto_panel -DCMAKE_INSTALL_PREFIX=/home/hexmovr02/hexmovr_manager/install/hexmovr_moto_panel
[0.693s] DEBUG:colcon.colcon_core.event_handler.log_command:Invoking command in '/home/hexmovr02/hexmovr_manager/src/hexmovr_bridge': PYTHONPATH=/home/hexmovr02/hexmovr_manager/build/hexmovr_bridge/prefix_override:/usr/lib/python3/dist-packages/colcon_core/task/python/colcon_distutils_commands:/home/hexmovr02/hexmovr_manager/install/hexmovr_bridge/lib/python3.10/site-packages:${PYTHONPATH} /usr/bin/python3 -W ignore:setup.py install is deprecated -W ignore:easy_install command is deprecated setup.py egg_info --egg-base ../../build/hexmovr_bridge build --build-base /home/hexmovr02/hexmovr_manager/build/hexmovr_bridge/build install --record /home/hexmovr02/hexmovr_manager/build/hexmovr_bridge/install.log --single-version-externally-managed install_data
[0.912s] DEBUG:colcon.colcon_core.event_handler.log_command:Invoked command in '/home/hexmovr02/hexmovr_manager/src/hexmovr_bridge' returned '0': PYTHONPATH=/home/hexmovr02/hexmovr_manager/build/hexmovr_bridge/prefix_override:/usr/lib/python3/dist-packages/colcon_core/task/python/colcon_distutils_commands:/home/hexmovr02/hexmovr_manager/install/hexmovr_bridge/lib/python3.10/site-packages:${PYTHONPATH} /usr/bin/python3 -W ignore:setup.py install is deprecated -W ignore:easy_install command is deprecated setup.py egg_info --egg-base ../../build/hexmovr_bridge build --build-base /home/hexmovr02/hexmovr_manager/build/hexmovr_bridge/build install --record /home/hexmovr02/hexmovr_manager/build/hexmovr_bridge/install.log --single-version-externally-managed install_data
[0.914s] Level 1:colcon.colcon_core.environment:checking '/home/hexmovr02/hexmovr_manager/install/hexmovr_bridge' for CMake module files
[0.914s] Level 1:colcon.colcon_core.environment:checking '/home/hexmovr02/hexmovr_manager/install/hexmovr_bridge' for CMake config files
[0.915s] Level 1:colcon.colcon_core.environment:checking '/home/hexmovr02/hexmovr_manager/install/hexmovr_bridge/lib'
[0.915s] Level 1:colcon.colcon_core.environment:checking '/home/hexmovr02/hexmovr_manager/install/hexmovr_bridge/bin'
[0.916s] Level 1:colcon.colcon_core.environment:checking '/home/hexmovr02/hexmovr_manager/install/hexmovr_bridge/lib/pkgconfig/hexmovr_bridge.pc'
[0.916s] Level 1:colcon.colcon_core.environment:checking '/home/hexmovr02/hexmovr_manager/install/hexmovr_bridge/lib/python3.10/site-packages'
[0.916s] Level 1:colcon.colcon_core.shell:create_environment_hook('hexmovr_bridge', 'pythonpath')
[0.916s] INFO:colcon.colcon_core.shell:Creating environment hook '/home/hexmovr02/hexmovr_manager/install/hexmovr_bridge/share/hexmovr_bridge/hook/pythonpath.ps1'
[0.917s] INFO:colcon.colcon_core.shell:Creating environment descriptor '/home/hexmovr02/hexmovr_manager/install/hexmovr_bridge/share/hexmovr_bridge/hook/pythonpath.dsv'
[0.917s] INFO:colcon.colcon_core.shell:Creating environment hook '/home/hexmovr02/hexmovr_manager/install/hexmovr_bridge/share/hexmovr_bridge/hook/pythonpath.sh'
[0.918s] Level 1:colcon.colcon_core.environment:checking '/home/hexmovr02/hexmovr_manager/install/hexmovr_bridge/bin'
[0.918s] Level 1:colcon.colcon_core.environment:create_environment_scripts_only(hexmovr_bridge)
[0.918s] INFO:colcon.colcon_core.shell:Creating package script '/home/hexmovr02/hexmovr_manager/install/hexmovr_bridge/share/hexmovr_bridge/package.ps1'
[0.919s] INFO:colcon.colcon_core.shell:Creating package descriptor '/home/hexmovr02/hexmovr_manager/install/hexmovr_bridge/share/hexmovr_bridge/package.dsv'
[0.920s] INFO:colcon.colcon_core.shell:Creating package script '/home/hexmovr02/hexmovr_manager/install/hexmovr_bridge/share/hexmovr_bridge/package.sh'
[0.920s] INFO:colcon.colcon_core.shell:Creating package script '/home/hexmovr02/hexmovr_manager/install/hexmovr_bridge/share/hexmovr_bridge/package.bash'
[0.921s] INFO:colcon.colcon_core.shell:Creating package script '/home/hexmovr02/hexmovr_manager/install/hexmovr_bridge/share/hexmovr_bridge/package.zsh'
[0.921s] Level 1:colcon.colcon_core.environment:create_file_with_runtime_dependencies(/home/hexmovr02/hexmovr_manager/install/hexmovr_bridge/share/colcon-core/packages/hexmovr_bridge)
[0.922s] INFO:colcon.colcon_ros.task.ament_python.build:Building ROS package in '/home/hexmovr02/hexmovr_manager/src/hexmovr_moto_manager' with build type 'ament_python'
[0.922s] Level 1:colcon.colcon_core.shell:create_environment_hook('hexmovr_moto_manager', 'ament_prefix_path')
[0.922s] INFO:colcon.colcon_core.shell:Creating environment hook '/home/hexmovr02/hexmovr_manager/install/hexmovr_moto_manager/share/hexmovr_moto_manager/hook/ament_prefix_path.ps1'
[0.923s] INFO:colcon.colcon_core.shell:Creating environment descriptor '/home/hexmovr02/hexmovr_manager/install/hexmovr_moto_manager/share/hexmovr_moto_manager/hook/ament_prefix_path.dsv'
[0.923s] INFO:colcon.colcon_core.shell:Creating environment hook '/home/hexmovr02/hexmovr_manager/install/hexmovr_moto_manager/share/hexmovr_moto_manager/hook/ament_prefix_path.sh'
[0.924s] INFO:colcon.colcon_core.shell:Skip shell extension 'powershell' for command environment: Not usable outside of PowerShell
[0.924s] DEBUG:colcon.colcon_core.shell:Skip shell extension 'dsv' for command environment
[1.133s] INFO:colcon.colcon_core.task.python.build:Building Python package in '/home/hexmovr02/hexmovr_manager/src/hexmovr_moto_manager'
[1.133s] INFO:colcon.colcon_core.shell:Skip shell extension 'powershell' for command environment: Not usable outside of PowerShell
[1.133s] DEBUG:colcon.colcon_core.shell:Skip shell extension 'dsv' for command environment
[1.139s] DEBUG:colcon.colcon_core.event_handler.log_command:Invoked command in '/home/hexmovr02/hexmovr_manager/build/hexmovr_moto_panel' returned '0': CMAKE_PREFIX_PATH=${CMAKE_PREFIX_PATH}:/home/hexmovr02/hexmovr_manager/install/hexmovr_motor_example:/home/hexmovr02/hexmovr_manager/install/my_python_pkg:/home/hexmovr02/hexmovr_manager/install/hexmovr_motor6_example:/home/hexmovr02/hexmovr_manager/install/hexmovr_moto_manager:/home/hexmovr02/hexmovr_manager/install/hexmovr_bridge:/home/hexmovr02/rebotarm_ros2/install/rebotarm_moveit_demos:/home/hexmovr02/rebotarm_ros2/install/rebotarm_bringup:/home/hexmovr02/rebotarm_ros2/install/rebotarmcontroller:/home/hexmovr02/reBotArmController_ROS2/install/rebotarm_bringup:/home/hexmovr02/reBotArmController_ROS2/install/rebotarmcontroller:/opt/ros/humble /usr/bin/cmake /home/hexmovr02/hexmovr_manager/src/hexmovr_moto_panel -DCMAKE_INSTALL_PREFIX=/home/hexmovr02/hexmovr_manager/install/hexmovr_moto_panel
[1.139s] DEBUG:colcon.colcon_core.event_handler.log_command:Invoking command in '/home/hexmovr02/hexmovr_manager/build/hexmovr_moto_panel': CMAKE_PREFIX_PATH=${CMAKE_PREFIX_PATH}:/home/hexmovr02/hexmovr_manager/install/hexmovr_motor_example:/home/hexmovr02/hexmovr_manager/install/my_python_pkg:/home/hexmovr02/hexmovr_manager/install/hexmovr_motor6_example:/home/hexmovr02/hexmovr_manager/install/hexmovr_moto_manager:/home/hexmovr02/hexmovr_manager/install/hexmovr_bridge:/home/hexmovr02/rebotarm_ros2/install/rebotarm_moveit_demos:/home/hexmovr02/rebotarm_ros2/install/rebotarm_bringup:/home/hexmovr02/rebotarm_ros2/install/rebotarmcontroller:/home/hexmovr02/reBotArmController_ROS2/install/rebotarm_bringup:/home/hexmovr02/reBotArmController_ROS2/install/rebotarmcontroller:/opt/ros/humble /usr/bin/cmake --build /home/hexmovr02/hexmovr_manager/build/hexmovr_moto_panel -- -j32 -l32
[1.206s] DEBUG:colcon.colcon_core.event_handler.log_command:Invoked command in '/home/hexmovr02/hexmovr_manager/build/hexmovr_moto_panel' returned '0': CMAKE_PREFIX_PATH=${CMAKE_PREFIX_PATH}:/home/hexmovr02/hexmovr_manager/install/hexmovr_motor_example:/home/hexmovr02/hexmovr_manager/install/my_python_pkg:/home/hexmovr02/hexmovr_manager/install/hexmovr_motor6_example:/home/hexmovr02/hexmovr_manager/install/hexmovr_moto_manager:/home/hexmovr02/hexmovr_manager/install/hexmovr_bridge:/home/hexmovr02/rebotarm_ros2/install/rebotarm_moveit_demos:/home/hexmovr02/rebotarm_ros2/install/rebotarm_bringup:/home/hexmovr02/rebotarm_ros2/install/rebotarmcontroller:/home/hexmovr02/reBotArmController_ROS2/install/rebotarm_bringup:/home/hexmovr02/reBotArmController_ROS2/install/rebotarmcontroller:/opt/ros/humble /usr/bin/cmake --build /home/hexmovr02/hexmovr_manager/build/hexmovr_moto_panel -- -j32 -l32
[1.215s] DEBUG:colcon.colcon_core.event_handler.log_command:Invoking command in '/home/hexmovr02/hexmovr_manager/build/hexmovr_moto_panel': CMAKE_PREFIX_PATH=${CMAKE_PREFIX_PATH}:/home/hexmovr02/hexmovr_manager/install/hexmovr_motor_example:/home/hexmovr02/hexmovr_manager/install/my_python_pkg:/home/hexmovr02/hexmovr_manager/install/hexmovr_motor6_example:/home/hexmovr02/hexmovr_manager/install/hexmovr_moto_manager:/home/hexmovr02/hexmovr_manager/install/hexmovr_bridge:/home/hexmovr02/rebotarm_ros2/install/rebotarm_moveit_demos:/home/hexmovr02/rebotarm_ros2/install/rebotarm_bringup:/home/hexmovr02/rebotarm_ros2/install/rebotarmcontroller:/home/hexmovr02/reBotArmController_ROS2/install/rebotarm_bringup:/home/hexmovr02/reBotArmController_ROS2/install/rebotarmcontroller:/opt/ros/humble /usr/bin/cmake --install /home/hexmovr02/hexmovr_manager/build/hexmovr_moto_panel
[1.230s] Level 1:colcon.colcon_core.environment:create_environment_scripts_only(hexmovr_moto_panel)
[1.231s] Level 1:colcon.colcon_core.environment:checking '/home/hexmovr02/hexmovr_manager/install/hexmovr_moto_panel' for CMake module files
[1.231s] DEBUG:colcon.colcon_core.event_handler.log_command:Invoked command in '/home/hexmovr02/hexmovr_manager/build/hexmovr_moto_panel' returned '0': CMAKE_PREFIX_PATH=${CMAKE_PREFIX_PATH}:/home/hexmovr02/hexmovr_manager/install/hexmovr_motor_example:/home/hexmovr02/hexmovr_manager/install/my_python_pkg:/home/hexmovr02/hexmovr_manager/install/hexmovr_motor6_example:/home/hexmovr02/hexmovr_manager/install/hexmovr_moto_manager:/home/hexmovr02/hexmovr_manager/install/hexmovr_bridge:/home/hexmovr02/rebotarm_ros2/install/rebotarm_moveit_demos:/home/hexmovr02/rebotarm_ros2/install/rebotarm_bringup:/home/hexmovr02/rebotarm_ros2/install/rebotarmcontroller:/home/hexmovr02/reBotArmController_ROS2/install/rebotarm_bringup:/home/hexmovr02/reBotArmController_ROS2/install/rebotarmcontroller:/opt/ros/humble /usr/bin/cmake --install /home/hexmovr02/hexmovr_manager/build/hexmovr_moto_panel
[1.231s] Level 1:colcon.colcon_core.environment:checking '/home/hexmovr02/hexmovr_manager/install/hexmovr_moto_panel' for CMake config files
[1.231s] Level 1:colcon.colcon_core.shell:create_environment_hook('hexmovr_moto_panel', 'cmake_prefix_path')
[1.231s] INFO:colcon.colcon_core.shell:Creating environment hook '/home/hexmovr02/hexmovr_manager/install/hexmovr_moto_panel/share/hexmovr_moto_panel/hook/cmake_prefix_path.ps1'
[1.232s] INFO:colcon.colcon_core.shell:Creating environment descriptor '/home/hexmovr02/hexmovr_manager/install/hexmovr_moto_panel/share/hexmovr_moto_panel/hook/cmake_prefix_path.dsv'
[1.232s] INFO:colcon.colcon_core.shell:Creating environment hook '/home/hexmovr02/hexmovr_manager/install/hexmovr_moto_panel/share/hexmovr_moto_panel/hook/cmake_prefix_path.sh'
[1.232s] Level 1:colcon.colcon_core.environment:checking '/home/hexmovr02/hexmovr_manager/install/hexmovr_moto_panel/lib'
[1.232s] Level 1:colcon.colcon_core.shell:create_environment_hook('hexmovr_moto_panel', 'ld_library_path_lib')
[1.232s] INFO:colcon.colcon_core.shell:Creating environment hook '/home/hexmovr02/hexmovr_manager/install/hexmovr_moto_panel/share/hexmovr_moto_panel/hook/ld_library_path_lib.ps1'
[1.233s] INFO:colcon.colcon_core.shell:Creating environment descriptor '/home/hexmovr02/hexmovr_manager/install/hexmovr_moto_panel/share/hexmovr_moto_panel/hook/ld_library_path_lib.dsv'
[1.233s] INFO:colcon.colcon_core.shell:Creating environment hook '/home/hexmovr02/hexmovr_manager/install/hexmovr_moto_panel/share/hexmovr_moto_panel/hook/ld_library_path_lib.sh'
[1.233s] Level 1:colcon.colcon_core.environment:checking '/home/hexmovr02/hexmovr_manager/install/hexmovr_moto_panel/bin'
[1.233s] Level 1:colcon.colcon_core.environment:checking '/home/hexmovr02/hexmovr_manager/install/hexmovr_moto_panel/lib/pkgconfig/hexmovr_moto_panel.pc'
[1.233s] Level 1:colcon.colcon_core.environment:checking '/home/hexmovr02/hexmovr_manager/install/hexmovr_moto_panel/lib/python3.10/site-packages'
[1.233s] Level 1:colcon.colcon_core.environment:checking '/home/hexmovr02/hexmovr_manager/install/hexmovr_moto_panel/bin'
[1.233s] INFO:colcon.colcon_core.shell:Creating package script '/home/hexmovr02/hexmovr_manager/install/hexmovr_moto_panel/share/hexmovr_moto_panel/package.ps1'
[1.234s] INFO:colcon.colcon_core.shell:Creating package descriptor '/home/hexmovr02/hexmovr_manager/install/hexmovr_moto_panel/share/hexmovr_moto_panel/package.dsv'
[1.234s] INFO:colcon.colcon_core.shell:Creating package script '/home/hexmovr02/hexmovr_manager/install/hexmovr_moto_panel/share/hexmovr_moto_panel/package.sh'
[1.234s] INFO:colcon.colcon_core.shell:Creating package script '/home/hexmovr02/hexmovr_manager/install/hexmovr_moto_panel/share/hexmovr_moto_panel/package.bash'
[1.234s] INFO:colcon.colcon_core.shell:Creating package script '/home/hexmovr02/hexmovr_manager/install/hexmovr_moto_panel/share/hexmovr_moto_panel/package.zsh'
[1.235s] Level 1:colcon.colcon_core.environment:create_file_with_runtime_dependencies(/home/hexmovr02/hexmovr_manager/install/hexmovr_moto_panel/share/colcon-core/packages/hexmovr_moto_panel)
[1.235s] Level 1:colcon.colcon_core.environment:create_environment_scripts_only(hexmovr_moto_panel)
[1.235s] Level 1:colcon.colcon_core.environment:checking '/home/hexmovr02/hexmovr_manager/install/hexmovr_moto_panel' for CMake module files
[1.235s] Level 1:colcon.colcon_core.environment:checking '/home/hexmovr02/hexmovr_manager/install/hexmovr_moto_panel' for CMake config files
[1.235s] Level 1:colcon.colcon_core.shell:create_environment_hook('hexmovr_moto_panel', 'cmake_prefix_path')
[1.235s] INFO:colcon.colcon_core.shell:Creating environment hook '/home/hexmovr02/hexmovr_manager/install/hexmovr_moto_panel/share/hexmovr_moto_panel/hook/cmake_prefix_path.ps1'
[1.236s] INFO:colcon.colcon_core.shell:Creating environment descriptor '/home/hexmovr02/hexmovr_manager/install/hexmovr_moto_panel/share/hexmovr_moto_panel/hook/cmake_prefix_path.dsv'
[1.236s] INFO:colcon.colcon_core.shell:Creating environment hook '/home/hexmovr02/hexmovr_manager/install/hexmovr_moto_panel/share/hexmovr_moto_panel/hook/cmake_prefix_path.sh'
[1.236s] Level 1:colcon.colcon_core.environment:checking '/home/hexmovr02/hexmovr_manager/install/hexmovr_moto_panel/lib'
[1.236s] Level 1:colcon.colcon_core.shell:create_environment_hook('hexmovr_moto_panel', 'ld_library_path_lib')
[1.236s] INFO:colcon.colcon_core.shell:Creating environment hook '/home/hexmovr02/hexmovr_manager/install/hexmovr_moto_panel/share/hexmovr_moto_panel/hook/ld_library_path_lib.ps1'
[1.236s] INFO:colcon.colcon_core.shell:Creating environment descriptor '/home/hexmovr02/hexmovr_manager/install/hexmovr_moto_panel/share/hexmovr_moto_panel/hook/ld_library_path_lib.dsv'
[1.237s] INFO:colcon.colcon_core.shell:Creating environment hook '/home/hexmovr02/hexmovr_manager/install/hexmovr_moto_panel/share/hexmovr_moto_panel/hook/ld_library_path_lib.sh'
[1.237s] Level 1:colcon.colcon_core.environment:checking '/home/hexmovr02/hexmovr_manager/install/hexmovr_moto_panel/bin'
[1.237s] Level 1:colcon.colcon_core.environment:checking '/home/hexmovr02/hexmovr_manager/install/hexmovr_moto_panel/lib/pkgconfig/hexmovr_moto_panel.pc'
[1.237s] Level 1:colcon.colcon_core.environment:checking '/home/hexmovr02/hexmovr_manager/install/hexmovr_moto_panel/lib/python3.10/site-packages'
[1.237s] Level 1:colcon.colcon_core.environment:checking '/home/hexmovr02/hexmovr_manager/install/hexmovr_moto_panel/bin'
[1.237s] INFO:colcon.colcon_core.shell:Creating package script '/home/hexmovr02/hexmovr_manager/install/hexmovr_moto_panel/share/hexmovr_moto_panel/package.ps1'
[1.238s] INFO:colcon.colcon_core.shell:Creating package descriptor '/home/hexmovr02/hexmovr_manager/install/hexmovr_moto_panel/share/hexmovr_moto_panel/package.dsv'
[1.238s] INFO:colcon.colcon_core.shell:Creating package script '/home/hexmovr02/hexmovr_manager/install/hexmovr_moto_panel/share/hexmovr_moto_panel/package.sh'
[1.238s] INFO:colcon.colcon_core.shell:Creating package script '/home/hexmovr02/hexmovr_manager/install/hexmovr_moto_panel/share/hexmovr_moto_panel/package.bash'
[1.238s] INFO:colcon.colcon_core.shell:Creating package script '/home/hexmovr02/hexmovr_manager/install/hexmovr_moto_panel/share/hexmovr_moto_panel/package.zsh'
[1.239s] Level 1:colcon.colcon_core.environment:create_file_with_runtime_dependencies(/home/hexmovr02/hexmovr_manager/install/hexmovr_moto_panel/share/colcon-core/packages/hexmovr_moto_panel)
[1.384s] DEBUG:colcon.colcon_core.event_handler.log_command:Invoking command in '/home/hexmovr02/hexmovr_manager/src/hexmovr_moto_manager': AMENT_PREFIX_PATH=/home/hexmovr02/hexmovr_manager/install/hexmovr_bridge:/home/hexmovr02/hexmovr_manager/install/hexmovr_motor_example:/home/hexmovr02/hexmovr_manager/install/my_python_pkg:/home/hexmovr02/hexmovr_manager/install/hexmovr_motor6_example:/home/hexmovr02/hexmovr_manager/install/hexmovr_moto_panel:/home/hexmovr02/hexmovr_manager/install/hexmovr_moto_manager:/home/hexmovr02/electric-version-wheel-foot/3.ROS2包/install/wheeled_legged_pkg:/home/hexmovr02/electric-version-wheel-foot/3.ROS2包/install/wheel_legged_urdf_pkg:/home/hexmovr02/rebotarm_ros2/install/rebotarm_moveit_demos:/home/hexmovr02/rebotarm_ros2/install/rebotarm_moveit_config:/home/hexmovr02/rebotarm_ros2/install/rebotarm_bringup:/home/hexmovr02/rebotarm_ros2/install/rebotarmcontroller:/home/hexmovr02/rebotarm_ros2/install/rebotarm_msgs:/home/hexmovr02/reBotArmController_ROS2/install/rebotarm_bringup:/home/hexmovr02/reBotArmController_ROS2/install/rebotarmcontroller:/home/hexmovr02/reBotArmController_ROS2/install/rebotarm_msgs:/opt/ros/humble PYTHONPATH=/home/hexmovr02/hexmovr_manager/build/hexmovr_moto_manager/prefix_override:/usr/lib/python3/dist-packages/colcon_core/task/python/colcon_distutils_commands:/home/hexmovr02/hexmovr_manager/install/hexmovr_moto_manager/lib/python3.10/site-packages:/home/hexmovr02/hexmovr_manager/install/hexmovr_bridge/lib/python3.10/site-packages:/home/hexmovr02/hexmovr_manager/build/hexmovr_motor_example:/home/hexmovr02/hexmovr_manager/install/hexmovr_motor_example/lib/python3.10/site-packages:/home/hexmovr02/hexmovr_manager/build/hexmovr_moto_manager:/home/hexmovr02/hexmovr_manager/build/hexmovr_motor6_example:/home/hexmovr02/hexmovr_manager/install/my_python_pkg/lib/python3.10/site-packages:/home/hexmovr02/hexmovr_manager/install/hexmovr_motor6_example/lib/python3.10/site-packages:/home/hexmovr02/hexmovr_manager/install/hexmovr_moto_manager/lib/python3.10/site-packages:/home/hexmovr02/rebotarm_ros2/install/rebotarm_moveit_demos/lib/python3.10/site-packages:/home/hexmovr02/rebotarm_ros2/install/rebotarm_bringup/lib/python3.10/site-packages:/home/hexmovr02/rebotarm_ros2/install/rebotarmcontroller/lib/python3.10/site-packages:/home/hexmovr02/rebotarm_ros2/install/rebotarm_msgs/local/lib/python3.10/dist-packages:/home/hexmovr02/reBotArmController_ROS2/build/rebotarm_bringup:/home/hexmovr02/reBotArmController_ROS2/install/rebotarm_bringup/lib/python3.10/site-packages:/home/hexmovr02/reBotArmController_ROS2/build/rebotarmcontroller:/home/hexmovr02/reBotArmController_ROS2/install/rebotarmcontroller/lib/python3.10/site-packages:/home/hexmovr02/reBotArmController_ROS2/install/rebotarm_msgs/local/lib/python3.10/dist-packages:/opt/ros/humble/lib/python3.10/site-packages:/opt/ros/humble/local/lib/python3.10/dist-packages /usr/bin/python3 -W ignore:setup.py install is deprecated -W ignore:easy_install command is deprecated setup.py egg_info --egg-base ../../build/hexmovr_moto_manager build --build-base /home/hexmovr02/hexmovr_manager/build/hexmovr_moto_manager/build install --record /home/hexmovr02/hexmovr_manager/build/hexmovr_moto_manager/install.log --single-version-externally-managed install_data
[1.554s] Level 1:colcon.colcon_core.environment:checking '/home/hexmovr02/hexmovr_manager/install/hexmovr_moto_manager' for CMake module files
[1.554s] Level 1:colcon.colcon_core.environment:checking '/home/hexmovr02/hexmovr_manager/install/hexmovr_moto_manager' for CMake config files
[1.555s] DEBUG:colcon.colcon_core.event_handler.log_command:Invoked command in '/home/hexmovr02/hexmovr_manager/src/hexmovr_moto_manager' returned '0': AMENT_PREFIX_PATH=/home/hexmovr02/hexmovr_manager/install/hexmovr_bridge:/home/hexmovr02/hexmovr_manager/install/hexmovr_motor_example:/home/hexmovr02/hexmovr_manager/install/my_python_pkg:/home/hexmovr02/hexmovr_manager/install/hexmovr_motor6_example:/home/hexmovr02/hexmovr_manager/install/hexmovr_moto_panel:/home/hexmovr02/hexmovr_manager/install/hexmovr_moto_manager:/home/hexmovr02/electric-version-wheel-foot/3.ROS2包/install/wheeled_legged_pkg:/home/hexmovr02/electric-version-wheel-foot/3.ROS2包/install/wheel_legged_urdf_pkg:/home/hexmovr02/rebotarm_ros2/install/rebotarm_moveit_demos:/home/hexmovr02/rebotarm_ros2/install/rebotarm_moveit_config:/home/hexmovr02/rebotarm_ros2/install/rebotarm_bringup:/home/hexmovr02/rebotarm_ros2/install/rebotarmcontroller:/home/hexmovr02/rebotarm_ros2/install/rebotarm_msgs:/home/hexmovr02/reBotArmController_ROS2/install/rebotarm_bringup:/home/hexmovr02/reBotArmController_ROS2/install/rebotarmcontroller:/home/hexmovr02/reBotArmController_ROS2/install/rebotarm_msgs:/opt/ros/humble PYTHONPATH=/home/hexmovr02/hexmovr_manager/build/hexmovr_moto_manager/prefix_override:/usr/lib/python3/dist-packages/colcon_core/task/python/colcon_distutils_commands:/home/hexmovr02/hexmovr_manager/install/hexmovr_moto_manager/lib/python3.10/site-packages:/home/hexmovr02/hexmovr_manager/install/hexmovr_bridge/lib/python3.10/site-packages:/home/hexmovr02/hexmovr_manager/build/hexmovr_motor_example:/home/hexmovr02/hexmovr_manager/install/hexmovr_motor_example/lib/python3.10/site-packages:/home/hexmovr02/hexmovr_manager/build/hexmovr_moto_manager:/home/hexmovr02/hexmovr_manager/build/hexmovr_motor6_example:/home/hexmovr02/hexmovr_manager/install/my_python_pkg/lib/python3.10/site-packages:/home/hexmovr02/hexmovr_manager/install/hexmovr_motor6_example/lib/python3.10/site-packages:/home/hexmovr02/hexmovr_manager/install/hexmovr_moto_manager/lib/python3.10/site-packages:/home/hexmovr02/rebotarm_ros2/install/rebotarm_moveit_demos/lib/python3.10/site-packages:/home/hexmovr02/rebotarm_ros2/install/rebotarm_bringup/lib/python3.10/site-packages:/home/hexmovr02/rebotarm_ros2/install/rebotarmcontroller/lib/python3.10/site-packages:/home/hexmovr02/rebotarm_ros2/install/rebotarm_msgs/local/lib/python3.10/dist-packages:/home/hexmovr02/reBotArmController_ROS2/build/rebotarm_bringup:/home/hexmovr02/reBotArmController_ROS2/install/rebotarm_bringup/lib/python3.10/site-packages:/home/hexmovr02/reBotArmController_ROS2/build/rebotarmcontroller:/home/hexmovr02/reBotArmController_ROS2/install/rebotarmcontroller/lib/python3.10/site-packages:/home/hexmovr02/reBotArmController_ROS2/install/rebotarm_msgs/local/lib/python3.10/dist-packages:/opt/ros/humble/lib/python3.10/site-packages:/opt/ros/humble/local/lib/python3.10/dist-packages /usr/bin/python3 -W ignore:setup.py install is deprecated -W ignore:easy_install command is deprecated setup.py egg_info --egg-base ../../build/hexmovr_moto_manager build --build-base /home/hexmovr02/hexmovr_manager/build/hexmovr_moto_manager/build install --record /home/hexmovr02/hexmovr_manager/build/hexmovr_moto_manager/install.log --single-version-externally-managed install_data
[1.555s] Level 1:colcon.colcon_core.environment:checking '/home/hexmovr02/hexmovr_manager/install/hexmovr_moto_manager/lib'
[1.555s] Level 1:colcon.colcon_core.environment:checking '/home/hexmovr02/hexmovr_manager/install/hexmovr_moto_manager/bin'
[1.555s] Level 1:colcon.colcon_core.environment:checking '/home/hexmovr02/hexmovr_manager/install/hexmovr_moto_manager/lib/pkgconfig/hexmovr_moto_manager.pc'
[1.556s] Level 1:colcon.colcon_core.environment:checking '/home/hexmovr02/hexmovr_manager/install/hexmovr_moto_manager/lib/python3.10/site-packages'
[1.556s] Level 1:colcon.colcon_core.shell:create_environment_hook('hexmovr_moto_manager', 'pythonpath')
[1.556s] INFO:colcon.colcon_core.shell:Creating environment hook '/home/hexmovr02/hexmovr_manager/install/hexmovr_moto_manager/share/hexmovr_moto_manager/hook/pythonpath.ps1'
[1.556s] INFO:colcon.colcon_core.shell:Creating environment descriptor '/home/hexmovr02/hexmovr_manager/install/hexmovr_moto_manager/share/hexmovr_moto_manager/hook/pythonpath.dsv'
[1.556s] INFO:colcon.colcon_core.shell:Creating environment hook '/home/hexmovr02/hexmovr_manager/install/hexmovr_moto_manager/share/hexmovr_moto_manager/hook/pythonpath.sh'
[1.557s] Level 1:colcon.colcon_core.environment:checking '/home/hexmovr02/hexmovr_manager/install/hexmovr_moto_manager/bin'
[1.557s] Level 1:colcon.colcon_core.environment:create_environment_scripts_only(hexmovr_moto_manager)
[1.557s] INFO:colcon.colcon_core.shell:Creating package script '/home/hexmovr02/hexmovr_manager/install/hexmovr_moto_manager/share/hexmovr_moto_manager/package.ps1'
[1.558s] INFO:colcon.colcon_core.shell:Creating package descriptor '/home/hexmovr02/hexmovr_manager/install/hexmovr_moto_manager/share/hexmovr_moto_manager/package.dsv'
[1.558s] INFO:colcon.colcon_core.shell:Creating package script '/home/hexmovr02/hexmovr_manager/install/hexmovr_moto_manager/share/hexmovr_moto_manager/package.sh'
[1.559s] INFO:colcon.colcon_core.shell:Creating package script '/home/hexmovr02/hexmovr_manager/install/hexmovr_moto_manager/share/hexmovr_moto_manager/package.bash'
[1.559s] INFO:colcon.colcon_core.shell:Creating package script '/home/hexmovr02/hexmovr_manager/install/hexmovr_moto_manager/share/hexmovr_moto_manager/package.zsh'
[1.560s] Level 1:colcon.colcon_core.environment:create_file_with_runtime_dependencies(/home/hexmovr02/hexmovr_manager/install/hexmovr_moto_manager/share/colcon-core/packages/hexmovr_moto_manager)
[1.560s] INFO:colcon.colcon_ros.task.ament_python.build:Building ROS package in '/home/hexmovr02/hexmovr_manager/src/hexmovr_motor_example' with build type 'ament_python'
[1.560s] Level 1:colcon.colcon_core.shell:create_environment_hook('hexmovr_motor_example', 'ament_prefix_path')
[1.561s] INFO:colcon.colcon_core.shell:Creating environment hook '/home/hexmovr02/hexmovr_manager/install/hexmovr_motor_example/share/hexmovr_motor_example/hook/ament_prefix_path.ps1'
[1.561s] INFO:colcon.colcon_core.shell:Creating environment descriptor '/home/hexmovr02/hexmovr_manager/install/hexmovr_motor_example/share/hexmovr_motor_example/hook/ament_prefix_path.dsv'
[1.562s] INFO:colcon.colcon_core.shell:Creating environment hook '/home/hexmovr02/hexmovr_manager/install/hexmovr_motor_example/share/hexmovr_motor_example/hook/ament_prefix_path.sh'
[1.562s] INFO:colcon.colcon_core.shell:Skip shell extension 'powershell' for command environment: Not usable outside of PowerShell
[1.562s] DEBUG:colcon.colcon_core.shell:Skip shell extension 'dsv' for command environment
[1.756s] INFO:colcon.colcon_core.task.python.build:Building Python package in '/home/hexmovr02/hexmovr_manager/src/hexmovr_motor_example'
[1.756s] INFO:colcon.colcon_core.shell:Skip shell extension 'powershell' for command environment: Not usable outside of PowerShell
[1.756s] DEBUG:colcon.colcon_core.shell:Skip shell extension 'dsv' for command environment
[1.990s] DEBUG:colcon.colcon_core.event_handler.log_command:Invoking command in '/home/hexmovr02/hexmovr_manager/src/hexmovr_motor_example': AMENT_PREFIX_PATH=/home/hexmovr02/hexmovr_manager/install/hexmovr_moto_manager:/home/hexmovr02/hexmovr_manager/install/hexmovr_bridge:/home/hexmovr02/hexmovr_manager/install/hexmovr_motor_example:/home/hexmovr02/hexmovr_manager/install/my_python_pkg:/home/hexmovr02/hexmovr_manager/install/hexmovr_motor6_example:/home/hexmovr02/hexmovr_manager/install/hexmovr_moto_panel:/home/hexmovr02/electric-version-wheel-foot/3.ROS2包/install/wheeled_legged_pkg:/home/hexmovr02/electric-version-wheel-foot/3.ROS2包/install/wheel_legged_urdf_pkg:/home/hexmovr02/rebotarm_ros2/install/rebotarm_moveit_demos:/home/hexmovr02/rebotarm_ros2/install/rebotarm_moveit_config:/home/hexmovr02/rebotarm_ros2/install/rebotarm_bringup:/home/hexmovr02/rebotarm_ros2/install/rebotarmcontroller:/home/hexmovr02/rebotarm_ros2/install/rebotarm_msgs:/home/hexmovr02/reBotArmController_ROS2/install/rebotarm_bringup:/home/hexmovr02/reBotArmController_ROS2/install/rebotarmcontroller:/home/hexmovr02/reBotArmController_ROS2/install/rebotarm_msgs:/opt/ros/humble PYTHONPATH=/home/hexmovr02/hexmovr_manager/build/hexmovr_motor_example/prefix_override:/usr/lib/python3/dist-packages/colcon_core/task/python/colcon_distutils_commands:/home/hexmovr02/hexmovr_manager/install/hexmovr_motor_example/lib/python3.10/site-packages:/home/hexmovr02/hexmovr_manager/install/hexmovr_moto_manager/lib/python3.10/site-packages:/home/hexmovr02/hexmovr_manager/install/hexmovr_bridge/lib/python3.10/site-packages:/home/hexmovr02/hexmovr_manager/build/hexmovr_motor_example:/home/hexmovr02/hexmovr_manager/install/hexmovr_motor_example/lib/python3.10/site-packages:/home/hexmovr02/hexmovr_manager/build/hexmovr_moto_manager:/home/hexmovr02/hexmovr_manager/build/hexmovr_motor6_example:/home/hexmovr02/hexmovr_manager/install/my_python_pkg/lib/python3.10/site-packages:/home/hexmovr02/hexmovr_manager/install/hexmovr_motor6_example/lib/python3.10/site-packages:/home/hexmovr02/rebotarm_ros2/install/rebotarm_moveit_demos/lib/python3.10/site-packages:/home/hexmovr02/rebotarm_ros2/install/rebotarm_bringup/lib/python3.10/site-packages:/home/hexmovr02/rebotarm_ros2/install/rebotarmcontroller/lib/python3.10/site-packages:/home/hexmovr02/rebotarm_ros2/install/rebotarm_msgs/local/lib/python3.10/dist-packages:/home/hexmovr02/reBotArmController_ROS2/build/rebotarm_bringup:/home/hexmovr02/reBotArmController_ROS2/install/rebotarm_bringup/lib/python3.10/site-packages:/home/hexmovr02/reBotArmController_ROS2/build/rebotarmcontroller:/home/hexmovr02/reBotArmController_ROS2/install/rebotarmcontroller/lib/python3.10/site-packages:/home/hexmovr02/reBotArmController_ROS2/install/rebotarm_msgs/local/lib/python3.10/dist-packages:/opt/ros/humble/lib/python3.10/site-packages:/opt/ros/humble/local/lib/python3.10/dist-packages /usr/bin/python3 -W ignore:setup.py install is deprecated -W ignore:easy_install command is deprecated setup.py egg_info --egg-base ../../build/hexmovr_motor_example build --build-base /home/hexmovr02/hexmovr_manager/build/hexmovr_motor_example/build install --record /home/hexmovr02/hexmovr_manager/build/hexmovr_motor_example/install.log --single-version-externally-managed install_data
[2.164s] Level 1:colcon.colcon_core.environment:checking '/home/hexmovr02/hexmovr_manager/install/hexmovr_motor_example' for CMake module files
[2.164s] DEBUG:colcon.colcon_core.event_handler.log_command:Invoked command in '/home/hexmovr02/hexmovr_manager/src/hexmovr_motor_example' returned '0': AMENT_PREFIX_PATH=/home/hexmovr02/hexmovr_manager/install/hexmovr_moto_manager:/home/hexmovr02/hexmovr_manager/install/hexmovr_bridge:/home/hexmovr02/hexmovr_manager/install/hexmovr_motor_example:/home/hexmovr02/hexmovr_manager/install/my_python_pkg:/home/hexmovr02/hexmovr_manager/install/hexmovr_motor6_example:/home/hexmovr02/hexmovr_manager/install/hexmovr_moto_panel:/home/hexmovr02/electric-version-wheel-foot/3.ROS2包/install/wheeled_legged_pkg:/home/hexmovr02/electric-version-wheel-foot/3.ROS2包/install/wheel_legged_urdf_pkg:/home/hexmovr02/rebotarm_ros2/install/rebotarm_moveit_demos:/home/hexmovr02/rebotarm_ros2/install/rebotarm_moveit_config:/home/hexmovr02/rebotarm_ros2/install/rebotarm_bringup:/home/hexmovr02/rebotarm_ros2/install/rebotarmcontroller:/home/hexmovr02/rebotarm_ros2/install/rebotarm_msgs:/home/hexmovr02/reBotArmController_ROS2/install/rebotarm_bringup:/home/hexmovr02/reBotArmController_ROS2/install/rebotarmcontroller:/home/hexmovr02/reBotArmController_ROS2/install/rebotarm_msgs:/opt/ros/humble PYTHONPATH=/home/hexmovr02/hexmovr_manager/build/hexmovr_motor_example/prefix_override:/usr/lib/python3/dist-packages/colcon_core/task/python/colcon_distutils_commands:/home/hexmovr02/hexmovr_manager/install/hexmovr_motor_example/lib/python3.10/site-packages:/home/hexmovr02/hexmovr_manager/install/hexmovr_moto_manager/lib/python3.10/site-packages:/home/hexmovr02/hexmovr_manager/install/hexmovr_bridge/lib/python3.10/site-packages:/home/hexmovr02/hexmovr_manager/build/hexmovr_motor_example:/home/hexmovr02/hexmovr_manager/install/hexmovr_motor_example/lib/python3.10/site-packages:/home/hexmovr02/hexmovr_manager/build/hexmovr_moto_manager:/home/hexmovr02/hexmovr_manager/build/hexmovr_motor6_example:/home/hexmovr02/hexmovr_manager/install/my_python_pkg/lib/python3.10/site-packages:/home/hexmovr02/hexmovr_manager/install/hexmovr_motor6_example/lib/python3.10/site-packages:/home/hexmovr02/rebotarm_ros2/install/rebotarm_moveit_demos/lib/python3.10/site-packages:/home/hexmovr02/rebotarm_ros2/install/rebotarm_bringup/lib/python3.10/site-packages:/home/hexmovr02/rebotarm_ros2/install/rebotarmcontroller/lib/python3.10/site-packages:/home/hexmovr02/rebotarm_ros2/install/rebotarm_msgs/local/lib/python3.10/dist-packages:/home/hexmovr02/reBotArmController_ROS2/build/rebotarm_bringup:/home/hexmovr02/reBotArmController_ROS2/install/rebotarm_bringup/lib/python3.10/site-packages:/home/hexmovr02/reBotArmController_ROS2/build/rebotarmcontroller:/home/hexmovr02/reBotArmController_ROS2/install/rebotarmcontroller/lib/python3.10/site-packages:/home/hexmovr02/reBotArmController_ROS2/install/rebotarm_msgs/local/lib/python3.10/dist-packages:/opt/ros/humble/lib/python3.10/site-packages:/opt/ros/humble/local/lib/python3.10/dist-packages /usr/bin/python3 -W ignore:setup.py install is deprecated -W ignore:easy_install command is deprecated setup.py egg_info --egg-base ../../build/hexmovr_motor_example build --build-base /home/hexmovr02/hexmovr_manager/build/hexmovr_motor_example/build install --record /home/hexmovr02/hexmovr_manager/build/hexmovr_motor_example/install.log --single-version-externally-managed install_data
[2.165s] Level 1:colcon.colcon_core.environment:checking '/home/hexmovr02/hexmovr_manager/install/hexmovr_motor_example' for CMake config files
[2.165s] Level 1:colcon.colcon_core.environment:checking '/home/hexmovr02/hexmovr_manager/install/hexmovr_motor_example/lib'
[2.166s] Level 1:colcon.colcon_core.environment:checking '/home/hexmovr02/hexmovr_manager/install/hexmovr_motor_example/bin'
[2.166s] Level 1:colcon.colcon_core.environment:checking '/home/hexmovr02/hexmovr_manager/install/hexmovr_motor_example/lib/pkgconfig/hexmovr_motor_example.pc'
[2.166s] Level 1:colcon.colcon_core.environment:checking '/home/hexmovr02/hexmovr_manager/install/hexmovr_motor_example/lib/python3.10/site-packages'
[2.166s] Level 1:colcon.colcon_core.shell:create_environment_hook('hexmovr_motor_example', 'pythonpath')
[2.166s] INFO:colcon.colcon_core.shell:Creating environment hook '/home/hexmovr02/hexmovr_manager/install/hexmovr_motor_example/share/hexmovr_motor_example/hook/pythonpath.ps1'
[2.167s] INFO:colcon.colcon_core.shell:Creating environment descriptor '/home/hexmovr02/hexmovr_manager/install/hexmovr_motor_example/share/hexmovr_motor_example/hook/pythonpath.dsv'
[2.167s] INFO:colcon.colcon_core.shell:Creating environment hook '/home/hexmovr02/hexmovr_manager/install/hexmovr_motor_example/share/hexmovr_motor_example/hook/pythonpath.sh'
[2.168s] Level 1:colcon.colcon_core.environment:checking '/home/hexmovr02/hexmovr_manager/install/hexmovr_motor_example/bin'
[2.168s] Level 1:colcon.colcon_core.environment:create_environment_scripts_only(hexmovr_motor_example)
[2.168s] INFO:colcon.colcon_core.shell:Creating package script '/home/hexmovr02/hexmovr_manager/install/hexmovr_motor_example/share/hexmovr_motor_example/package.ps1'
[2.169s] INFO:colcon.colcon_core.shell:Creating package descriptor '/home/hexmovr02/hexmovr_manager/install/hexmovr_motor_example/share/hexmovr_motor_example/package.dsv'
[2.170s] INFO:colcon.colcon_core.shell:Creating package script '/home/hexmovr02/hexmovr_manager/install/hexmovr_motor_example/share/hexmovr_motor_example/package.sh'
[2.170s] INFO:colcon.colcon_core.shell:Creating package script '/home/hexmovr02/hexmovr_manager/install/hexmovr_motor_example/share/hexmovr_motor_example/package.bash'
[2.170s] INFO:colcon.colcon_core.shell:Creating package script '/home/hexmovr02/hexmovr_manager/install/hexmovr_motor_example/share/hexmovr_motor_example/package.zsh'
[2.171s] Level 1:colcon.colcon_core.environment:create_file_with_runtime_dependencies(/home/hexmovr02/hexmovr_manager/install/hexmovr_motor_example/share/colcon-core/packages/hexmovr_motor_example)
[2.171s] DEBUG:colcon.colcon_parallel_executor.executor.parallel:closing loop
[2.172s] DEBUG:colcon.colcon_parallel_executor.executor.parallel:loop closed
[2.172s] DEBUG:colcon.colcon_parallel_executor.executor.parallel:run_until_complete finished with '0'
[2.172s] DEBUG:colcon.colcon_core.event_reactor:joining thread
[2.178s] INFO:colcon.colcon_core.plugin_system:Skipping extension 'colcon_notification.desktop_notification.terminal_notifier': Not used on non-Darwin systems
[2.178s] INFO:colcon.colcon_core.plugin_system:Skipping extension 'colcon_notification.desktop_notification.win32': Not used on non-Windows systems
[2.178s] INFO:colcon.colcon_notification.desktop_notification:Sending desktop notification using 'notify2'
[2.189s] DEBUG:colcon.colcon_core.event_reactor:joined thread
[2.189s] INFO:colcon.colcon_core.shell:Creating prefix script '/home/hexmovr02/hexmovr_manager/install/local_setup.ps1'
[2.190s] INFO:colcon.colcon_core.shell:Creating prefix util module '/home/hexmovr02/hexmovr_manager/install/_local_setup_util_ps1.py'
[2.191s] INFO:colcon.colcon_core.shell:Creating prefix chain script '/home/hexmovr02/hexmovr_manager/install/setup.ps1'
[2.193s] INFO:colcon.colcon_core.shell:Creating prefix script '/home/hexmovr02/hexmovr_manager/install/local_setup.sh'
[2.193s] INFO:colcon.colcon_core.shell:Creating prefix util module '/home/hexmovr02/hexmovr_manager/install/_local_setup_util_sh.py'
[2.194s] INFO:colcon.colcon_core.shell:Creating prefix chain script '/home/hexmovr02/hexmovr_manager/install/setup.sh'
[2.195s] INFO:colcon.colcon_core.shell:Creating prefix script '/home/hexmovr02/hexmovr_manager/install/local_setup.bash'
[2.196s] INFO:colcon.colcon_core.shell:Creating prefix chain script '/home/hexmovr02/hexmovr_manager/install/setup.bash'
[2.197s] INFO:colcon.colcon_core.shell:Creating prefix script '/home/hexmovr02/hexmovr_manager/install/local_setup.zsh'
[2.197s] INFO:colcon.colcon_core.shell:Creating prefix chain script '/home/hexmovr02/hexmovr_manager/install/setup.zsh'
