running egg_info
writing ../../build/hexmovr_motor_example/hexmovr_motor_example.egg-info/PKG-INFO
writing dependency_links to ../../build/hexmovr_motor_example/hexmovr_motor_example.egg-info/dependency_links.txt
writing entry points to ../../build/hexmovr_motor_example/hexmovr_motor_example.egg-info/entry_points.txt
writing requirements to ../../build/hexmovr_motor_example/hexmovr_motor_example.egg-info/requires.txt
writing top-level names to ../../build/hexmovr_motor_example/hexmovr_motor_example.egg-info/top_level.txt
reading manifest file '../../build/hexmovr_motor_example/hexmovr_motor_example.egg-info/SOURCES.txt'
writing manifest file '../../build/hexmovr_motor_example/hexmovr_motor_example.egg-info/SOURCES.txt'
running build
running build_py
running install
running install_lib
running install_data
running install_egg_info
removing '/home/hexmovr02/hexmovr_manager/install/hexmovr_motor_example/lib/python3.10/site-packages/hexmovr_motor_example-0.1.0-py3.10.egg-info' (and everything under it)
Copying ../../build/hexmovr_motor_example/hexmovr_motor_example.egg-info to /home/hexmovr02/hexmovr_manager/install/hexmovr_motor_example/lib/python3.10/site-packages/hexmovr_motor_example-0.1.0-py3.10.egg-info
running install_scripts
Installing motor_demo script to /home/hexmovr02/hexmovr_manager/install/hexmovr_motor_example/lib/hexmovr_motor_example
Installing motor_direct_library script to /home/hexmovr02/hexmovr_manager/install/hexmovr_motor_example/lib/hexmovr_motor_example
writing list of installed files to '/home/hexmovr02/hexmovr_manager/build/hexmovr_motor_example/install.log'
