running egg_info
creating ../../build/hexmovr_moto_manager/hexmovr_moto_manager.egg-info
writing ../../build/hexmovr_moto_manager/hexmovr_moto_manager.egg-info/PKG-INFO
writing dependency_links to ../../build/hexmovr_moto_manager/hexmovr_moto_manager.egg-info/dependency_links.txt
writing requirements to ../../build/hexmovr_moto_manager/hexmovr_moto_manager.egg-info/requires.txt
writing top-level names to ../../build/hexmovr_moto_manager/hexmovr_moto_manager.egg-info/top_level.txt
writing manifest file '../../build/hexmovr_moto_manager/hexmovr_moto_manager.egg-info/SOURCES.txt'
reading manifest file '../../build/hexmovr_moto_manager/hexmovr_moto_manager.egg-info/SOURCES.txt'
writing manifest file '../../build/hexmovr_moto_manager/hexmovr_moto_manager.egg-info/SOURCES.txt'
running build
running build_py
creating /home/hexmovr02/hexmovr_manager/build/hexmovr_moto_manager/build
creating /home/hexmovr02/hexmovr_manager/build/hexmovr_moto_manager/build/lib
creating /home/hexmovr02/hexmovr_manager/build/hexmovr_moto_manager/build/lib/hexmovr_moto_manager
copying hexmovr_moto_manager/moto_scaner.py -> /home/hexmovr02/hexmovr_manager/build/hexmovr_moto_manager/build/lib/hexmovr_moto_manager
copying hexmovr_moto_manager/can_transport.py -> /home/hexmovr02/hexmovr_manager/build/hexmovr_moto_manager/build/lib/hexmovr_moto_manager
copying hexmovr_moto_manager/hexmovr_client.py -> /home/hexmovr02/hexmovr_manager/build/hexmovr_moto_manager/build/lib/hexmovr_moto_manager
copying hexmovr_moto_manager/__init__.py -> /home/hexmovr02/hexmovr_manager/build/hexmovr_moto_manager/build/lib/hexmovr_moto_manager
copying hexmovr_moto_manager/hexmovr_protocol.py -> /home/hexmovr02/hexmovr_manager/build/hexmovr_moto_manager/build/lib/hexmovr_moto_manager
running build_scripts
creating /home/hexmovr02/hexmovr_manager/build/hexmovr_moto_manager/build/scripts-3.10
copying and adjusting scripts/moto_scaner -> /home/hexmovr02/hexmovr_manager/build/hexmovr_moto_manager/build/scripts-3.10
changing mode of /home/hexmovr02/hexmovr_manager/build/hexmovr_moto_manager/build/scripts-3.10/moto_scaner from 664 to 775
running install
running install_lib
creating /home/hexmovr02/hexmovr_manager/install/hexmovr_moto_manager/lib/python3.10/site-packages/hexmovr_moto_manager
copying /home/hexmovr02/hexmovr_manager/build/hexmovr_moto_manager/build/lib/hexmovr_moto_manager/moto_scaner.py -> /home/hexmovr02/hexmovr_manager/install/hexmovr_moto_manager/lib/python3.10/site-packages/hexmovr_moto_manager
copying /home/hexmovr02/hexmovr_manager/build/hexmovr_moto_manager/build/lib/hexmovr_moto_manager/can_transport.py -> /home/hexmovr02/hexmovr_manager/install/hexmovr_moto_manager/lib/python3.10/site-packages/hexmovr_moto_manager
copying /home/hexmovr02/hexmovr_manager/build/hexmovr_moto_manager/build/lib/hexmovr_moto_manager/hexmovr_client.py -> /home/hexmovr02/hexmovr_manager/install/hexmovr_moto_manager/lib/python3.10/site-packages/hexmovr_moto_manager
copying /home/hexmovr02/hexmovr_manager/build/hexmovr_moto_manager/build/lib/hexmovr_moto_manager/__init__.py -> /home/hexmovr02/hexmovr_manager/install/hexmovr_moto_manager/lib/python3.10/site-packages/hexmovr_moto_manager
copying /home/hexmovr02/hexmovr_manager/build/hexmovr_moto_manager/build/lib/hexmovr_moto_manager/hexmovr_protocol.py -> /home/hexmovr02/hexmovr_manager/install/hexmovr_moto_manager/lib/python3.10/site-packages/hexmovr_moto_manager
byte-compiling /home/hexmovr02/hexmovr_manager/install/hexmovr_moto_manager/lib/python3.10/site-packages/hexmovr_moto_manager/moto_scaner.py to moto_scaner.cpython-310.pyc
byte-compiling /home/hexmovr02/hexmovr_manager/install/hexmovr_moto_manager/lib/python3.10/site-packages/hexmovr_moto_manager/can_transport.py to can_transport.cpython-310.pyc
byte-compiling /home/hexmovr02/hexmovr_manager/install/hexmovr_moto_manager/lib/python3.10/site-packages/hexmovr_moto_manager/hexmovr_client.py to hexmovr_client.cpython-310.pyc
byte-compiling /home/hexmovr02/hexmovr_manager/install/hexmovr_moto_manager/lib/python3.10/site-packages/hexmovr_moto_manager/__init__.py to __init__.cpython-310.pyc
byte-compiling /home/hexmovr02/hexmovr_manager/install/hexmovr_moto_manager/lib/python3.10/site-packages/hexmovr_moto_manager/hexmovr_protocol.py to hexmovr_protocol.cpython-310.pyc
running install_data
creating /home/hexmovr02/hexmovr_manager/install/hexmovr_moto_manager/share/ament_index
creating /home/hexmovr02/hexmovr_manager/install/hexmovr_moto_manager/share/ament_index/resource_index
creating /home/hexmovr02/hexmovr_manager/install/hexmovr_moto_manager/share/ament_index/resource_index/packages
copying resource/hexmovr_moto_manager -> /home/hexmovr02/hexmovr_manager/install/hexmovr_moto_manager/share/ament_index/resource_index/packages
copying package.xml -> /home/hexmovr02/hexmovr_manager/install/hexmovr_moto_manager/share/hexmovr_moto_manager
creating /home/hexmovr02/hexmovr_manager/install/hexmovr_moto_manager/share/hexmovr_moto_manager/launch
copying launch/hexmovr_manager_headless.launch.py -> /home/hexmovr02/hexmovr_manager/install/hexmovr_moto_manager/share/hexmovr_moto_manager/launch
copying launch/hexmovr_manager.launch.py -> /home/hexmovr02/hexmovr_manager/install/hexmovr_moto_manager/share/hexmovr_moto_manager/launch
creating /home/hexmovr02/hexmovr_manager/install/hexmovr_moto_manager/share/hexmovr_moto_manager/rviz
copying rviz/hexmovr_manager.rviz -> /home/hexmovr02/hexmovr_manager/install/hexmovr_moto_manager/share/hexmovr_moto_manager/rviz
running install_egg_info
Copying ../../build/hexmovr_moto_manager/hexmovr_moto_manager.egg-info to /home/hexmovr02/hexmovr_manager/install/hexmovr_moto_manager/lib/python3.10/site-packages/hexmovr_moto_manager-0.0.0-py3.10.egg-info
running install_scripts
creating /home/hexmovr02/hexmovr_manager/install/hexmovr_moto_manager/lib/hexmovr_moto_manager
copying /home/hexmovr02/hexmovr_manager/build/hexmovr_moto_manager/build/scripts-3.10/moto_scaner -> /home/hexmovr02/hexmovr_manager/install/hexmovr_moto_manager/lib/hexmovr_moto_manager
changing mode of /home/hexmovr02/hexmovr_manager/install/hexmovr_moto_manager/lib/hexmovr_moto_manager/moto_scaner to 775
writing list of installed files to '/home/hexmovr02/hexmovr_manager/build/hexmovr_moto_manager/install.log'
